2025-12-03 03:17:11,154 - opensearch - INFO - PUT https://localhost:9200/corporate_data [status:200 request:0.955s]
2025-12-03 03:17:11,156 - opensearch_manager - INFO - Индекс 'corporate_data' успешно создан.
2025-12-03 03:17:11,158 - opensearch_manager - WARNING - Папка json_data не найдена. Создана пустая папка.
2025-12-03 03:17:11,706 - opensearch - INFO - POST https://localhost:9200/corporate_data/_delete_by_query [status:200 request:0.547s]
2025-12-03 03:17:11,707 - opensearch_manager - INFO - Удалено устаревших документов: 0
2025-12-03 03:17:12,000 - opensearch - INFO - POST https://localhost:9200/corporate_data/_search [status:200 request:0.292s]
2025-12-03 03:17:12,108 - opensearch - INFO - POST https://localhost:9200/corporate_data/_search [status:200 request:0.106s]
2025-12-03 03:17:56,066 - opensearch - INFO - HEAD https://localhost:9200/corporate_data [status:200 request:0.107s]
2025-12-03 03:17:56,067 - opensearch_manager - INFO - Индекс 'corporate_data' уже существует.
2025-12-03 03:17:56,069 - opensearch_manager - WARNING - Папка data не найдена. Создана пустая папка.
2025-12-03 03:17:56,095 - opensearch - INFO - POST https://localhost:9200/corporate_data/_delete_by_query [status:200 request:0.025s]
2025-12-03 03:17:56,097 - opensearch_manager - INFO - Удалено устаревших документов: 0
2025-12-03 03:17:56,199 - opensearch - INFO - POST https://localhost:9200/corporate_data/_search [status:200 request:0.101s]
2025-12-03 03:17:56,220 - opensearch - INFO - POST https://localhost:9200/corporate_data/_search [status:200 request:0.020s]
2025-12-03 03:20:48,242 - opensearch - INFO - HEAD https://localhost:9200/corporate_data [status:200 request:0.119s]
2025-12-03 03:20:48,245 - opensearch_manager - INFO - Индекс 'corporate_data' уже существует.
2025-12-03 03:20:48,953 - opensearch - INFO - POST https://localhost:9200/_bulk [status:200 request:0.583s]
2025-12-03 03:20:48,955 - opensearch_manager - INFO - Загружено документов: 59, Ошибок: []
2025-12-03 03:20:49,296 - opensearch - INFO - POST https://localhost:9200/corporate_data/_refresh [status:200 request:0.340s]
2025-12-03 03:20:49,375 - opensearch - INFO - POST https://localhost:9200/corporate_data/_delete_by_query [status:200 request:0.078s]
2025-12-03 03:20:49,375 - opensearch_manager - INFO - Удалено устаревших документов: 0
2025-12-03 03:20:49,472 - opensearch - INFO - POST https://localhost:9200/corporate_data/_search [status:200 request:0.095s]
2025-12-03 03:20:49,908 - opensearch - INFO - POST https://localhost:9200/corporate_data/_search [status:200 request:0.435s]
2025-12-03 04:55:42,323 - opensearch - INFO - HEAD https://localhost:9200/corporate_data [status:200 request:0.518s]
2025-12-03 04:55:42,324 - opensearch_manager - INFO - Индекс 'corporate_data' уже существует.
2025-12-03 04:55:43,536 - opensearch - INFO - POST https://localhost:9200/_bulk [status:200 request:0.753s]
2025-12-03 04:55:43,541 - opensearch_manager - INFO - Загружено документов: 180, Ошибок: []
2025-12-03 04:55:43,951 - opensearch - INFO - POST https://localhost:9200/corporate_data/_refresh [status:200 request:0.410s]
2025-12-03 04:55:44,011 - opensearch - INFO - POST https://localhost:9200/corporate_data/_delete_by_query [status:200 request:0.058s]
2025-12-03 04:55:44,012 - opensearch_manager - INFO - Удалено устаревших документов: 0
2025-12-03 04:55:44,160 - opensearch - INFO - POST https://localhost:9200/corporate_data/_search [status:200 request:0.148s]
2025-12-03 04:55:44,245 - opensearch - INFO - POST https://localhost:9200/corporate_data/_search [status:200 request:0.083s]
<<<<<<< HEAD
2025-12-05 18:35:09,826 - opensearch - WARNING - HEAD https://localhost:9200/corporate_data [status:N/A request:4.149s]
Traceback (most recent call last):
  File "C:\Users\kirik\OneDrive\Документы\GitHub\-CyberMiceHackathon\venv\Lib\site-packages\urllib3\connection.py", line 198, in _new_conn
    sock = connection.create_connection(
           ^^^^^^^^^^^^^^^^^^^^^^^^^^^^^
  File "C:\Users\kirik\OneDrive\Документы\GitHub\-CyberMiceHackathon\venv\Lib\site-packages\urllib3\util\connection.py", line 85, in create_connection
    raise err
  File "C:\Users\kirik\OneDrive\Документы\GitHub\-CyberMiceHackathon\venv\Lib\site-packages\urllib3\util\connection.py", line 73, in create_connection
=======
2025-12-04 03:49:31,927 - opensearch - WARNING - HEAD https://localhost:9200/corporate_data [status:N/A request:4.127s]
Traceback (most recent call last):
  File "C:\Users\OLEGZ\.pyenv\pyenv-win\versions\3.11.9\Lib\site-packages\urllib3\connection.py", line 198, in _new_conn
    sock = connection.create_connection(
           ^^^^^^^^^^^^^^^^^^^^^^^^^^^^^
  File "C:\Users\OLEGZ\.pyenv\pyenv-win\versions\3.11.9\Lib\site-packages\urllib3\util\connection.py", line 85, in create_connection
    raise err
  File "C:\Users\OLEGZ\.pyenv\pyenv-win\versions\3.11.9\Lib\site-packages\urllib3\util\connection.py", line 73, in create_connection
>>>>>>> dc04f114bdb9466ce324fc103f45d43164fc729c
    sock.connect(sa)
ConnectionRefusedError: [WinError 10061] Подключение не установлено, т.к. конечный компьютер отверг запрос на подключение

The above exception was the direct cause of the following exception:

Traceback (most recent call last):
<<<<<<< HEAD
  File "C:\Users\kirik\OneDrive\Документы\GitHub\-CyberMiceHackathon\venv\Lib\site-packages\opensearchpy\connection\http_urllib3.py", line 280, in perform_request
    response = self.pool.urlopen(
               ^^^^^^^^^^^^^^^^^^
  File "C:\Users\kirik\OneDrive\Документы\GitHub\-CyberMiceHackathon\venv\Lib\site-packages\urllib3\connectionpool.py", line 841, in urlopen
    retries = retries.increment(
              ^^^^^^^^^^^^^^^^^^
  File "C:\Users\kirik\OneDrive\Документы\GitHub\-CyberMiceHackathon\venv\Lib\site-packages\urllib3\util\retry.py", line 449, in increment
    raise reraise(type(error), error, _stacktrace)
          ^^^^^^^^^^^^^^^^^^^^^^^^^^^^^^^^^^^^^^^^
  File "C:\Users\kirik\OneDrive\Документы\GitHub\-CyberMiceHackathon\venv\Lib\site-packages\urllib3\util\util.py", line 39, in reraise
    raise value
  File "C:\Users\kirik\OneDrive\Документы\GitHub\-CyberMiceHackathon\venv\Lib\site-packages\urllib3\connectionpool.py", line 787, in urlopen
    response = self._make_request(
               ^^^^^^^^^^^^^^^^^^^
  File "C:\Users\kirik\OneDrive\Документы\GitHub\-CyberMiceHackathon\venv\Lib\site-packages\urllib3\connectionpool.py", line 488, in _make_request
    raise new_e
  File "C:\Users\kirik\OneDrive\Документы\GitHub\-CyberMiceHackathon\venv\Lib\site-packages\urllib3\connectionpool.py", line 464, in _make_request
    self._validate_conn(conn)
  File "C:\Users\kirik\OneDrive\Документы\GitHub\-CyberMiceHackathon\venv\Lib\site-packages\urllib3\connectionpool.py", line 1093, in _validate_conn
    conn.connect()
  File "C:\Users\kirik\OneDrive\Документы\GitHub\-CyberMiceHackathon\venv\Lib\site-packages\urllib3\connection.py", line 753, in connect
    self.sock = sock = self._new_conn()
                       ^^^^^^^^^^^^^^^^
  File "C:\Users\kirik\OneDrive\Документы\GitHub\-CyberMiceHackathon\venv\Lib\site-packages\urllib3\connection.py", line 213, in _new_conn
    raise NewConnectionError(
urllib3.exceptions.NewConnectionError: <urllib3.connection.HTTPSConnection object at 0x000001F8A4309C90>: Failed to establish a new connection: [WinError 10061] Подключение не установлено, т.к. конечный компьютер отверг запрос на подключение
2025-12-05 18:35:13,947 - opensearch - WARNING - HEAD https://localhost:9200/corporate_data [status:N/A request:4.114s]
Traceback (most recent call last):
  File "C:\Users\kirik\OneDrive\Документы\GitHub\-CyberMiceHackathon\venv\Lib\site-packages\urllib3\connection.py", line 198, in _new_conn
    sock = connection.create_connection(
           ^^^^^^^^^^^^^^^^^^^^^^^^^^^^^
  File "C:\Users\kirik\OneDrive\Документы\GitHub\-CyberMiceHackathon\venv\Lib\site-packages\urllib3\util\connection.py", line 85, in create_connection
    raise err
  File "C:\Users\kirik\OneDrive\Документы\GitHub\-CyberMiceHackathon\venv\Lib\site-packages\urllib3\util\connection.py", line 73, in create_connection
=======
  File "C:\Users\OLEGZ\.pyenv\pyenv-win\versions\3.11.9\Lib\site-packages\opensearchpy\connection\http_urllib3.py", line 280, in perform_request
    response = self.pool.urlopen(
               ^^^^^^^^^^^^^^^^^^
  File "C:\Users\OLEGZ\.pyenv\pyenv-win\versions\3.11.9\Lib\site-packages\urllib3\connectionpool.py", line 841, in urlopen
    retries = retries.increment(
              ^^^^^^^^^^^^^^^^^^
  File "C:\Users\OLEGZ\.pyenv\pyenv-win\versions\3.11.9\Lib\site-packages\urllib3\util\retry.py", line 449, in increment
    raise reraise(type(error), error, _stacktrace)
          ^^^^^^^^^^^^^^^^^^^^^^^^^^^^^^^^^^^^^^^^
  File "C:\Users\OLEGZ\.pyenv\pyenv-win\versions\3.11.9\Lib\site-packages\urllib3\util\util.py", line 39, in reraise
    raise value
  File "C:\Users\OLEGZ\.pyenv\pyenv-win\versions\3.11.9\Lib\site-packages\urllib3\connectionpool.py", line 787, in urlopen
    response = self._make_request(
               ^^^^^^^^^^^^^^^^^^^
  File "C:\Users\OLEGZ\.pyenv\pyenv-win\versions\3.11.9\Lib\site-packages\urllib3\connectionpool.py", line 488, in _make_request
    raise new_e
  File "C:\Users\OLEGZ\.pyenv\pyenv-win\versions\3.11.9\Lib\site-packages\urllib3\connectionpool.py", line 464, in _make_request
    self._validate_conn(conn)
  File "C:\Users\OLEGZ\.pyenv\pyenv-win\versions\3.11.9\Lib\site-packages\urllib3\connectionpool.py", line 1093, in _validate_conn
    conn.connect()
  File "C:\Users\OLEGZ\.pyenv\pyenv-win\versions\3.11.9\Lib\site-packages\urllib3\connection.py", line 753, in connect
    self.sock = sock = self._new_conn()
                       ^^^^^^^^^^^^^^^^
  File "C:\Users\OLEGZ\.pyenv\pyenv-win\versions\3.11.9\Lib\site-packages\urllib3\connection.py", line 213, in _new_conn
    raise NewConnectionError(
urllib3.exceptions.NewConnectionError: <urllib3.connection.HTTPSConnection object at 0x0000022311D27B10>: Failed to establish a new connection: [WinError 10061] Подключение не установлено, т.к. конечный компьютер отверг запрос на подключение
2025-12-04 03:49:36,066 - opensearch - WARNING - HEAD https://localhost:9200/corporate_data [status:N/A request:4.079s]
Traceback (most recent call last):
  File "C:\Users\OLEGZ\.pyenv\pyenv-win\versions\3.11.9\Lib\site-packages\urllib3\connection.py", line 198, in _new_conn
    sock = connection.create_connection(
           ^^^^^^^^^^^^^^^^^^^^^^^^^^^^^
  File "C:\Users\OLEGZ\.pyenv\pyenv-win\versions\3.11.9\Lib\site-packages\urllib3\util\connection.py", line 85, in create_connection
    raise err
  File "C:\Users\OLEGZ\.pyenv\pyenv-win\versions\3.11.9\Lib\site-packages\urllib3\util\connection.py", line 73, in create_connection
>>>>>>> dc04f114bdb9466ce324fc103f45d43164fc729c
    sock.connect(sa)
ConnectionRefusedError: [WinError 10061] Подключение не установлено, т.к. конечный компьютер отверг запрос на подключение

The above exception was the direct cause of the following exception:

Traceback (most recent call last):
<<<<<<< HEAD
  File "C:\Users\kirik\OneDrive\Документы\GitHub\-CyberMiceHackathon\venv\Lib\site-packages\opensearchpy\connection\http_urllib3.py", line 280, in perform_request
    response = self.pool.urlopen(
               ^^^^^^^^^^^^^^^^^^
  File "C:\Users\kirik\OneDrive\Документы\GitHub\-CyberMiceHackathon\venv\Lib\site-packages\urllib3\connectionpool.py", line 841, in urlopen
    retries = retries.increment(
              ^^^^^^^^^^^^^^^^^^
  File "C:\Users\kirik\OneDrive\Документы\GitHub\-CyberMiceHackathon\venv\Lib\site-packages\urllib3\util\retry.py", line 449, in increment
    raise reraise(type(error), error, _stacktrace)
          ^^^^^^^^^^^^^^^^^^^^^^^^^^^^^^^^^^^^^^^^
  File "C:\Users\kirik\OneDrive\Документы\GitHub\-CyberMiceHackathon\venv\Lib\site-packages\urllib3\util\util.py", line 39, in reraise
    raise value
  File "C:\Users\kirik\OneDrive\Документы\GitHub\-CyberMiceHackathon\venv\Lib\site-packages\urllib3\connectionpool.py", line 787, in urlopen
    response = self._make_request(
               ^^^^^^^^^^^^^^^^^^^
  File "C:\Users\kirik\OneDrive\Документы\GitHub\-CyberMiceHackathon\venv\Lib\site-packages\urllib3\connectionpool.py", line 488, in _make_request
    raise new_e
  File "C:\Users\kirik\OneDrive\Документы\GitHub\-CyberMiceHackathon\venv\Lib\site-packages\urllib3\connectionpool.py", line 464, in _make_request
    self._validate_conn(conn)
  File "C:\Users\kirik\OneDrive\Документы\GitHub\-CyberMiceHackathon\venv\Lib\site-packages\urllib3\connectionpool.py", line 1093, in _validate_conn
    conn.connect()
  File "C:\Users\kirik\OneDrive\Документы\GitHub\-CyberMiceHackathon\venv\Lib\site-packages\urllib3\connection.py", line 753, in connect
    self.sock = sock = self._new_conn()
                       ^^^^^^^^^^^^^^^^
  File "C:\Users\kirik\OneDrive\Документы\GitHub\-CyberMiceHackathon\venv\Lib\site-packages\urllib3\connection.py", line 213, in _new_conn
    raise NewConnectionError(
urllib3.exceptions.NewConnectionError: <urllib3.connection.HTTPSConnection object at 0x000001F8A3C2B410>: Failed to establish a new connection: [WinError 10061] Подключение не установлено, т.к. конечный компьютер отверг запрос на подключение
2025-12-05 18:35:18,003 - opensearch - WARNING - HEAD https://localhost:9200/corporate_data [status:N/A request:4.052s]
Traceback (most recent call last):
  File "C:\Users\kirik\OneDrive\Документы\GitHub\-CyberMiceHackathon\venv\Lib\site-packages\urllib3\connection.py", line 198, in _new_conn
    sock = connection.create_connection(
           ^^^^^^^^^^^^^^^^^^^^^^^^^^^^^
  File "C:\Users\kirik\OneDrive\Документы\GitHub\-CyberMiceHackathon\venv\Lib\site-packages\urllib3\util\connection.py", line 85, in create_connection
    raise err
  File "C:\Users\kirik\OneDrive\Документы\GitHub\-CyberMiceHackathon\venv\Lib\site-packages\urllib3\util\connection.py", line 73, in create_connection
=======
  File "C:\Users\OLEGZ\.pyenv\pyenv-win\versions\3.11.9\Lib\site-packages\opensearchpy\connection\http_urllib3.py", line 280, in perform_request
    response = self.pool.urlopen(
               ^^^^^^^^^^^^^^^^^^
  File "C:\Users\OLEGZ\.pyenv\pyenv-win\versions\3.11.9\Lib\site-packages\urllib3\connectionpool.py", line 841, in urlopen
    retries = retries.increment(
              ^^^^^^^^^^^^^^^^^^
  File "C:\Users\OLEGZ\.pyenv\pyenv-win\versions\3.11.9\Lib\site-packages\urllib3\util\retry.py", line 449, in increment
    raise reraise(type(error), error, _stacktrace)
          ^^^^^^^^^^^^^^^^^^^^^^^^^^^^^^^^^^^^^^^^
  File "C:\Users\OLEGZ\.pyenv\pyenv-win\versions\3.11.9\Lib\site-packages\urllib3\util\util.py", line 39, in reraise
    raise value
  File "C:\Users\OLEGZ\.pyenv\pyenv-win\versions\3.11.9\Lib\site-packages\urllib3\connectionpool.py", line 787, in urlopen
    response = self._make_request(
               ^^^^^^^^^^^^^^^^^^^
  File "C:\Users\OLEGZ\.pyenv\pyenv-win\versions\3.11.9\Lib\site-packages\urllib3\connectionpool.py", line 488, in _make_request
    raise new_e
  File "C:\Users\OLEGZ\.pyenv\pyenv-win\versions\3.11.9\Lib\site-packages\urllib3\connectionpool.py", line 464, in _make_request
    self._validate_conn(conn)
  File "C:\Users\OLEGZ\.pyenv\pyenv-win\versions\3.11.9\Lib\site-packages\urllib3\connectionpool.py", line 1093, in _validate_conn
    conn.connect()
  File "C:\Users\OLEGZ\.pyenv\pyenv-win\versions\3.11.9\Lib\site-packages\urllib3\connection.py", line 753, in connect
    self.sock = sock = self._new_conn()
                       ^^^^^^^^^^^^^^^^
  File "C:\Users\OLEGZ\.pyenv\pyenv-win\versions\3.11.9\Lib\site-packages\urllib3\connection.py", line 213, in _new_conn
    raise NewConnectionError(
urllib3.exceptions.NewConnectionError: <urllib3.connection.HTTPSConnection object at 0x000002230F446750>: Failed to establish a new connection: [WinError 10061] Подключение не установлено, т.к. конечный компьютер отверг запрос на подключение
2025-12-04 03:49:40,149 - opensearch - WARNING - HEAD https://localhost:9200/corporate_data [status:N/A request:4.074s]
Traceback (most recent call last):
  File "C:\Users\OLEGZ\.pyenv\pyenv-win\versions\3.11.9\Lib\site-packages\urllib3\connection.py", line 198, in _new_conn
    sock = connection.create_connection(
           ^^^^^^^^^^^^^^^^^^^^^^^^^^^^^
  File "C:\Users\OLEGZ\.pyenv\pyenv-win\versions\3.11.9\Lib\site-packages\urllib3\util\connection.py", line 85, in create_connection
    raise err
  File "C:\Users\OLEGZ\.pyenv\pyenv-win\versions\3.11.9\Lib\site-packages\urllib3\util\connection.py", line 73, in create_connection
>>>>>>> dc04f114bdb9466ce324fc103f45d43164fc729c
    sock.connect(sa)
ConnectionRefusedError: [WinError 10061] Подключение не установлено, т.к. конечный компьютер отверг запрос на подключение

The above exception was the direct cause of the following exception:

Traceback (most recent call last):
<<<<<<< HEAD
  File "C:\Users\kirik\OneDrive\Документы\GitHub\-CyberMiceHackathon\venv\Lib\site-packages\opensearchpy\connection\http_urllib3.py", line 280, in perform_request
    response = self.pool.urlopen(
               ^^^^^^^^^^^^^^^^^^
  File "C:\Users\kirik\OneDrive\Документы\GitHub\-CyberMiceHackathon\venv\Lib\site-packages\urllib3\connectionpool.py", line 841, in urlopen
    retries = retries.increment(
              ^^^^^^^^^^^^^^^^^^
  File "C:\Users\kirik\OneDrive\Документы\GitHub\-CyberMiceHackathon\venv\Lib\site-packages\urllib3\util\retry.py", line 449, in increment
    raise reraise(type(error), error, _stacktrace)
          ^^^^^^^^^^^^^^^^^^^^^^^^^^^^^^^^^^^^^^^^
  File "C:\Users\kirik\OneDrive\Документы\GitHub\-CyberMiceHackathon\venv\Lib\site-packages\urllib3\util\util.py", line 39, in reraise
    raise value
  File "C:\Users\kirik\OneDrive\Документы\GitHub\-CyberMiceHackathon\venv\Lib\site-packages\urllib3\connectionpool.py", line 787, in urlopen
    response = self._make_request(
               ^^^^^^^^^^^^^^^^^^^
  File "C:\Users\kirik\OneDrive\Документы\GitHub\-CyberMiceHackathon\venv\Lib\site-packages\urllib3\connectionpool.py", line 488, in _make_request
    raise new_e
  File "C:\Users\kirik\OneDrive\Документы\GitHub\-CyberMiceHackathon\venv\Lib\site-packages\urllib3\connectionpool.py", line 464, in _make_request
    self._validate_conn(conn)
  File "C:\Users\kirik\OneDrive\Документы\GitHub\-CyberMiceHackathon\venv\Lib\site-packages\urllib3\connectionpool.py", line 1093, in _validate_conn
    conn.connect()
  File "C:\Users\kirik\OneDrive\Документы\GitHub\-CyberMiceHackathon\venv\Lib\site-packages\urllib3\connection.py", line 753, in connect
    self.sock = sock = self._new_conn()
                       ^^^^^^^^^^^^^^^^
  File "C:\Users\kirik\OneDrive\Документы\GitHub\-CyberMiceHackathon\venv\Lib\site-packages\urllib3\connection.py", line 213, in _new_conn
    raise NewConnectionError(
urllib3.exceptions.NewConnectionError: <urllib3.connection.HTTPSConnection object at 0x000001F8A432B850>: Failed to establish a new connection: [WinError 10061] Подключение не установлено, т.к. конечный компьютер отверг запрос на подключение
2025-12-05 18:35:22,071 - opensearch - WARNING - HEAD https://localhost:9200/corporate_data [status:N/A request:4.068s]
Traceback (most recent call last):
  File "C:\Users\kirik\OneDrive\Документы\GitHub\-CyberMiceHackathon\venv\Lib\site-packages\urllib3\connection.py", line 198, in _new_conn
    sock = connection.create_connection(
           ^^^^^^^^^^^^^^^^^^^^^^^^^^^^^
  File "C:\Users\kirik\OneDrive\Документы\GitHub\-CyberMiceHackathon\venv\Lib\site-packages\urllib3\util\connection.py", line 85, in create_connection
    raise err
  File "C:\Users\kirik\OneDrive\Документы\GitHub\-CyberMiceHackathon\venv\Lib\site-packages\urllib3\util\connection.py", line 73, in create_connection
=======
  File "C:\Users\OLEGZ\.pyenv\pyenv-win\versions\3.11.9\Lib\site-packages\opensearchpy\connection\http_urllib3.py", line 280, in perform_request
    response = self.pool.urlopen(
               ^^^^^^^^^^^^^^^^^^
  File "C:\Users\OLEGZ\.pyenv\pyenv-win\versions\3.11.9\Lib\site-packages\urllib3\connectionpool.py", line 841, in urlopen
    retries = retries.increment(
              ^^^^^^^^^^^^^^^^^^
  File "C:\Users\OLEGZ\.pyenv\pyenv-win\versions\3.11.9\Lib\site-packages\urllib3\util\retry.py", line 449, in increment
    raise reraise(type(error), error, _stacktrace)
          ^^^^^^^^^^^^^^^^^^^^^^^^^^^^^^^^^^^^^^^^
  File "C:\Users\OLEGZ\.pyenv\pyenv-win\versions\3.11.9\Lib\site-packages\urllib3\util\util.py", line 39, in reraise
    raise value
  File "C:\Users\OLEGZ\.pyenv\pyenv-win\versions\3.11.9\Lib\site-packages\urllib3\connectionpool.py", line 787, in urlopen
    response = self._make_request(
               ^^^^^^^^^^^^^^^^^^^
  File "C:\Users\OLEGZ\.pyenv\pyenv-win\versions\3.11.9\Lib\site-packages\urllib3\connectionpool.py", line 488, in _make_request
    raise new_e
  File "C:\Users\OLEGZ\.pyenv\pyenv-win\versions\3.11.9\Lib\site-packages\urllib3\connectionpool.py", line 464, in _make_request
    self._validate_conn(conn)
  File "C:\Users\OLEGZ\.pyenv\pyenv-win\versions\3.11.9\Lib\site-packages\urllib3\connectionpool.py", line 1093, in _validate_conn
    conn.connect()
  File "C:\Users\OLEGZ\.pyenv\pyenv-win\versions\3.11.9\Lib\site-packages\urllib3\connection.py", line 753, in connect
    self.sock = sock = self._new_conn()
                       ^^^^^^^^^^^^^^^^
  File "C:\Users\OLEGZ\.pyenv\pyenv-win\versions\3.11.9\Lib\site-packages\urllib3\connection.py", line 213, in _new_conn
    raise NewConnectionError(
urllib3.exceptions.NewConnectionError: <urllib3.connection.HTTPSConnection object at 0x00000223128BD5D0>: Failed to establish a new connection: [WinError 10061] Подключение не установлено, т.к. конечный компьютер отверг запрос на подключение
2025-12-04 03:49:44,245 - opensearch - WARNING - HEAD https://localhost:9200/corporate_data [status:N/A request:4.092s]
Traceback (most recent call last):
  File "C:\Users\OLEGZ\.pyenv\pyenv-win\versions\3.11.9\Lib\site-packages\urllib3\connection.py", line 198, in _new_conn
    sock = connection.create_connection(
           ^^^^^^^^^^^^^^^^^^^^^^^^^^^^^
  File "C:\Users\OLEGZ\.pyenv\pyenv-win\versions\3.11.9\Lib\site-packages\urllib3\util\connection.py", line 85, in create_connection
    raise err
  File "C:\Users\OLEGZ\.pyenv\pyenv-win\versions\3.11.9\Lib\site-packages\urllib3\util\connection.py", line 73, in create_connection
>>>>>>> dc04f114bdb9466ce324fc103f45d43164fc729c
    sock.connect(sa)
ConnectionRefusedError: [WinError 10061] Подключение не установлено, т.к. конечный компьютер отверг запрос на подключение

The above exception was the direct cause of the following exception:

Traceback (most recent call last):
<<<<<<< HEAD
  File "C:\Users\kirik\OneDrive\Документы\GitHub\-CyberMiceHackathon\venv\Lib\site-packages\opensearchpy\connection\http_urllib3.py", line 280, in perform_request
    response = self.pool.urlopen(
               ^^^^^^^^^^^^^^^^^^
  File "C:\Users\kirik\OneDrive\Документы\GitHub\-CyberMiceHackathon\venv\Lib\site-packages\urllib3\connectionpool.py", line 841, in urlopen
    retries = retries.increment(
              ^^^^^^^^^^^^^^^^^^
  File "C:\Users\kirik\OneDrive\Документы\GitHub\-CyberMiceHackathon\venv\Lib\site-packages\urllib3\util\retry.py", line 449, in increment
    raise reraise(type(error), error, _stacktrace)
          ^^^^^^^^^^^^^^^^^^^^^^^^^^^^^^^^^^^^^^^^
  File "C:\Users\kirik\OneDrive\Документы\GitHub\-CyberMiceHackathon\venv\Lib\site-packages\urllib3\util\util.py", line 39, in reraise
    raise value
  File "C:\Users\kirik\OneDrive\Документы\GitHub\-CyberMiceHackathon\venv\Lib\site-packages\urllib3\connectionpool.py", line 787, in urlopen
    response = self._make_request(
               ^^^^^^^^^^^^^^^^^^^
  File "C:\Users\kirik\OneDrive\Документы\GitHub\-CyberMiceHackathon\venv\Lib\site-packages\urllib3\connectionpool.py", line 488, in _make_request
    raise new_e
  File "C:\Users\kirik\OneDrive\Документы\GitHub\-CyberMiceHackathon\venv\Lib\site-packages\urllib3\connectionpool.py", line 464, in _make_request
    self._validate_conn(conn)
  File "C:\Users\kirik\OneDrive\Документы\GitHub\-CyberMiceHackathon\venv\Lib\site-packages\urllib3\connectionpool.py", line 1093, in _validate_conn
    conn.connect()
  File "C:\Users\kirik\OneDrive\Документы\GitHub\-CyberMiceHackathon\venv\Lib\site-packages\urllib3\connection.py", line 753, in connect
    self.sock = sock = self._new_conn()
                       ^^^^^^^^^^^^^^^^
  File "C:\Users\kirik\OneDrive\Документы\GitHub\-CyberMiceHackathon\venv\Lib\site-packages\urllib3\connection.py", line 213, in _new_conn
    raise NewConnectionError(
urllib3.exceptions.NewConnectionError: <urllib3.connection.HTTPSConnection object at 0x000001F8A4EA0150>: Failed to establish a new connection: [WinError 10061] Подключение не установлено, т.к. конечный компьютер отверг запрос на подключение
2025-12-05 18:36:41,640 - opensearch - WARNING - HEAD https://localhost:9200/corporate_data [status:N/A request:0.049s]
Traceback (most recent call last):
  File "C:\Users\kirik\OneDrive\Документы\GitHub\-CyberMiceHackathon\venv\Lib\site-packages\urllib3\connectionpool.py", line 787, in urlopen
    response = self._make_request(
               ^^^^^^^^^^^^^^^^^^^
  File "C:\Users\kirik\OneDrive\Документы\GitHub\-CyberMiceHackathon\venv\Lib\site-packages\urllib3\connectionpool.py", line 488, in _make_request
    raise new_e
  File "C:\Users\kirik\OneDrive\Документы\GitHub\-CyberMiceHackathon\venv\Lib\site-packages\urllib3\connectionpool.py", line 464, in _make_request
    self._validate_conn(conn)
  File "C:\Users\kirik\OneDrive\Документы\GitHub\-CyberMiceHackathon\venv\Lib\site-packages\urllib3\connectionpool.py", line 1093, in _validate_conn
    conn.connect()
  File "C:\Users\kirik\OneDrive\Документы\GitHub\-CyberMiceHackathon\venv\Lib\site-packages\urllib3\connection.py", line 790, in connect
    sock_and_verified = _ssl_wrap_socket_and_match_hostname(
                        ^^^^^^^^^^^^^^^^^^^^^^^^^^^^^^^^^^^^
  File "C:\Users\kirik\OneDrive\Документы\GitHub\-CyberMiceHackathon\venv\Lib\site-packages\urllib3\connection.py", line 969, in _ssl_wrap_socket_and_match_hostname
    ssl_sock = ssl_wrap_socket(
               ^^^^^^^^^^^^^^^^
  File "C:\Users\kirik\OneDrive\Документы\GitHub\-CyberMiceHackathon\venv\Lib\site-packages\urllib3\util\ssl_.py", line 480, in ssl_wrap_socket
    ssl_sock = _ssl_wrap_socket_impl(sock, context, tls_in_tls, server_hostname)
               ^^^^^^^^^^^^^^^^^^^^^^^^^^^^^^^^^^^^^^^^^^^^^^^^^^^^^^^^^^^^^^^^^
  File "C:\Users\kirik\OneDrive\Документы\GitHub\-CyberMiceHackathon\venv\Lib\site-packages\urllib3\util\ssl_.py", line 524, in _ssl_wrap_socket_impl
    return ssl_context.wrap_socket(sock, server_hostname=server_hostname)
           ^^^^^^^^^^^^^^^^^^^^^^^^^^^^^^^^^^^^^^^^^^^^^^^^^^^^^^^^^^^^^^
  File "C:\Users\kirik\AppData\Local\Programs\Python\Python311\Lib\ssl.py", line 517, in wrap_socket
    return self.sslsocket_class._create(
           ^^^^^^^^^^^^^^^^^^^^^^^^^^^^^
  File "C:\Users\kirik\AppData\Local\Programs\Python\Python311\Lib\ssl.py", line 1104, in _create
    self.do_handshake()
  File "C:\Users\kirik\AppData\Local\Programs\Python\Python311\Lib\ssl.py", line 1382, in do_handshake
    self._sslobj.do_handshake()
ConnectionAbortedError: [WinError 10053] Программа на вашем хост-компьютере разорвала установленное подключение
=======
  File "C:\Users\OLEGZ\.pyenv\pyenv-win\versions\3.11.9\Lib\site-packages\opensearchpy\connection\http_urllib3.py", line 280, in perform_request
    response = self.pool.urlopen(
               ^^^^^^^^^^^^^^^^^^
  File "C:\Users\OLEGZ\.pyenv\pyenv-win\versions\3.11.9\Lib\site-packages\urllib3\connectionpool.py", line 841, in urlopen
    retries = retries.increment(
              ^^^^^^^^^^^^^^^^^^
  File "C:\Users\OLEGZ\.pyenv\pyenv-win\versions\3.11.9\Lib\site-packages\urllib3\util\retry.py", line 449, in increment
    raise reraise(type(error), error, _stacktrace)
          ^^^^^^^^^^^^^^^^^^^^^^^^^^^^^^^^^^^^^^^^
  File "C:\Users\OLEGZ\.pyenv\pyenv-win\versions\3.11.9\Lib\site-packages\urllib3\util\util.py", line 39, in reraise
    raise value
  File "C:\Users\OLEGZ\.pyenv\pyenv-win\versions\3.11.9\Lib\site-packages\urllib3\connectionpool.py", line 787, in urlopen
    response = self._make_request(
               ^^^^^^^^^^^^^^^^^^^
  File "C:\Users\OLEGZ\.pyenv\pyenv-win\versions\3.11.9\Lib\site-packages\urllib3\connectionpool.py", line 488, in _make_request
    raise new_e
  File "C:\Users\OLEGZ\.pyenv\pyenv-win\versions\3.11.9\Lib\site-packages\urllib3\connectionpool.py", line 464, in _make_request
    self._validate_conn(conn)
  File "C:\Users\OLEGZ\.pyenv\pyenv-win\versions\3.11.9\Lib\site-packages\urllib3\connectionpool.py", line 1093, in _validate_conn
    conn.connect()
  File "C:\Users\OLEGZ\.pyenv\pyenv-win\versions\3.11.9\Lib\site-packages\urllib3\connection.py", line 753, in connect
    self.sock = sock = self._new_conn()
                       ^^^^^^^^^^^^^^^^
  File "C:\Users\OLEGZ\.pyenv\pyenv-win\versions\3.11.9\Lib\site-packages\urllib3\connection.py", line 213, in _new_conn
    raise NewConnectionError(
urllib3.exceptions.NewConnectionError: <urllib3.connection.HTTPSConnection object at 0x00000223128BDE90>: Failed to establish a new connection: [WinError 10061] Подключение не установлено, т.к. конечный компьютер отверг запрос на подключение
2025-12-04 03:52:38,257 - opensearch - WARNING - HEAD https://localhost:9200/corporate_data [status:N/A request:0.113s]
Traceback (most recent call last):
  File "C:\Users\OLEGZ\.pyenv\pyenv-win\versions\3.11.9\Lib\site-packages\urllib3\connectionpool.py", line 464, in _make_request
    self._validate_conn(conn)
  File "C:\Users\OLEGZ\.pyenv\pyenv-win\versions\3.11.9\Lib\site-packages\urllib3\connectionpool.py", line 1093, in _validate_conn
    conn.connect()
  File "C:\Users\OLEGZ\.pyenv\pyenv-win\versions\3.11.9\Lib\site-packages\urllib3\connection.py", line 790, in connect
    sock_and_verified = _ssl_wrap_socket_and_match_hostname(
                        ^^^^^^^^^^^^^^^^^^^^^^^^^^^^^^^^^^^^
  File "C:\Users\OLEGZ\.pyenv\pyenv-win\versions\3.11.9\Lib\site-packages\urllib3\connection.py", line 969, in _ssl_wrap_socket_and_match_hostname
    ssl_sock = ssl_wrap_socket(
               ^^^^^^^^^^^^^^^^
  File "C:\Users\OLEGZ\.pyenv\pyenv-win\versions\3.11.9\Lib\site-packages\urllib3\util\ssl_.py", line 480, in ssl_wrap_socket
    ssl_sock = _ssl_wrap_socket_impl(sock, context, tls_in_tls, server_hostname)
               ^^^^^^^^^^^^^^^^^^^^^^^^^^^^^^^^^^^^^^^^^^^^^^^^^^^^^^^^^^^^^^^^^
  File "C:\Users\OLEGZ\.pyenv\pyenv-win\versions\3.11.9\Lib\site-packages\urllib3\util\ssl_.py", line 524, in _ssl_wrap_socket_impl
    return ssl_context.wrap_socket(sock, server_hostname=server_hostname)
           ^^^^^^^^^^^^^^^^^^^^^^^^^^^^^^^^^^^^^^^^^^^^^^^^^^^^^^^^^^^^^^
  File "C:\Users\OLEGZ\.pyenv\pyenv-win\versions\3.11.9\Lib\ssl.py", line 517, in wrap_socket
    return self.sslsocket_class._create(
           ^^^^^^^^^^^^^^^^^^^^^^^^^^^^^
  File "C:\Users\OLEGZ\.pyenv\pyenv-win\versions\3.11.9\Lib\ssl.py", line 1104, in _create
    self.do_handshake()
  File "C:\Users\OLEGZ\.pyenv\pyenv-win\versions\3.11.9\Lib\ssl.py", line 1382, in do_handshake
    self._sslobj.do_handshake()
ssl.SSLEOFError: [SSL: UNEXPECTED_EOF_WHILE_READING] EOF occurred in violation of protocol (_ssl.c:1006)
>>>>>>> dc04f114bdb9466ce324fc103f45d43164fc729c

During handling of the above exception, another exception occurred:

Traceback (most recent call last):
<<<<<<< HEAD
  File "C:\Users\kirik\OneDrive\Документы\GitHub\-CyberMiceHackathon\venv\Lib\site-packages\opensearchpy\connection\http_urllib3.py", line 280, in perform_request
    response = self.pool.urlopen(
               ^^^^^^^^^^^^^^^^^^
  File "C:\Users\kirik\OneDrive\Документы\GitHub\-CyberMiceHackathon\venv\Lib\site-packages\urllib3\connectionpool.py", line 841, in urlopen
    retries = retries.increment(
              ^^^^^^^^^^^^^^^^^^
  File "C:\Users\kirik\OneDrive\Документы\GitHub\-CyberMiceHackathon\venv\Lib\site-packages\urllib3\util\retry.py", line 449, in increment
    raise reraise(type(error), error, _stacktrace)
          ^^^^^^^^^^^^^^^^^^^^^^^^^^^^^^^^^^^^^^^^
  File "C:\Users\kirik\OneDrive\Документы\GitHub\-CyberMiceHackathon\venv\Lib\site-packages\urllib3\util\util.py", line 38, in reraise
    raise value.with_traceback(tb)
  File "C:\Users\kirik\OneDrive\Документы\GitHub\-CyberMiceHackathon\venv\Lib\site-packages\urllib3\connectionpool.py", line 787, in urlopen
    response = self._make_request(
               ^^^^^^^^^^^^^^^^^^^
  File "C:\Users\kirik\OneDrive\Документы\GitHub\-CyberMiceHackathon\venv\Lib\site-packages\urllib3\connectionpool.py", line 488, in _make_request
    raise new_e
  File "C:\Users\kirik\OneDrive\Документы\GitHub\-CyberMiceHackathon\venv\Lib\site-packages\urllib3\connectionpool.py", line 464, in _make_request
    self._validate_conn(conn)
  File "C:\Users\kirik\OneDrive\Документы\GitHub\-CyberMiceHackathon\venv\Lib\site-packages\urllib3\connectionpool.py", line 1093, in _validate_conn
    conn.connect()
  File "C:\Users\kirik\OneDrive\Документы\GitHub\-CyberMiceHackathon\venv\Lib\site-packages\urllib3\connection.py", line 790, in connect
    sock_and_verified = _ssl_wrap_socket_and_match_hostname(
                        ^^^^^^^^^^^^^^^^^^^^^^^^^^^^^^^^^^^^
  File "C:\Users\kirik\OneDrive\Документы\GitHub\-CyberMiceHackathon\venv\Lib\site-packages\urllib3\connection.py", line 969, in _ssl_wrap_socket_and_match_hostname
    ssl_sock = ssl_wrap_socket(
               ^^^^^^^^^^^^^^^^
  File "C:\Users\kirik\OneDrive\Документы\GitHub\-CyberMiceHackathon\venv\Lib\site-packages\urllib3\util\ssl_.py", line 480, in ssl_wrap_socket
    ssl_sock = _ssl_wrap_socket_impl(sock, context, tls_in_tls, server_hostname)
               ^^^^^^^^^^^^^^^^^^^^^^^^^^^^^^^^^^^^^^^^^^^^^^^^^^^^^^^^^^^^^^^^^
  File "C:\Users\kirik\OneDrive\Документы\GitHub\-CyberMiceHackathon\venv\Lib\site-packages\urllib3\util\ssl_.py", line 524, in _ssl_wrap_socket_impl
    return ssl_context.wrap_socket(sock, server_hostname=server_hostname)
           ^^^^^^^^^^^^^^^^^^^^^^^^^^^^^^^^^^^^^^^^^^^^^^^^^^^^^^^^^^^^^^
  File "C:\Users\kirik\AppData\Local\Programs\Python\Python311\Lib\ssl.py", line 517, in wrap_socket
    return self.sslsocket_class._create(
           ^^^^^^^^^^^^^^^^^^^^^^^^^^^^^
  File "C:\Users\kirik\AppData\Local\Programs\Python\Python311\Lib\ssl.py", line 1104, in _create
    self.do_handshake()
  File "C:\Users\kirik\AppData\Local\Programs\Python\Python311\Lib\ssl.py", line 1382, in do_handshake
    self._sslobj.do_handshake()
urllib3.exceptions.ProtocolError: ('Connection aborted.', ConnectionAbortedError(10053, 'Программа на вашем хост-компьютере разорвала установленное подключение', None, 10053, None))
2025-12-05 18:36:41,708 - opensearch - WARNING - HEAD https://localhost:9200/corporate_data [status:N/A request:0.023s]
Traceback (most recent call last):
  File "C:\Users\kirik\OneDrive\Документы\GitHub\-CyberMiceHackathon\venv\Lib\site-packages\urllib3\connectionpool.py", line 787, in urlopen
    response = self._make_request(
               ^^^^^^^^^^^^^^^^^^^
  File "C:\Users\kirik\OneDrive\Документы\GitHub\-CyberMiceHackathon\venv\Lib\site-packages\urllib3\connectionpool.py", line 488, in _make_request
    raise new_e
  File "C:\Users\kirik\OneDrive\Документы\GitHub\-CyberMiceHackathon\venv\Lib\site-packages\urllib3\connectionpool.py", line 464, in _make_request
    self._validate_conn(conn)
  File "C:\Users\kirik\OneDrive\Документы\GitHub\-CyberMiceHackathon\venv\Lib\site-packages\urllib3\connectionpool.py", line 1093, in _validate_conn
    conn.connect()
  File "C:\Users\kirik\OneDrive\Документы\GitHub\-CyberMiceHackathon\venv\Lib\site-packages\urllib3\connection.py", line 790, in connect
    sock_and_verified = _ssl_wrap_socket_and_match_hostname(
                        ^^^^^^^^^^^^^^^^^^^^^^^^^^^^^^^^^^^^
  File "C:\Users\kirik\OneDrive\Документы\GitHub\-CyberMiceHackathon\venv\Lib\site-packages\urllib3\connection.py", line 969, in _ssl_wrap_socket_and_match_hostname
    ssl_sock = ssl_wrap_socket(
               ^^^^^^^^^^^^^^^^
  File "C:\Users\kirik\OneDrive\Документы\GitHub\-CyberMiceHackathon\venv\Lib\site-packages\urllib3\util\ssl_.py", line 480, in ssl_wrap_socket
    ssl_sock = _ssl_wrap_socket_impl(sock, context, tls_in_tls, server_hostname)
               ^^^^^^^^^^^^^^^^^^^^^^^^^^^^^^^^^^^^^^^^^^^^^^^^^^^^^^^^^^^^^^^^^
  File "C:\Users\kirik\OneDrive\Документы\GitHub\-CyberMiceHackathon\venv\Lib\site-packages\urllib3\util\ssl_.py", line 524, in _ssl_wrap_socket_impl
    return ssl_context.wrap_socket(sock, server_hostname=server_hostname)
           ^^^^^^^^^^^^^^^^^^^^^^^^^^^^^^^^^^^^^^^^^^^^^^^^^^^^^^^^^^^^^^
  File "C:\Users\kirik\AppData\Local\Programs\Python\Python311\Lib\ssl.py", line 517, in wrap_socket
    return self.sslsocket_class._create(
           ^^^^^^^^^^^^^^^^^^^^^^^^^^^^^
  File "C:\Users\kirik\AppData\Local\Programs\Python\Python311\Lib\ssl.py", line 1104, in _create
    self.do_handshake()
  File "C:\Users\kirik\AppData\Local\Programs\Python\Python311\Lib\ssl.py", line 1382, in do_handshake
    self._sslobj.do_handshake()
ConnectionAbortedError: [WinError 10053] Программа на вашем хост-компьютере разорвала установленное подключение
=======
  File "C:\Users\OLEGZ\.pyenv\pyenv-win\versions\3.11.9\Lib\site-packages\opensearchpy\connection\http_urllib3.py", line 280, in perform_request
    response = self.pool.urlopen(
               ^^^^^^^^^^^^^^^^^^
  File "C:\Users\OLEGZ\.pyenv\pyenv-win\versions\3.11.9\Lib\site-packages\urllib3\connectionpool.py", line 841, in urlopen
    retries = retries.increment(
              ^^^^^^^^^^^^^^^^^^
  File "C:\Users\OLEGZ\.pyenv\pyenv-win\versions\3.11.9\Lib\site-packages\urllib3\util\retry.py", line 449, in increment
    raise reraise(type(error), error, _stacktrace)
          ^^^^^^^^^^^^^^^^^^^^^^^^^^^^^^^^^^^^^^^^
  File "C:\Users\OLEGZ\.pyenv\pyenv-win\versions\3.11.9\Lib\site-packages\urllib3\util\util.py", line 39, in reraise
    raise value
  File "C:\Users\OLEGZ\.pyenv\pyenv-win\versions\3.11.9\Lib\site-packages\urllib3\connectionpool.py", line 787, in urlopen
    response = self._make_request(
               ^^^^^^^^^^^^^^^^^^^
  File "C:\Users\OLEGZ\.pyenv\pyenv-win\versions\3.11.9\Lib\site-packages\urllib3\connectionpool.py", line 488, in _make_request
    raise new_e
urllib3.exceptions.SSLError: [SSL: UNEXPECTED_EOF_WHILE_READING] EOF occurred in violation of protocol (_ssl.c:1006)
2025-12-04 03:52:38,392 - opensearch - WARNING - HEAD https://localhost:9200/corporate_data [status:N/A request:0.103s]
Traceback (most recent call last):
  File "C:\Users\OLEGZ\.pyenv\pyenv-win\versions\3.11.9\Lib\site-packages\urllib3\connectionpool.py", line 464, in _make_request
    self._validate_conn(conn)
  File "C:\Users\OLEGZ\.pyenv\pyenv-win\versions\3.11.9\Lib\site-packages\urllib3\connectionpool.py", line 1093, in _validate_conn
    conn.connect()
  File "C:\Users\OLEGZ\.pyenv\pyenv-win\versions\3.11.9\Lib\site-packages\urllib3\connection.py", line 790, in connect
    sock_and_verified = _ssl_wrap_socket_and_match_hostname(
                        ^^^^^^^^^^^^^^^^^^^^^^^^^^^^^^^^^^^^
  File "C:\Users\OLEGZ\.pyenv\pyenv-win\versions\3.11.9\Lib\site-packages\urllib3\connection.py", line 969, in _ssl_wrap_socket_and_match_hostname
    ssl_sock = ssl_wrap_socket(
               ^^^^^^^^^^^^^^^^
  File "C:\Users\OLEGZ\.pyenv\pyenv-win\versions\3.11.9\Lib\site-packages\urllib3\util\ssl_.py", line 480, in ssl_wrap_socket
    ssl_sock = _ssl_wrap_socket_impl(sock, context, tls_in_tls, server_hostname)
               ^^^^^^^^^^^^^^^^^^^^^^^^^^^^^^^^^^^^^^^^^^^^^^^^^^^^^^^^^^^^^^^^^
  File "C:\Users\OLEGZ\.pyenv\pyenv-win\versions\3.11.9\Lib\site-packages\urllib3\util\ssl_.py", line 524, in _ssl_wrap_socket_impl
    return ssl_context.wrap_socket(sock, server_hostname=server_hostname)
           ^^^^^^^^^^^^^^^^^^^^^^^^^^^^^^^^^^^^^^^^^^^^^^^^^^^^^^^^^^^^^^
  File "C:\Users\OLEGZ\.pyenv\pyenv-win\versions\3.11.9\Lib\ssl.py", line 517, in wrap_socket
    return self.sslsocket_class._create(
           ^^^^^^^^^^^^^^^^^^^^^^^^^^^^^
  File "C:\Users\OLEGZ\.pyenv\pyenv-win\versions\3.11.9\Lib\ssl.py", line 1104, in _create
    self.do_handshake()
  File "C:\Users\OLEGZ\.pyenv\pyenv-win\versions\3.11.9\Lib\ssl.py", line 1382, in do_handshake
    self._sslobj.do_handshake()
ssl.SSLEOFError: [SSL: UNEXPECTED_EOF_WHILE_READING] EOF occurred in violation of protocol (_ssl.c:1006)
>>>>>>> dc04f114bdb9466ce324fc103f45d43164fc729c

During handling of the above exception, another exception occurred:

Traceback (most recent call last):
<<<<<<< HEAD
  File "C:\Users\kirik\OneDrive\Документы\GitHub\-CyberMiceHackathon\venv\Lib\site-packages\opensearchpy\connection\http_urllib3.py", line 280, in perform_request
    response = self.pool.urlopen(
               ^^^^^^^^^^^^^^^^^^
  File "C:\Users\kirik\OneDrive\Документы\GitHub\-CyberMiceHackathon\venv\Lib\site-packages\urllib3\connectionpool.py", line 841, in urlopen
    retries = retries.increment(
              ^^^^^^^^^^^^^^^^^^
  File "C:\Users\kirik\OneDrive\Документы\GitHub\-CyberMiceHackathon\venv\Lib\site-packages\urllib3\util\retry.py", line 449, in increment
    raise reraise(type(error), error, _stacktrace)
          ^^^^^^^^^^^^^^^^^^^^^^^^^^^^^^^^^^^^^^^^
  File "C:\Users\kirik\OneDrive\Документы\GitHub\-CyberMiceHackathon\venv\Lib\site-packages\urllib3\util\util.py", line 38, in reraise
    raise value.with_traceback(tb)
  File "C:\Users\kirik\OneDrive\Документы\GitHub\-CyberMiceHackathon\venv\Lib\site-packages\urllib3\connectionpool.py", line 787, in urlopen
    response = self._make_request(
               ^^^^^^^^^^^^^^^^^^^
  File "C:\Users\kirik\OneDrive\Документы\GitHub\-CyberMiceHackathon\venv\Lib\site-packages\urllib3\connectionpool.py", line 488, in _make_request
    raise new_e
  File "C:\Users\kirik\OneDrive\Документы\GitHub\-CyberMiceHackathon\venv\Lib\site-packages\urllib3\connectionpool.py", line 464, in _make_request
    self._validate_conn(conn)
  File "C:\Users\kirik\OneDrive\Документы\GitHub\-CyberMiceHackathon\venv\Lib\site-packages\urllib3\connectionpool.py", line 1093, in _validate_conn
    conn.connect()
  File "C:\Users\kirik\OneDrive\Документы\GitHub\-CyberMiceHackathon\venv\Lib\site-packages\urllib3\connection.py", line 790, in connect
    sock_and_verified = _ssl_wrap_socket_and_match_hostname(
                        ^^^^^^^^^^^^^^^^^^^^^^^^^^^^^^^^^^^^
  File "C:\Users\kirik\OneDrive\Документы\GitHub\-CyberMiceHackathon\venv\Lib\site-packages\urllib3\connection.py", line 969, in _ssl_wrap_socket_and_match_hostname
    ssl_sock = ssl_wrap_socket(
               ^^^^^^^^^^^^^^^^
  File "C:\Users\kirik\OneDrive\Документы\GitHub\-CyberMiceHackathon\venv\Lib\site-packages\urllib3\util\ssl_.py", line 480, in ssl_wrap_socket
    ssl_sock = _ssl_wrap_socket_impl(sock, context, tls_in_tls, server_hostname)
               ^^^^^^^^^^^^^^^^^^^^^^^^^^^^^^^^^^^^^^^^^^^^^^^^^^^^^^^^^^^^^^^^^
  File "C:\Users\kirik\OneDrive\Документы\GitHub\-CyberMiceHackathon\venv\Lib\site-packages\urllib3\util\ssl_.py", line 524, in _ssl_wrap_socket_impl
    return ssl_context.wrap_socket(sock, server_hostname=server_hostname)
           ^^^^^^^^^^^^^^^^^^^^^^^^^^^^^^^^^^^^^^^^^^^^^^^^^^^^^^^^^^^^^^
  File "C:\Users\kirik\AppData\Local\Programs\Python\Python311\Lib\ssl.py", line 517, in wrap_socket
    return self.sslsocket_class._create(
           ^^^^^^^^^^^^^^^^^^^^^^^^^^^^^
  File "C:\Users\kirik\AppData\Local\Programs\Python\Python311\Lib\ssl.py", line 1104, in _create
    self.do_handshake()
  File "C:\Users\kirik\AppData\Local\Programs\Python\Python311\Lib\ssl.py", line 1382, in do_handshake
    self._sslobj.do_handshake()
urllib3.exceptions.ProtocolError: ('Connection aborted.', ConnectionAbortedError(10053, 'Программа на вашем хост-компьютере разорвала установленное подключение', None, 10053, None))
2025-12-05 18:36:41,743 - opensearch - WARNING - HEAD https://localhost:9200/corporate_data [status:N/A request:0.031s]
Traceback (most recent call last):
  File "C:\Users\kirik\OneDrive\Документы\GitHub\-CyberMiceHackathon\venv\Lib\site-packages\urllib3\connectionpool.py", line 787, in urlopen
    response = self._make_request(
               ^^^^^^^^^^^^^^^^^^^
  File "C:\Users\kirik\OneDrive\Документы\GitHub\-CyberMiceHackathon\venv\Lib\site-packages\urllib3\connectionpool.py", line 488, in _make_request
    raise new_e
  File "C:\Users\kirik\OneDrive\Документы\GitHub\-CyberMiceHackathon\venv\Lib\site-packages\urllib3\connectionpool.py", line 464, in _make_request
    self._validate_conn(conn)
  File "C:\Users\kirik\OneDrive\Документы\GitHub\-CyberMiceHackathon\venv\Lib\site-packages\urllib3\connectionpool.py", line 1093, in _validate_conn
    conn.connect()
  File "C:\Users\kirik\OneDrive\Документы\GitHub\-CyberMiceHackathon\venv\Lib\site-packages\urllib3\connection.py", line 790, in connect
    sock_and_verified = _ssl_wrap_socket_and_match_hostname(
                        ^^^^^^^^^^^^^^^^^^^^^^^^^^^^^^^^^^^^
  File "C:\Users\kirik\OneDrive\Документы\GitHub\-CyberMiceHackathon\venv\Lib\site-packages\urllib3\connection.py", line 969, in _ssl_wrap_socket_and_match_hostname
    ssl_sock = ssl_wrap_socket(
               ^^^^^^^^^^^^^^^^
  File "C:\Users\kirik\OneDrive\Документы\GitHub\-CyberMiceHackathon\venv\Lib\site-packages\urllib3\util\ssl_.py", line 480, in ssl_wrap_socket
    ssl_sock = _ssl_wrap_socket_impl(sock, context, tls_in_tls, server_hostname)
               ^^^^^^^^^^^^^^^^^^^^^^^^^^^^^^^^^^^^^^^^^^^^^^^^^^^^^^^^^^^^^^^^^
  File "C:\Users\kirik\OneDrive\Документы\GitHub\-CyberMiceHackathon\venv\Lib\site-packages\urllib3\util\ssl_.py", line 524, in _ssl_wrap_socket_impl
    return ssl_context.wrap_socket(sock, server_hostname=server_hostname)
           ^^^^^^^^^^^^^^^^^^^^^^^^^^^^^^^^^^^^^^^^^^^^^^^^^^^^^^^^^^^^^^
  File "C:\Users\kirik\AppData\Local\Programs\Python\Python311\Lib\ssl.py", line 517, in wrap_socket
    return self.sslsocket_class._create(
           ^^^^^^^^^^^^^^^^^^^^^^^^^^^^^
  File "C:\Users\kirik\AppData\Local\Programs\Python\Python311\Lib\ssl.py", line 1104, in _create
    self.do_handshake()
  File "C:\Users\kirik\AppData\Local\Programs\Python\Python311\Lib\ssl.py", line 1382, in do_handshake
    self._sslobj.do_handshake()
ConnectionAbortedError: [WinError 10053] Программа на вашем хост-компьютере разорвала установленное подключение
=======
  File "C:\Users\OLEGZ\.pyenv\pyenv-win\versions\3.11.9\Lib\site-packages\opensearchpy\connection\http_urllib3.py", line 280, in perform_request
    response = self.pool.urlopen(
               ^^^^^^^^^^^^^^^^^^
  File "C:\Users\OLEGZ\.pyenv\pyenv-win\versions\3.11.9\Lib\site-packages\urllib3\connectionpool.py", line 841, in urlopen
    retries = retries.increment(
              ^^^^^^^^^^^^^^^^^^
  File "C:\Users\OLEGZ\.pyenv\pyenv-win\versions\3.11.9\Lib\site-packages\urllib3\util\retry.py", line 449, in increment
    raise reraise(type(error), error, _stacktrace)
          ^^^^^^^^^^^^^^^^^^^^^^^^^^^^^^^^^^^^^^^^
  File "C:\Users\OLEGZ\.pyenv\pyenv-win\versions\3.11.9\Lib\site-packages\urllib3\util\util.py", line 39, in reraise
    raise value
  File "C:\Users\OLEGZ\.pyenv\pyenv-win\versions\3.11.9\Lib\site-packages\urllib3\connectionpool.py", line 787, in urlopen
    response = self._make_request(
               ^^^^^^^^^^^^^^^^^^^
  File "C:\Users\OLEGZ\.pyenv\pyenv-win\versions\3.11.9\Lib\site-packages\urllib3\connectionpool.py", line 488, in _make_request
    raise new_e
urllib3.exceptions.SSLError: [SSL: UNEXPECTED_EOF_WHILE_READING] EOF occurred in violation of protocol (_ssl.c:1006)
2025-12-04 03:52:38,484 - opensearch - WARNING - HEAD https://localhost:9200/corporate_data [status:N/A request:0.086s]
Traceback (most recent call last):
  File "C:\Users\OLEGZ\.pyenv\pyenv-win\versions\3.11.9\Lib\site-packages\urllib3\connectionpool.py", line 464, in _make_request
    self._validate_conn(conn)
  File "C:\Users\OLEGZ\.pyenv\pyenv-win\versions\3.11.9\Lib\site-packages\urllib3\connectionpool.py", line 1093, in _validate_conn
    conn.connect()
  File "C:\Users\OLEGZ\.pyenv\pyenv-win\versions\3.11.9\Lib\site-packages\urllib3\connection.py", line 790, in connect
    sock_and_verified = _ssl_wrap_socket_and_match_hostname(
                        ^^^^^^^^^^^^^^^^^^^^^^^^^^^^^^^^^^^^
  File "C:\Users\OLEGZ\.pyenv\pyenv-win\versions\3.11.9\Lib\site-packages\urllib3\connection.py", line 969, in _ssl_wrap_socket_and_match_hostname
    ssl_sock = ssl_wrap_socket(
               ^^^^^^^^^^^^^^^^
  File "C:\Users\OLEGZ\.pyenv\pyenv-win\versions\3.11.9\Lib\site-packages\urllib3\util\ssl_.py", line 480, in ssl_wrap_socket
    ssl_sock = _ssl_wrap_socket_impl(sock, context, tls_in_tls, server_hostname)
               ^^^^^^^^^^^^^^^^^^^^^^^^^^^^^^^^^^^^^^^^^^^^^^^^^^^^^^^^^^^^^^^^^
  File "C:\Users\OLEGZ\.pyenv\pyenv-win\versions\3.11.9\Lib\site-packages\urllib3\util\ssl_.py", line 524, in _ssl_wrap_socket_impl
    return ssl_context.wrap_socket(sock, server_hostname=server_hostname)
           ^^^^^^^^^^^^^^^^^^^^^^^^^^^^^^^^^^^^^^^^^^^^^^^^^^^^^^^^^^^^^^
  File "C:\Users\OLEGZ\.pyenv\pyenv-win\versions\3.11.9\Lib\ssl.py", line 517, in wrap_socket
    return self.sslsocket_class._create(
           ^^^^^^^^^^^^^^^^^^^^^^^^^^^^^
  File "C:\Users\OLEGZ\.pyenv\pyenv-win\versions\3.11.9\Lib\ssl.py", line 1104, in _create
    self.do_handshake()
  File "C:\Users\OLEGZ\.pyenv\pyenv-win\versions\3.11.9\Lib\ssl.py", line 1382, in do_handshake
    self._sslobj.do_handshake()
ssl.SSLEOFError: [SSL: UNEXPECTED_EOF_WHILE_READING] EOF occurred in violation of protocol (_ssl.c:1006)
>>>>>>> dc04f114bdb9466ce324fc103f45d43164fc729c

During handling of the above exception, another exception occurred:

Traceback (most recent call last):
<<<<<<< HEAD
  File "C:\Users\kirik\OneDrive\Документы\GitHub\-CyberMiceHackathon\venv\Lib\site-packages\opensearchpy\connection\http_urllib3.py", line 280, in perform_request
    response = self.pool.urlopen(
               ^^^^^^^^^^^^^^^^^^
  File "C:\Users\kirik\OneDrive\Документы\GitHub\-CyberMiceHackathon\venv\Lib\site-packages\urllib3\connectionpool.py", line 841, in urlopen
    retries = retries.increment(
              ^^^^^^^^^^^^^^^^^^
  File "C:\Users\kirik\OneDrive\Документы\GitHub\-CyberMiceHackathon\venv\Lib\site-packages\urllib3\util\retry.py", line 449, in increment
    raise reraise(type(error), error, _stacktrace)
          ^^^^^^^^^^^^^^^^^^^^^^^^^^^^^^^^^^^^^^^^
  File "C:\Users\kirik\OneDrive\Документы\GitHub\-CyberMiceHackathon\venv\Lib\site-packages\urllib3\util\util.py", line 38, in reraise
    raise value.with_traceback(tb)
  File "C:\Users\kirik\OneDrive\Документы\GitHub\-CyberMiceHackathon\venv\Lib\site-packages\urllib3\connectionpool.py", line 787, in urlopen
    response = self._make_request(
               ^^^^^^^^^^^^^^^^^^^
  File "C:\Users\kirik\OneDrive\Документы\GitHub\-CyberMiceHackathon\venv\Lib\site-packages\urllib3\connectionpool.py", line 488, in _make_request
    raise new_e
  File "C:\Users\kirik\OneDrive\Документы\GitHub\-CyberMiceHackathon\venv\Lib\site-packages\urllib3\connectionpool.py", line 464, in _make_request
    self._validate_conn(conn)
  File "C:\Users\kirik\OneDrive\Документы\GitHub\-CyberMiceHackathon\venv\Lib\site-packages\urllib3\connectionpool.py", line 1093, in _validate_conn
    conn.connect()
  File "C:\Users\kirik\OneDrive\Документы\GitHub\-CyberMiceHackathon\venv\Lib\site-packages\urllib3\connection.py", line 790, in connect
    sock_and_verified = _ssl_wrap_socket_and_match_hostname(
                        ^^^^^^^^^^^^^^^^^^^^^^^^^^^^^^^^^^^^
  File "C:\Users\kirik\OneDrive\Документы\GitHub\-CyberMiceHackathon\venv\Lib\site-packages\urllib3\connection.py", line 969, in _ssl_wrap_socket_and_match_hostname
    ssl_sock = ssl_wrap_socket(
               ^^^^^^^^^^^^^^^^
  File "C:\Users\kirik\OneDrive\Документы\GitHub\-CyberMiceHackathon\venv\Lib\site-packages\urllib3\util\ssl_.py", line 480, in ssl_wrap_socket
    ssl_sock = _ssl_wrap_socket_impl(sock, context, tls_in_tls, server_hostname)
               ^^^^^^^^^^^^^^^^^^^^^^^^^^^^^^^^^^^^^^^^^^^^^^^^^^^^^^^^^^^^^^^^^
  File "C:\Users\kirik\OneDrive\Документы\GitHub\-CyberMiceHackathon\venv\Lib\site-packages\urllib3\util\ssl_.py", line 524, in _ssl_wrap_socket_impl
    return ssl_context.wrap_socket(sock, server_hostname=server_hostname)
           ^^^^^^^^^^^^^^^^^^^^^^^^^^^^^^^^^^^^^^^^^^^^^^^^^^^^^^^^^^^^^^
  File "C:\Users\kirik\AppData\Local\Programs\Python\Python311\Lib\ssl.py", line 517, in wrap_socket
    return self.sslsocket_class._create(
           ^^^^^^^^^^^^^^^^^^^^^^^^^^^^^
  File "C:\Users\kirik\AppData\Local\Programs\Python\Python311\Lib\ssl.py", line 1104, in _create
    self.do_handshake()
  File "C:\Users\kirik\AppData\Local\Programs\Python\Python311\Lib\ssl.py", line 1382, in do_handshake
    self._sslobj.do_handshake()
urllib3.exceptions.ProtocolError: ('Connection aborted.', ConnectionAbortedError(10053, 'Программа на вашем хост-компьютере разорвала установленное подключение', None, 10053, None))
2025-12-05 18:36:41,789 - opensearch - WARNING - HEAD https://localhost:9200/corporate_data [status:N/A request:0.041s]
Traceback (most recent call last):
  File "C:\Users\kirik\OneDrive\Документы\GitHub\-CyberMiceHackathon\venv\Lib\site-packages\urllib3\connectionpool.py", line 787, in urlopen
    response = self._make_request(
               ^^^^^^^^^^^^^^^^^^^
  File "C:\Users\kirik\OneDrive\Документы\GitHub\-CyberMiceHackathon\venv\Lib\site-packages\urllib3\connectionpool.py", line 488, in _make_request
    raise new_e
  File "C:\Users\kirik\OneDrive\Документы\GitHub\-CyberMiceHackathon\venv\Lib\site-packages\urllib3\connectionpool.py", line 464, in _make_request
    self._validate_conn(conn)
  File "C:\Users\kirik\OneDrive\Документы\GitHub\-CyberMiceHackathon\venv\Lib\site-packages\urllib3\connectionpool.py", line 1093, in _validate_conn
    conn.connect()
  File "C:\Users\kirik\OneDrive\Документы\GitHub\-CyberMiceHackathon\venv\Lib\site-packages\urllib3\connection.py", line 790, in connect
    sock_and_verified = _ssl_wrap_socket_and_match_hostname(
                        ^^^^^^^^^^^^^^^^^^^^^^^^^^^^^^^^^^^^
  File "C:\Users\kirik\OneDrive\Документы\GitHub\-CyberMiceHackathon\venv\Lib\site-packages\urllib3\connection.py", line 969, in _ssl_wrap_socket_and_match_hostname
    ssl_sock = ssl_wrap_socket(
               ^^^^^^^^^^^^^^^^
  File "C:\Users\kirik\OneDrive\Документы\GitHub\-CyberMiceHackathon\venv\Lib\site-packages\urllib3\util\ssl_.py", line 480, in ssl_wrap_socket
    ssl_sock = _ssl_wrap_socket_impl(sock, context, tls_in_tls, server_hostname)
               ^^^^^^^^^^^^^^^^^^^^^^^^^^^^^^^^^^^^^^^^^^^^^^^^^^^^^^^^^^^^^^^^^
  File "C:\Users\kirik\OneDrive\Документы\GitHub\-CyberMiceHackathon\venv\Lib\site-packages\urllib3\util\ssl_.py", line 524, in _ssl_wrap_socket_impl
    return ssl_context.wrap_socket(sock, server_hostname=server_hostname)
           ^^^^^^^^^^^^^^^^^^^^^^^^^^^^^^^^^^^^^^^^^^^^^^^^^^^^^^^^^^^^^^
  File "C:\Users\kirik\AppData\Local\Programs\Python\Python311\Lib\ssl.py", line 517, in wrap_socket
    return self.sslsocket_class._create(
           ^^^^^^^^^^^^^^^^^^^^^^^^^^^^^
  File "C:\Users\kirik\AppData\Local\Programs\Python\Python311\Lib\ssl.py", line 1104, in _create
    self.do_handshake()
  File "C:\Users\kirik\AppData\Local\Programs\Python\Python311\Lib\ssl.py", line 1382, in do_handshake
    self._sslobj.do_handshake()
ConnectionAbortedError: [WinError 10053] Программа на вашем хост-компьютере разорвала установленное подключение
=======
  File "C:\Users\OLEGZ\.pyenv\pyenv-win\versions\3.11.9\Lib\site-packages\opensearchpy\connection\http_urllib3.py", line 280, in perform_request
    response = self.pool.urlopen(
               ^^^^^^^^^^^^^^^^^^
  File "C:\Users\OLEGZ\.pyenv\pyenv-win\versions\3.11.9\Lib\site-packages\urllib3\connectionpool.py", line 841, in urlopen
    retries = retries.increment(
              ^^^^^^^^^^^^^^^^^^
  File "C:\Users\OLEGZ\.pyenv\pyenv-win\versions\3.11.9\Lib\site-packages\urllib3\util\retry.py", line 449, in increment
    raise reraise(type(error), error, _stacktrace)
          ^^^^^^^^^^^^^^^^^^^^^^^^^^^^^^^^^^^^^^^^
  File "C:\Users\OLEGZ\.pyenv\pyenv-win\versions\3.11.9\Lib\site-packages\urllib3\util\util.py", line 39, in reraise
    raise value
  File "C:\Users\OLEGZ\.pyenv\pyenv-win\versions\3.11.9\Lib\site-packages\urllib3\connectionpool.py", line 787, in urlopen
    response = self._make_request(
               ^^^^^^^^^^^^^^^^^^^
  File "C:\Users\OLEGZ\.pyenv\pyenv-win\versions\3.11.9\Lib\site-packages\urllib3\connectionpool.py", line 488, in _make_request
    raise new_e
urllib3.exceptions.SSLError: [SSL: UNEXPECTED_EOF_WHILE_READING] EOF occurred in violation of protocol (_ssl.c:1006)
2025-12-04 03:52:38,570 - opensearch - WARNING - HEAD https://localhost:9200/corporate_data [status:N/A request:0.080s]
Traceback (most recent call last):
  File "C:\Users\OLEGZ\.pyenv\pyenv-win\versions\3.11.9\Lib\site-packages\urllib3\connectionpool.py", line 464, in _make_request
    self._validate_conn(conn)
  File "C:\Users\OLEGZ\.pyenv\pyenv-win\versions\3.11.9\Lib\site-packages\urllib3\connectionpool.py", line 1093, in _validate_conn
    conn.connect()
  File "C:\Users\OLEGZ\.pyenv\pyenv-win\versions\3.11.9\Lib\site-packages\urllib3\connection.py", line 790, in connect
    sock_and_verified = _ssl_wrap_socket_and_match_hostname(
                        ^^^^^^^^^^^^^^^^^^^^^^^^^^^^^^^^^^^^
  File "C:\Users\OLEGZ\.pyenv\pyenv-win\versions\3.11.9\Lib\site-packages\urllib3\connection.py", line 969, in _ssl_wrap_socket_and_match_hostname
    ssl_sock = ssl_wrap_socket(
               ^^^^^^^^^^^^^^^^
  File "C:\Users\OLEGZ\.pyenv\pyenv-win\versions\3.11.9\Lib\site-packages\urllib3\util\ssl_.py", line 480, in ssl_wrap_socket
    ssl_sock = _ssl_wrap_socket_impl(sock, context, tls_in_tls, server_hostname)
               ^^^^^^^^^^^^^^^^^^^^^^^^^^^^^^^^^^^^^^^^^^^^^^^^^^^^^^^^^^^^^^^^^
  File "C:\Users\OLEGZ\.pyenv\pyenv-win\versions\3.11.9\Lib\site-packages\urllib3\util\ssl_.py", line 524, in _ssl_wrap_socket_impl
    return ssl_context.wrap_socket(sock, server_hostname=server_hostname)
           ^^^^^^^^^^^^^^^^^^^^^^^^^^^^^^^^^^^^^^^^^^^^^^^^^^^^^^^^^^^^^^
  File "C:\Users\OLEGZ\.pyenv\pyenv-win\versions\3.11.9\Lib\ssl.py", line 517, in wrap_socket
    return self.sslsocket_class._create(
           ^^^^^^^^^^^^^^^^^^^^^^^^^^^^^
  File "C:\Users\OLEGZ\.pyenv\pyenv-win\versions\3.11.9\Lib\ssl.py", line 1104, in _create
    self.do_handshake()
  File "C:\Users\OLEGZ\.pyenv\pyenv-win\versions\3.11.9\Lib\ssl.py", line 1382, in do_handshake
    self._sslobj.do_handshake()
ssl.SSLEOFError: [SSL: UNEXPECTED_EOF_WHILE_READING] EOF occurred in violation of protocol (_ssl.c:1006)
>>>>>>> dc04f114bdb9466ce324fc103f45d43164fc729c

During handling of the above exception, another exception occurred:

Traceback (most recent call last):
<<<<<<< HEAD
  File "C:\Users\kirik\OneDrive\Документы\GitHub\-CyberMiceHackathon\venv\Lib\site-packages\opensearchpy\connection\http_urllib3.py", line 280, in perform_request
    response = self.pool.urlopen(
               ^^^^^^^^^^^^^^^^^^
  File "C:\Users\kirik\OneDrive\Документы\GitHub\-CyberMiceHackathon\venv\Lib\site-packages\urllib3\connectionpool.py", line 841, in urlopen
    retries = retries.increment(
              ^^^^^^^^^^^^^^^^^^
  File "C:\Users\kirik\OneDrive\Документы\GitHub\-CyberMiceHackathon\venv\Lib\site-packages\urllib3\util\retry.py", line 449, in increment
    raise reraise(type(error), error, _stacktrace)
          ^^^^^^^^^^^^^^^^^^^^^^^^^^^^^^^^^^^^^^^^
  File "C:\Users\kirik\OneDrive\Документы\GitHub\-CyberMiceHackathon\venv\Lib\site-packages\urllib3\util\util.py", line 38, in reraise
    raise value.with_traceback(tb)
  File "C:\Users\kirik\OneDrive\Документы\GitHub\-CyberMiceHackathon\venv\Lib\site-packages\urllib3\connectionpool.py", line 787, in urlopen
    response = self._make_request(
               ^^^^^^^^^^^^^^^^^^^
  File "C:\Users\kirik\OneDrive\Документы\GitHub\-CyberMiceHackathon\venv\Lib\site-packages\urllib3\connectionpool.py", line 488, in _make_request
    raise new_e
  File "C:\Users\kirik\OneDrive\Документы\GitHub\-CyberMiceHackathon\venv\Lib\site-packages\urllib3\connectionpool.py", line 464, in _make_request
    self._validate_conn(conn)
  File "C:\Users\kirik\OneDrive\Документы\GitHub\-CyberMiceHackathon\venv\Lib\site-packages\urllib3\connectionpool.py", line 1093, in _validate_conn
    conn.connect()
  File "C:\Users\kirik\OneDrive\Документы\GitHub\-CyberMiceHackathon\venv\Lib\site-packages\urllib3\connection.py", line 790, in connect
    sock_and_verified = _ssl_wrap_socket_and_match_hostname(
                        ^^^^^^^^^^^^^^^^^^^^^^^^^^^^^^^^^^^^
  File "C:\Users\kirik\OneDrive\Документы\GitHub\-CyberMiceHackathon\venv\Lib\site-packages\urllib3\connection.py", line 969, in _ssl_wrap_socket_and_match_hostname
    ssl_sock = ssl_wrap_socket(
               ^^^^^^^^^^^^^^^^
  File "C:\Users\kirik\OneDrive\Документы\GitHub\-CyberMiceHackathon\venv\Lib\site-packages\urllib3\util\ssl_.py", line 480, in ssl_wrap_socket
    ssl_sock = _ssl_wrap_socket_impl(sock, context, tls_in_tls, server_hostname)
               ^^^^^^^^^^^^^^^^^^^^^^^^^^^^^^^^^^^^^^^^^^^^^^^^^^^^^^^^^^^^^^^^^
  File "C:\Users\kirik\OneDrive\Документы\GitHub\-CyberMiceHackathon\venv\Lib\site-packages\urllib3\util\ssl_.py", line 524, in _ssl_wrap_socket_impl
    return ssl_context.wrap_socket(sock, server_hostname=server_hostname)
           ^^^^^^^^^^^^^^^^^^^^^^^^^^^^^^^^^^^^^^^^^^^^^^^^^^^^^^^^^^^^^^
  File "C:\Users\kirik\AppData\Local\Programs\Python\Python311\Lib\ssl.py", line 517, in wrap_socket
    return self.sslsocket_class._create(
           ^^^^^^^^^^^^^^^^^^^^^^^^^^^^^
  File "C:\Users\kirik\AppData\Local\Programs\Python\Python311\Lib\ssl.py", line 1104, in _create
    self.do_handshake()
  File "C:\Users\kirik\AppData\Local\Programs\Python\Python311\Lib\ssl.py", line 1382, in do_handshake
    self._sslobj.do_handshake()
urllib3.exceptions.ProtocolError: ('Connection aborted.', ConnectionAbortedError(10053, 'Программа на вашем хост-компьютере разорвала установленное подключение', None, 10053, None))
2025-12-05 20:13:51,038 - opensearch - INFO - PUT https://localhost:9200/corporate_data [status:200 request:1.059s]
2025-12-05 20:13:51,043 - opensearch_manager - INFO - Индекс 'corporate_data' успешно создан.
2025-12-05 20:13:54,090 - opensearch - INFO - POST https://localhost:9200/_bulk [status:200 request:1.542s]
2025-12-05 20:13:54,594 - opensearch - INFO - POST https://localhost:9200/_bulk [status:200 request:0.456s]
2025-12-05 20:13:54,599 - opensearch_manager - INFO - Загружено документов: 770, Ошибок: []
2025-12-05 20:13:54,998 - opensearch - INFO - POST https://localhost:9200/corporate_data/_refresh [status:200 request:0.399s]
2025-12-05 20:13:55,252 - opensearch - INFO - POST https://localhost:9200/corporate_data/_delete_by_query [status:200 request:0.251s]
2025-12-05 20:13:55,253 - opensearch_manager - INFO - Удалено устаревших документов: 0
2025-12-05 20:13:55,340 - opensearch - INFO - POST https://localhost:9200/corporate_data/_search [status:200 request:0.085s]
2025-12-05 20:13:55,595 - opensearch - INFO - POST https://localhost:9200/corporate_data/_search [status:200 request:0.254s]
=======
  File "C:\Users\OLEGZ\.pyenv\pyenv-win\versions\3.11.9\Lib\site-packages\opensearchpy\connection\http_urllib3.py", line 280, in perform_request
    response = self.pool.urlopen(
               ^^^^^^^^^^^^^^^^^^
  File "C:\Users\OLEGZ\.pyenv\pyenv-win\versions\3.11.9\Lib\site-packages\urllib3\connectionpool.py", line 841, in urlopen
    retries = retries.increment(
              ^^^^^^^^^^^^^^^^^^
  File "C:\Users\OLEGZ\.pyenv\pyenv-win\versions\3.11.9\Lib\site-packages\urllib3\util\retry.py", line 449, in increment
    raise reraise(type(error), error, _stacktrace)
          ^^^^^^^^^^^^^^^^^^^^^^^^^^^^^^^^^^^^^^^^
  File "C:\Users\OLEGZ\.pyenv\pyenv-win\versions\3.11.9\Lib\site-packages\urllib3\util\util.py", line 39, in reraise
    raise value
  File "C:\Users\OLEGZ\.pyenv\pyenv-win\versions\3.11.9\Lib\site-packages\urllib3\connectionpool.py", line 787, in urlopen
    response = self._make_request(
               ^^^^^^^^^^^^^^^^^^^
  File "C:\Users\OLEGZ\.pyenv\pyenv-win\versions\3.11.9\Lib\site-packages\urllib3\connectionpool.py", line 488, in _make_request
    raise new_e
urllib3.exceptions.SSLError: [SSL: UNEXPECTED_EOF_WHILE_READING] EOF occurred in violation of protocol (_ssl.c:1006)
2025-12-04 03:53:46,088 - opensearch - INFO - PUT https://localhost:9200/corporate_data [status:200 request:0.551s]
2025-12-04 03:53:46,089 - opensearch_manager - INFO - Индекс 'corporate_data' создан.
2025-12-04 03:53:46,208 - opensearch - INFO - HEAD https://localhost:9200/corporate_data [status:200 request:0.029s]
2025-12-04 03:53:46,363 - opensearch - INFO - DELETE https://localhost:9200/corporate_data [status:200 request:0.154s]
2025-12-04 03:53:47,005 - opensearch - INFO - PUT https://localhost:9200/corporate_data [status:200 request:0.621s]
2025-12-04 03:53:47,005 - opensearch_manager - INFO - Индекс 'corporate_data' создан.
2025-12-04 03:53:47,657 - opensearch - INFO - POST https://localhost:9200/_bulk [status:200 request:0.631s]
2025-12-04 03:53:48,980 - opensearch - INFO - POST https://localhost:9200/_bulk [status:200 request:1.259s]
2025-12-04 03:53:49,246 - opensearch - INFO - POST https://localhost:9200/_bulk [status:200 request:0.249s]
2025-12-04 03:53:50,027 - opensearch - INFO - POST https://localhost:9200/corporate_data/_refresh [status:200 request:0.769s]
2025-12-04 03:54:16,586 - opensearch - INFO - HEAD https://localhost:9200/corporate_data [status:200 request:0.192s]
2025-12-04 03:54:16,696 - opensearch - INFO - HEAD https://localhost:9200/corporate_data [status:200 request:0.019s]
2025-12-04 03:54:16,835 - opensearch - INFO - DELETE https://localhost:9200/corporate_data [status:200 request:0.138s]
2025-12-04 03:54:17,272 - opensearch - INFO - PUT https://localhost:9200/corporate_data [status:200 request:0.420s]
2025-12-04 03:54:17,273 - opensearch_manager - INFO - РРЅРґРµРєСЃ 'corporate_data' СЃРѕР·РґР°РЅ.
2025-12-04 03:54:17,653 - opensearch - INFO - POST https://localhost:9200/_bulk [status:200 request:0.361s]
2025-12-04 03:54:18,711 - opensearch - INFO - POST https://localhost:9200/_bulk [status:200 request:0.990s]
2025-12-04 03:54:18,911 - opensearch - INFO - POST https://localhost:9200/_bulk [status:200 request:0.184s]
2025-12-04 03:54:18,913 - opensearch_manager - INFO - РЈСЃРїРµС€РЅРѕ Р·Р°РіСЂСѓР¶РµРЅРѕ: 1049 РґРѕРєСѓРјРµРЅС‚РѕРІ. РћС€РёР±РѕРє: [].
2025-12-04 03:54:19,420 - opensearch - INFO - POST https://localhost:9200/corporate_data/_refresh [status:200 request:0.506s]
2025-12-04 03:56:44,100 - opensearch - INFO - HEAD https://localhost:9200/corporate_data [status:200 request:0.207s]
2025-12-04 03:56:44,240 - opensearch - INFO - HEAD https://localhost:9200/corporate_data [status:200 request:0.047s]
2025-12-04 03:56:44,368 - opensearch - INFO - DELETE https://localhost:9200/corporate_data [status:200 request:0.128s]
2025-12-04 03:56:44,773 - opensearch - INFO - PUT https://localhost:9200/corporate_data [status:200 request:0.386s]
2025-12-04 03:56:44,773 - opensearch_manager - INFO - РРЅРґРµРєСЃ 'corporate_data' СЃРѕР·РґР°РЅ.
2025-12-04 03:56:45,029 - opensearch - INFO - POST https://localhost:9200/_bulk [status:200 request:0.237s]
2025-12-04 03:56:45,842 - opensearch - INFO - POST https://localhost:9200/_bulk [status:200 request:0.756s]
2025-12-04 03:56:46,034 - opensearch - INFO - POST https://localhost:9200/_bulk [status:200 request:0.177s]
2025-12-04 03:56:46,035 - opensearch_manager - INFO - РЈСЃРїРµС€РЅРѕ Р·Р°РіСЂСѓР¶РµРЅРѕ: 1049 РґРѕРєСѓРјРµРЅС‚РѕРІ. РћС€РёР±РѕРє: [].
2025-12-04 03:56:46,354 - opensearch - INFO - POST https://localhost:9200/corporate_data/_refresh [status:200 request:0.318s]
2025-12-04 03:57:28,803 - opensearch - INFO - HEAD https://localhost:9200/corporate_data [status:200 request:0.209s]
2025-12-04 03:57:28,907 - opensearch - INFO - HEAD https://localhost:9200/corporate_data [status:200 request:0.020s]
2025-12-04 03:57:29,043 - opensearch - INFO - DELETE https://localhost:9200/corporate_data [status:200 request:0.135s]
2025-12-04 03:57:29,477 - opensearch - INFO - PUT https://localhost:9200/corporate_data [status:200 request:0.420s]
2025-12-04 03:57:29,746 - opensearch - INFO - POST https://localhost:9200/_bulk [status:200 request:0.247s]
2025-12-04 03:57:30,512 - opensearch - INFO - POST https://localhost:9200/_bulk [status:200 request:0.702s]
2025-12-04 03:57:30,690 - opensearch - INFO - POST https://localhost:9200/_bulk [status:200 request:0.166s]
2025-12-04 03:57:31,044 - opensearch - INFO - POST https://localhost:9200/corporate_data/_refresh [status:200 request:0.352s]
>>>>>>> dc04f114bdb9466ce324fc103f45d43164fc729c
