2025-12-03 03:17:11,154 - opensearch - INFO - PUT https://localhost:9200/corporate_data [status:200 request:0.955s]
2025-12-03 03:17:11,156 - opensearch_manager - INFO - Индекс 'corporate_data' успешно создан.
2025-12-03 03:17:11,158 - opensearch_manager - WARNING - Папка json_data не найдена. Создана пустая папка.
2025-12-03 03:17:11,706 - opensearch - INFO - POST https://localhost:9200/corporate_data/_delete_by_query [status:200 request:0.547s]
2025-12-03 03:17:11,707 - opensearch_manager - INFO - Удалено устаревших документов: 0
2025-12-03 03:17:12,000 - opensearch - INFO - POST https://localhost:9200/corporate_data/_search [status:200 request:0.292s]
2025-12-03 03:17:12,108 - opensearch - INFO - POST https://localhost:9200/corporate_data/_search [status:200 request:0.106s]
2025-12-03 03:17:56,066 - opensearch - INFO - HEAD https://localhost:9200/corporate_data [status:200 request:0.107s]
2025-12-03 03:17:56,067 - opensearch_manager - INFO - Индекс 'corporate_data' уже существует.
2025-12-03 03:17:56,069 - opensearch_manager - WARNING - Папка data не найдена. Создана пустая папка.
2025-12-03 03:17:56,095 - opensearch - INFO - POST https://localhost:9200/corporate_data/_delete_by_query [status:200 request:0.025s]
2025-12-03 03:17:56,097 - opensearch_manager - INFO - Удалено устаревших документов: 0
2025-12-03 03:17:56,199 - opensearch - INFO - POST https://localhost:9200/corporate_data/_search [status:200 request:0.101s]
2025-12-03 03:17:56,220 - opensearch - INFO - POST https://localhost:9200/corporate_data/_search [status:200 request:0.020s]
2025-12-03 03:20:48,242 - opensearch - INFO - HEAD https://localhost:9200/corporate_data [status:200 request:0.119s]
2025-12-03 03:20:48,245 - opensearch_manager - INFO - Индекс 'corporate_data' уже существует.
2025-12-03 03:20:48,953 - opensearch - INFO - POST https://localhost:9200/_bulk [status:200 request:0.583s]
2025-12-03 03:20:48,955 - opensearch_manager - INFO - Загружено документов: 59, Ошибок: []
2025-12-03 03:20:49,296 - opensearch - INFO - POST https://localhost:9200/corporate_data/_refresh [status:200 request:0.340s]
2025-12-03 03:20:49,375 - opensearch - INFO - POST https://localhost:9200/corporate_data/_delete_by_query [status:200 request:0.078s]
2025-12-03 03:20:49,375 - opensearch_manager - INFO - Удалено устаревших документов: 0
2025-12-03 03:20:49,472 - opensearch - INFO - POST https://localhost:9200/corporate_data/_search [status:200 request:0.095s]
2025-12-03 03:20:49,908 - opensearch - INFO - POST https://localhost:9200/corporate_data/_search [status:200 request:0.435s]
2025-12-03 04:55:42,323 - opensearch - INFO - HEAD https://localhost:9200/corporate_data [status:200 request:0.518s]
2025-12-03 04:55:42,324 - opensearch_manager - INFO - Индекс 'corporate_data' уже существует.
2025-12-03 04:55:43,536 - opensearch - INFO - POST https://localhost:9200/_bulk [status:200 request:0.753s]
2025-12-03 04:55:43,541 - opensearch_manager - INFO - Загружено документов: 180, Ошибок: []
2025-12-03 04:55:43,951 - opensearch - INFO - POST https://localhost:9200/corporate_data/_refresh [status:200 request:0.410s]
2025-12-03 04:55:44,011 - opensearch - INFO - POST https://localhost:9200/corporate_data/_delete_by_query [status:200 request:0.058s]
2025-12-03 04:55:44,012 - opensearch_manager - INFO - Удалено устаревших документов: 0
2025-12-03 04:55:44,160 - opensearch - INFO - POST https://localhost:9200/corporate_data/_search [status:200 request:0.148s]
2025-12-03 04:55:44,245 - opensearch - INFO - POST https://localhost:9200/corporate_data/_search [status:200 request:0.083s]
2025-12-05 18:35:09,826 - opensearch - WARNING - HEAD https://localhost:9200/corporate_data [status:N/A request:4.149s]
Traceback (most recent call last):
  File "C:\Users\kirik\OneDrive\Документы\GitHub\-CyberMiceHackathon\venv\Lib\site-packages\urllib3\connection.py", line 198, in _new_conn
    sock = connection.create_connection(
           ^^^^^^^^^^^^^^^^^^^^^^^^^^^^^
  File "C:\Users\kirik\OneDrive\Документы\GitHub\-CyberMiceHackathon\venv\Lib\site-packages\urllib3\util\connection.py", line 85, in create_connection
    raise err
  File "C:\Users\kirik\OneDrive\Документы\GitHub\-CyberMiceHackathon\venv\Lib\site-packages\urllib3\util\connection.py", line 73, in create_connection
    sock.connect(sa)
ConnectionRefusedError: [WinError 10061] Подключение не установлено, т.к. конечный компьютер отверг запрос на подключение

The above exception was the direct cause of the following exception:

Traceback (most recent call last):
  File "C:\Users\kirik\OneDrive\Документы\GitHub\-CyberMiceHackathon\venv\Lib\site-packages\opensearchpy\connection\http_urllib3.py", line 280, in perform_request
    response = self.pool.urlopen(
               ^^^^^^^^^^^^^^^^^^
  File "C:\Users\kirik\OneDrive\Документы\GitHub\-CyberMiceHackathon\venv\Lib\site-packages\urllib3\connectionpool.py", line 841, in urlopen
    retries = retries.increment(
              ^^^^^^^^^^^^^^^^^^
  File "C:\Users\kirik\OneDrive\Документы\GitHub\-CyberMiceHackathon\venv\Lib\site-packages\urllib3\util\retry.py", line 449, in increment
    raise reraise(type(error), error, _stacktrace)
          ^^^^^^^^^^^^^^^^^^^^^^^^^^^^^^^^^^^^^^^^
  File "C:\Users\kirik\OneDrive\Документы\GitHub\-CyberMiceHackathon\venv\Lib\site-packages\urllib3\util\util.py", line 39, in reraise
    raise value
  File "C:\Users\kirik\OneDrive\Документы\GitHub\-CyberMiceHackathon\venv\Lib\site-packages\urllib3\connectionpool.py", line 787, in urlopen
    response = self._make_request(
               ^^^^^^^^^^^^^^^^^^^
  File "C:\Users\kirik\OneDrive\Документы\GitHub\-CyberMiceHackathon\venv\Lib\site-packages\urllib3\connectionpool.py", line 488, in _make_request
    raise new_e
  File "C:\Users\kirik\OneDrive\Документы\GitHub\-CyberMiceHackathon\venv\Lib\site-packages\urllib3\connectionpool.py", line 464, in _make_request
    self._validate_conn(conn)
  File "C:\Users\kirik\OneDrive\Документы\GitHub\-CyberMiceHackathon\venv\Lib\site-packages\urllib3\connectionpool.py", line 1093, in _validate_conn
    conn.connect()
  File "C:\Users\kirik\OneDrive\Документы\GitHub\-CyberMiceHackathon\venv\Lib\site-packages\urllib3\connection.py", line 753, in connect
    self.sock = sock = self._new_conn()
                       ^^^^^^^^^^^^^^^^
  File "C:\Users\kirik\OneDrive\Документы\GitHub\-CyberMiceHackathon\venv\Lib\site-packages\urllib3\connection.py", line 213, in _new_conn
    raise NewConnectionError(
urllib3.exceptions.NewConnectionError: <urllib3.connection.HTTPSConnection object at 0x000001F8A4309C90>: Failed to establish a new connection: [WinError 10061] Подключение не установлено, т.к. конечный компьютер отверг запрос на подключение
2025-12-05 18:35:13,947 - opensearch - WARNING - HEAD https://localhost:9200/corporate_data [status:N/A request:4.114s]
Traceback (most recent call last):
  File "C:\Users\kirik\OneDrive\Документы\GitHub\-CyberMiceHackathon\venv\Lib\site-packages\urllib3\connection.py", line 198, in _new_conn
    sock = connection.create_connection(
           ^^^^^^^^^^^^^^^^^^^^^^^^^^^^^
  File "C:\Users\kirik\OneDrive\Документы\GitHub\-CyberMiceHackathon\venv\Lib\site-packages\urllib3\util\connection.py", line 85, in create_connection
    raise err
  File "C:\Users\kirik\OneDrive\Документы\GitHub\-CyberMiceHackathon\venv\Lib\site-packages\urllib3\util\connection.py", line 73, in create_connection
    sock.connect(sa)
ConnectionRefusedError: [WinError 10061] Подключение не установлено, т.к. конечный компьютер отверг запрос на подключение

The above exception was the direct cause of the following exception:

Traceback (most recent call last):
  File "C:\Users\kirik\OneDrive\Документы\GitHub\-CyberMiceHackathon\venv\Lib\site-packages\opensearchpy\connection\http_urllib3.py", line 280, in perform_request
    response = self.pool.urlopen(
               ^^^^^^^^^^^^^^^^^^
  File "C:\Users\kirik\OneDrive\Документы\GitHub\-CyberMiceHackathon\venv\Lib\site-packages\urllib3\connectionpool.py", line 841, in urlopen
    retries = retries.increment(
              ^^^^^^^^^^^^^^^^^^
  File "C:\Users\kirik\OneDrive\Документы\GitHub\-CyberMiceHackathon\venv\Lib\site-packages\urllib3\util\retry.py", line 449, in increment
    raise reraise(type(error), error, _stacktrace)
          ^^^^^^^^^^^^^^^^^^^^^^^^^^^^^^^^^^^^^^^^
  File "C:\Users\kirik\OneDrive\Документы\GitHub\-CyberMiceHackathon\venv\Lib\site-packages\urllib3\util\util.py", line 39, in reraise
    raise value
  File "C:\Users\kirik\OneDrive\Документы\GitHub\-CyberMiceHackathon\venv\Lib\site-packages\urllib3\connectionpool.py", line 787, in urlopen
    response = self._make_request(
               ^^^^^^^^^^^^^^^^^^^
  File "C:\Users\kirik\OneDrive\Документы\GitHub\-CyberMiceHackathon\venv\Lib\site-packages\urllib3\connectionpool.py", line 488, in _make_request
    raise new_e
  File "C:\Users\kirik\OneDrive\Документы\GitHub\-CyberMiceHackathon\venv\Lib\site-packages\urllib3\connectionpool.py", line 464, in _make_request
    self._validate_conn(conn)
  File "C:\Users\kirik\OneDrive\Документы\GitHub\-CyberMiceHackathon\venv\Lib\site-packages\urllib3\connectionpool.py", line 1093, in _validate_conn
    conn.connect()
  File "C:\Users\kirik\OneDrive\Документы\GitHub\-CyberMiceHackathon\venv\Lib\site-packages\urllib3\connection.py", line 753, in connect
    self.sock = sock = self._new_conn()
                       ^^^^^^^^^^^^^^^^
  File "C:\Users\kirik\OneDrive\Документы\GitHub\-CyberMiceHackathon\venv\Lib\site-packages\urllib3\connection.py", line 213, in _new_conn
    raise NewConnectionError(
urllib3.exceptions.NewConnectionError: <urllib3.connection.HTTPSConnection object at 0x000001F8A3C2B410>: Failed to establish a new connection: [WinError 10061] Подключение не установлено, т.к. конечный компьютер отверг запрос на подключение
2025-12-05 18:35:18,003 - opensearch - WARNING - HEAD https://localhost:9200/corporate_data [status:N/A request:4.052s]
Traceback (most recent call last):
  File "C:\Users\kirik\OneDrive\Документы\GitHub\-CyberMiceHackathon\venv\Lib\site-packages\urllib3\connection.py", line 198, in _new_conn
    sock = connection.create_connection(
           ^^^^^^^^^^^^^^^^^^^^^^^^^^^^^
  File "C:\Users\kirik\OneDrive\Документы\GitHub\-CyberMiceHackathon\venv\Lib\site-packages\urllib3\util\connection.py", line 85, in create_connection
    raise err
  File "C:\Users\kirik\OneDrive\Документы\GitHub\-CyberMiceHackathon\venv\Lib\site-packages\urllib3\util\connection.py", line 73, in create_connection
    sock.connect(sa)
ConnectionRefusedError: [WinError 10061] Подключение не установлено, т.к. конечный компьютер отверг запрос на подключение

The above exception was the direct cause of the following exception:

Traceback (most recent call last):
  File "C:\Users\kirik\OneDrive\Документы\GitHub\-CyberMiceHackathon\venv\Lib\site-packages\opensearchpy\connection\http_urllib3.py", line 280, in perform_request
    response = self.pool.urlopen(
               ^^^^^^^^^^^^^^^^^^
  File "C:\Users\kirik\OneDrive\Документы\GitHub\-CyberMiceHackathon\venv\Lib\site-packages\urllib3\connectionpool.py", line 841, in urlopen
    retries = retries.increment(
              ^^^^^^^^^^^^^^^^^^
  File "C:\Users\kirik\OneDrive\Документы\GitHub\-CyberMiceHackathon\venv\Lib\site-packages\urllib3\util\retry.py", line 449, in increment
    raise reraise(type(error), error, _stacktrace)
          ^^^^^^^^^^^^^^^^^^^^^^^^^^^^^^^^^^^^^^^^
  File "C:\Users\kirik\OneDrive\Документы\GitHub\-CyberMiceHackathon\venv\Lib\site-packages\urllib3\util\util.py", line 39, in reraise
    raise value
  File "C:\Users\kirik\OneDrive\Документы\GitHub\-CyberMiceHackathon\venv\Lib\site-packages\urllib3\connectionpool.py", line 787, in urlopen
    response = self._make_request(
               ^^^^^^^^^^^^^^^^^^^
  File "C:\Users\kirik\OneDrive\Документы\GitHub\-CyberMiceHackathon\venv\Lib\site-packages\urllib3\connectionpool.py", line 488, in _make_request
    raise new_e
  File "C:\Users\kirik\OneDrive\Документы\GitHub\-CyberMiceHackathon\venv\Lib\site-packages\urllib3\connectionpool.py", line 464, in _make_request
    self._validate_conn(conn)
  File "C:\Users\kirik\OneDrive\Документы\GitHub\-CyberMiceHackathon\venv\Lib\site-packages\urllib3\connectionpool.py", line 1093, in _validate_conn
    conn.connect()
  File "C:\Users\kirik\OneDrive\Документы\GitHub\-CyberMiceHackathon\venv\Lib\site-packages\urllib3\connection.py", line 753, in connect
    self.sock = sock = self._new_conn()
                       ^^^^^^^^^^^^^^^^
  File "C:\Users\kirik\OneDrive\Документы\GitHub\-CyberMiceHackathon\venv\Lib\site-packages\urllib3\connection.py", line 213, in _new_conn
    raise NewConnectionError(
urllib3.exceptions.NewConnectionError: <urllib3.connection.HTTPSConnection object at 0x000001F8A432B850>: Failed to establish a new connection: [WinError 10061] Подключение не установлено, т.к. конечный компьютер отверг запрос на подключение
2025-12-05 18:35:22,071 - opensearch - WARNING - HEAD https://localhost:9200/corporate_data [status:N/A request:4.068s]
Traceback (most recent call last):
  File "C:\Users\kirik\OneDrive\Документы\GitHub\-CyberMiceHackathon\venv\Lib\site-packages\urllib3\connection.py", line 198, in _new_conn
    sock = connection.create_connection(
           ^^^^^^^^^^^^^^^^^^^^^^^^^^^^^
  File "C:\Users\kirik\OneDrive\Документы\GitHub\-CyberMiceHackathon\venv\Lib\site-packages\urllib3\util\connection.py", line 85, in create_connection
    raise err
  File "C:\Users\kirik\OneDrive\Документы\GitHub\-CyberMiceHackathon\venv\Lib\site-packages\urllib3\util\connection.py", line 73, in create_connection
    sock.connect(sa)
ConnectionRefusedError: [WinError 10061] Подключение не установлено, т.к. конечный компьютер отверг запрос на подключение

The above exception was the direct cause of the following exception:

Traceback (most recent call last):
  File "C:\Users\kirik\OneDrive\Документы\GitHub\-CyberMiceHackathon\venv\Lib\site-packages\opensearchpy\connection\http_urllib3.py", line 280, in perform_request
    response = self.pool.urlopen(
               ^^^^^^^^^^^^^^^^^^
  File "C:\Users\kirik\OneDrive\Документы\GitHub\-CyberMiceHackathon\venv\Lib\site-packages\urllib3\connectionpool.py", line 841, in urlopen
    retries = retries.increment(
              ^^^^^^^^^^^^^^^^^^
  File "C:\Users\kirik\OneDrive\Документы\GitHub\-CyberMiceHackathon\venv\Lib\site-packages\urllib3\util\retry.py", line 449, in increment
    raise reraise(type(error), error, _stacktrace)
          ^^^^^^^^^^^^^^^^^^^^^^^^^^^^^^^^^^^^^^^^
  File "C:\Users\kirik\OneDrive\Документы\GitHub\-CyberMiceHackathon\venv\Lib\site-packages\urllib3\util\util.py", line 39, in reraise
    raise value
  File "C:\Users\kirik\OneDrive\Документы\GitHub\-CyberMiceHackathon\venv\Lib\site-packages\urllib3\connectionpool.py", line 787, in urlopen
    response = self._make_request(
               ^^^^^^^^^^^^^^^^^^^
  File "C:\Users\kirik\OneDrive\Документы\GitHub\-CyberMiceHackathon\venv\Lib\site-packages\urllib3\connectionpool.py", line 488, in _make_request
    raise new_e
  File "C:\Users\kirik\OneDrive\Документы\GitHub\-CyberMiceHackathon\venv\Lib\site-packages\urllib3\connectionpool.py", line 464, in _make_request
    self._validate_conn(conn)
  File "C:\Users\kirik\OneDrive\Документы\GitHub\-CyberMiceHackathon\venv\Lib\site-packages\urllib3\connectionpool.py", line 1093, in _validate_conn
    conn.connect()
  File "C:\Users\kirik\OneDrive\Документы\GitHub\-CyberMiceHackathon\venv\Lib\site-packages\urllib3\connection.py", line 753, in connect
    self.sock = sock = self._new_conn()
                       ^^^^^^^^^^^^^^^^
  File "C:\Users\kirik\OneDrive\Документы\GitHub\-CyberMiceHackathon\venv\Lib\site-packages\urllib3\connection.py", line 213, in _new_conn
    raise NewConnectionError(
urllib3.exceptions.NewConnectionError: <urllib3.connection.HTTPSConnection object at 0x000001F8A4EA0150>: Failed to establish a new connection: [WinError 10061] Подключение не установлено, т.к. конечный компьютер отверг запрос на подключение
2025-12-05 18:36:41,640 - opensearch - WARNING - HEAD https://localhost:9200/corporate_data [status:N/A request:0.049s]
Traceback (most recent call last):
  File "C:\Users\kirik\OneDrive\Документы\GitHub\-CyberMiceHackathon\venv\Lib\site-packages\urllib3\connectionpool.py", line 787, in urlopen
    response = self._make_request(
               ^^^^^^^^^^^^^^^^^^^
  File "C:\Users\kirik\OneDrive\Документы\GitHub\-CyberMiceHackathon\venv\Lib\site-packages\urllib3\connectionpool.py", line 488, in _make_request
    raise new_e
  File "C:\Users\kirik\OneDrive\Документы\GitHub\-CyberMiceHackathon\venv\Lib\site-packages\urllib3\connectionpool.py", line 464, in _make_request
    self._validate_conn(conn)
  File "C:\Users\kirik\OneDrive\Документы\GitHub\-CyberMiceHackathon\venv\Lib\site-packages\urllib3\connectionpool.py", line 1093, in _validate_conn
    conn.connect()
  File "C:\Users\kirik\OneDrive\Документы\GitHub\-CyberMiceHackathon\venv\Lib\site-packages\urllib3\connection.py", line 790, in connect
    sock_and_verified = _ssl_wrap_socket_and_match_hostname(
                        ^^^^^^^^^^^^^^^^^^^^^^^^^^^^^^^^^^^^
  File "C:\Users\kirik\OneDrive\Документы\GitHub\-CyberMiceHackathon\venv\Lib\site-packages\urllib3\connection.py", line 969, in _ssl_wrap_socket_and_match_hostname
    ssl_sock = ssl_wrap_socket(
               ^^^^^^^^^^^^^^^^
  File "C:\Users\kirik\OneDrive\Документы\GitHub\-CyberMiceHackathon\venv\Lib\site-packages\urllib3\util\ssl_.py", line 480, in ssl_wrap_socket
    ssl_sock = _ssl_wrap_socket_impl(sock, context, tls_in_tls, server_hostname)
               ^^^^^^^^^^^^^^^^^^^^^^^^^^^^^^^^^^^^^^^^^^^^^^^^^^^^^^^^^^^^^^^^^
  File "C:\Users\kirik\OneDrive\Документы\GitHub\-CyberMiceHackathon\venv\Lib\site-packages\urllib3\util\ssl_.py", line 524, in _ssl_wrap_socket_impl
    return ssl_context.wrap_socket(sock, server_hostname=server_hostname)
           ^^^^^^^^^^^^^^^^^^^^^^^^^^^^^^^^^^^^^^^^^^^^^^^^^^^^^^^^^^^^^^
  File "C:\Users\kirik\AppData\Local\Programs\Python\Python311\Lib\ssl.py", line 517, in wrap_socket
    return self.sslsocket_class._create(
           ^^^^^^^^^^^^^^^^^^^^^^^^^^^^^
  File "C:\Users\kirik\AppData\Local\Programs\Python\Python311\Lib\ssl.py", line 1104, in _create
    self.do_handshake()
  File "C:\Users\kirik\AppData\Local\Programs\Python\Python311\Lib\ssl.py", line 1382, in do_handshake
    self._sslobj.do_handshake()
ConnectionAbortedError: [WinError 10053] Программа на вашем хост-компьютере разорвала установленное подключение

During handling of the above exception, another exception occurred:

Traceback (most recent call last):
  File "C:\Users\kirik\OneDrive\Документы\GitHub\-CyberMiceHackathon\venv\Lib\site-packages\opensearchpy\connection\http_urllib3.py", line 280, in perform_request
    response = self.pool.urlopen(
               ^^^^^^^^^^^^^^^^^^
  File "C:\Users\kirik\OneDrive\Документы\GitHub\-CyberMiceHackathon\venv\Lib\site-packages\urllib3\connectionpool.py", line 841, in urlopen
    retries = retries.increment(
              ^^^^^^^^^^^^^^^^^^
  File "C:\Users\kirik\OneDrive\Документы\GitHub\-CyberMiceHackathon\venv\Lib\site-packages\urllib3\util\retry.py", line 449, in increment
    raise reraise(type(error), error, _stacktrace)
          ^^^^^^^^^^^^^^^^^^^^^^^^^^^^^^^^^^^^^^^^
  File "C:\Users\kirik\OneDrive\Документы\GitHub\-CyberMiceHackathon\venv\Lib\site-packages\urllib3\util\util.py", line 38, in reraise
    raise value.with_traceback(tb)
  File "C:\Users\kirik\OneDrive\Документы\GitHub\-CyberMiceHackathon\venv\Lib\site-packages\urllib3\connectionpool.py", line 787, in urlopen
    response = self._make_request(
               ^^^^^^^^^^^^^^^^^^^
  File "C:\Users\kirik\OneDrive\Документы\GitHub\-CyberMiceHackathon\venv\Lib\site-packages\urllib3\connectionpool.py", line 488, in _make_request
    raise new_e
  File "C:\Users\kirik\OneDrive\Документы\GitHub\-CyberMiceHackathon\venv\Lib\site-packages\urllib3\connectionpool.py", line 464, in _make_request
    self._validate_conn(conn)
  File "C:\Users\kirik\OneDrive\Документы\GitHub\-CyberMiceHackathon\venv\Lib\site-packages\urllib3\connectionpool.py", line 1093, in _validate_conn
    conn.connect()
  File "C:\Users\kirik\OneDrive\Документы\GitHub\-CyberMiceHackathon\venv\Lib\site-packages\urllib3\connection.py", line 790, in connect
    sock_and_verified = _ssl_wrap_socket_and_match_hostname(
                        ^^^^^^^^^^^^^^^^^^^^^^^^^^^^^^^^^^^^
  File "C:\Users\kirik\OneDrive\Документы\GitHub\-CyberMiceHackathon\venv\Lib\site-packages\urllib3\connection.py", line 969, in _ssl_wrap_socket_and_match_hostname
    ssl_sock = ssl_wrap_socket(
               ^^^^^^^^^^^^^^^^
  File "C:\Users\kirik\OneDrive\Документы\GitHub\-CyberMiceHackathon\venv\Lib\site-packages\urllib3\util\ssl_.py", line 480, in ssl_wrap_socket
    ssl_sock = _ssl_wrap_socket_impl(sock, context, tls_in_tls, server_hostname)
               ^^^^^^^^^^^^^^^^^^^^^^^^^^^^^^^^^^^^^^^^^^^^^^^^^^^^^^^^^^^^^^^^^
  File "C:\Users\kirik\OneDrive\Документы\GitHub\-CyberMiceHackathon\venv\Lib\site-packages\urllib3\util\ssl_.py", line 524, in _ssl_wrap_socket_impl
    return ssl_context.wrap_socket(sock, server_hostname=server_hostname)
           ^^^^^^^^^^^^^^^^^^^^^^^^^^^^^^^^^^^^^^^^^^^^^^^^^^^^^^^^^^^^^^
  File "C:\Users\kirik\AppData\Local\Programs\Python\Python311\Lib\ssl.py", line 517, in wrap_socket
    return self.sslsocket_class._create(
           ^^^^^^^^^^^^^^^^^^^^^^^^^^^^^
  File "C:\Users\kirik\AppData\Local\Programs\Python\Python311\Lib\ssl.py", line 1104, in _create
    self.do_handshake()
  File "C:\Users\kirik\AppData\Local\Programs\Python\Python311\Lib\ssl.py", line 1382, in do_handshake
    self._sslobj.do_handshake()
urllib3.exceptions.ProtocolError: ('Connection aborted.', ConnectionAbortedError(10053, 'Программа на вашем хост-компьютере разорвала установленное подключение', None, 10053, None))
2025-12-05 18:36:41,708 - opensearch - WARNING - HEAD https://localhost:9200/corporate_data [status:N/A request:0.023s]
Traceback (most recent call last):
  File "C:\Users\kirik\OneDrive\Документы\GitHub\-CyberMiceHackathon\venv\Lib\site-packages\urllib3\connectionpool.py", line 787, in urlopen
    response = self._make_request(
               ^^^^^^^^^^^^^^^^^^^
  File "C:\Users\kirik\OneDrive\Документы\GitHub\-CyberMiceHackathon\venv\Lib\site-packages\urllib3\connectionpool.py", line 488, in _make_request
    raise new_e
  File "C:\Users\kirik\OneDrive\Документы\GitHub\-CyberMiceHackathon\venv\Lib\site-packages\urllib3\connectionpool.py", line 464, in _make_request
    self._validate_conn(conn)
  File "C:\Users\kirik\OneDrive\Документы\GitHub\-CyberMiceHackathon\venv\Lib\site-packages\urllib3\connectionpool.py", line 1093, in _validate_conn
    conn.connect()
  File "C:\Users\kirik\OneDrive\Документы\GitHub\-CyberMiceHackathon\venv\Lib\site-packages\urllib3\connection.py", line 790, in connect
    sock_and_verified = _ssl_wrap_socket_and_match_hostname(
                        ^^^^^^^^^^^^^^^^^^^^^^^^^^^^^^^^^^^^
  File "C:\Users\kirik\OneDrive\Документы\GitHub\-CyberMiceHackathon\venv\Lib\site-packages\urllib3\connection.py", line 969, in _ssl_wrap_socket_and_match_hostname
    ssl_sock = ssl_wrap_socket(
               ^^^^^^^^^^^^^^^^
  File "C:\Users\kirik\OneDrive\Документы\GitHub\-CyberMiceHackathon\venv\Lib\site-packages\urllib3\util\ssl_.py", line 480, in ssl_wrap_socket
    ssl_sock = _ssl_wrap_socket_impl(sock, context, tls_in_tls, server_hostname)
               ^^^^^^^^^^^^^^^^^^^^^^^^^^^^^^^^^^^^^^^^^^^^^^^^^^^^^^^^^^^^^^^^^
  File "C:\Users\kirik\OneDrive\Документы\GitHub\-CyberMiceHackathon\venv\Lib\site-packages\urllib3\util\ssl_.py", line 524, in _ssl_wrap_socket_impl
    return ssl_context.wrap_socket(sock, server_hostname=server_hostname)
           ^^^^^^^^^^^^^^^^^^^^^^^^^^^^^^^^^^^^^^^^^^^^^^^^^^^^^^^^^^^^^^
  File "C:\Users\kirik\AppData\Local\Programs\Python\Python311\Lib\ssl.py", line 517, in wrap_socket
    return self.sslsocket_class._create(
           ^^^^^^^^^^^^^^^^^^^^^^^^^^^^^
  File "C:\Users\kirik\AppData\Local\Programs\Python\Python311\Lib\ssl.py", line 1104, in _create
    self.do_handshake()
  File "C:\Users\kirik\AppData\Local\Programs\Python\Python311\Lib\ssl.py", line 1382, in do_handshake
    self._sslobj.do_handshake()
ConnectionAbortedError: [WinError 10053] Программа на вашем хост-компьютере разорвала установленное подключение

During handling of the above exception, another exception occurred:

Traceback (most recent call last):
  File "C:\Users\kirik\OneDrive\Документы\GitHub\-CyberMiceHackathon\venv\Lib\site-packages\opensearchpy\connection\http_urllib3.py", line 280, in perform_request
    response = self.pool.urlopen(
               ^^^^^^^^^^^^^^^^^^
  File "C:\Users\kirik\OneDrive\Документы\GitHub\-CyberMiceHackathon\venv\Lib\site-packages\urllib3\connectionpool.py", line 841, in urlopen
    retries = retries.increment(
              ^^^^^^^^^^^^^^^^^^
  File "C:\Users\kirik\OneDrive\Документы\GitHub\-CyberMiceHackathon\venv\Lib\site-packages\urllib3\util\retry.py", line 449, in increment
    raise reraise(type(error), error, _stacktrace)
          ^^^^^^^^^^^^^^^^^^^^^^^^^^^^^^^^^^^^^^^^
  File "C:\Users\kirik\OneDrive\Документы\GitHub\-CyberMiceHackathon\venv\Lib\site-packages\urllib3\util\util.py", line 38, in reraise
    raise value.with_traceback(tb)
  File "C:\Users\kirik\OneDrive\Документы\GitHub\-CyberMiceHackathon\venv\Lib\site-packages\urllib3\connectionpool.py", line 787, in urlopen
    response = self._make_request(
               ^^^^^^^^^^^^^^^^^^^
  File "C:\Users\kirik\OneDrive\Документы\GitHub\-CyberMiceHackathon\venv\Lib\site-packages\urllib3\connectionpool.py", line 488, in _make_request
    raise new_e
  File "C:\Users\kirik\OneDrive\Документы\GitHub\-CyberMiceHackathon\venv\Lib\site-packages\urllib3\connectionpool.py", line 464, in _make_request
    self._validate_conn(conn)
  File "C:\Users\kirik\OneDrive\Документы\GitHub\-CyberMiceHackathon\venv\Lib\site-packages\urllib3\connectionpool.py", line 1093, in _validate_conn
    conn.connect()
  File "C:\Users\kirik\OneDrive\Документы\GitHub\-CyberMiceHackathon\venv\Lib\site-packages\urllib3\connection.py", line 790, in connect
    sock_and_verified = _ssl_wrap_socket_and_match_hostname(
                        ^^^^^^^^^^^^^^^^^^^^^^^^^^^^^^^^^^^^
  File "C:\Users\kirik\OneDrive\Документы\GitHub\-CyberMiceHackathon\venv\Lib\site-packages\urllib3\connection.py", line 969, in _ssl_wrap_socket_and_match_hostname
    ssl_sock = ssl_wrap_socket(
               ^^^^^^^^^^^^^^^^
  File "C:\Users\kirik\OneDrive\Документы\GitHub\-CyberMiceHackathon\venv\Lib\site-packages\urllib3\util\ssl_.py", line 480, in ssl_wrap_socket
    ssl_sock = _ssl_wrap_socket_impl(sock, context, tls_in_tls, server_hostname)
               ^^^^^^^^^^^^^^^^^^^^^^^^^^^^^^^^^^^^^^^^^^^^^^^^^^^^^^^^^^^^^^^^^
  File "C:\Users\kirik\OneDrive\Документы\GitHub\-CyberMiceHackathon\venv\Lib\site-packages\urllib3\util\ssl_.py", line 524, in _ssl_wrap_socket_impl
    return ssl_context.wrap_socket(sock, server_hostname=server_hostname)
           ^^^^^^^^^^^^^^^^^^^^^^^^^^^^^^^^^^^^^^^^^^^^^^^^^^^^^^^^^^^^^^
  File "C:\Users\kirik\AppData\Local\Programs\Python\Python311\Lib\ssl.py", line 517, in wrap_socket
    return self.sslsocket_class._create(
           ^^^^^^^^^^^^^^^^^^^^^^^^^^^^^
  File "C:\Users\kirik\AppData\Local\Programs\Python\Python311\Lib\ssl.py", line 1104, in _create
    self.do_handshake()
  File "C:\Users\kirik\AppData\Local\Programs\Python\Python311\Lib\ssl.py", line 1382, in do_handshake
    self._sslobj.do_handshake()
urllib3.exceptions.ProtocolError: ('Connection aborted.', ConnectionAbortedError(10053, 'Программа на вашем хост-компьютере разорвала установленное подключение', None, 10053, None))
2025-12-05 18:36:41,743 - opensearch - WARNING - HEAD https://localhost:9200/corporate_data [status:N/A request:0.031s]
Traceback (most recent call last):
  File "C:\Users\kirik\OneDrive\Документы\GitHub\-CyberMiceHackathon\venv\Lib\site-packages\urllib3\connectionpool.py", line 787, in urlopen
    response = self._make_request(
               ^^^^^^^^^^^^^^^^^^^
  File "C:\Users\kirik\OneDrive\Документы\GitHub\-CyberMiceHackathon\venv\Lib\site-packages\urllib3\connectionpool.py", line 488, in _make_request
    raise new_e
  File "C:\Users\kirik\OneDrive\Документы\GitHub\-CyberMiceHackathon\venv\Lib\site-packages\urllib3\connectionpool.py", line 464, in _make_request
    self._validate_conn(conn)
  File "C:\Users\kirik\OneDrive\Документы\GitHub\-CyberMiceHackathon\venv\Lib\site-packages\urllib3\connectionpool.py", line 1093, in _validate_conn
    conn.connect()
  File "C:\Users\kirik\OneDrive\Документы\GitHub\-CyberMiceHackathon\venv\Lib\site-packages\urllib3\connection.py", line 790, in connect
    sock_and_verified = _ssl_wrap_socket_and_match_hostname(
                        ^^^^^^^^^^^^^^^^^^^^^^^^^^^^^^^^^^^^
  File "C:\Users\kirik\OneDrive\Документы\GitHub\-CyberMiceHackathon\venv\Lib\site-packages\urllib3\connection.py", line 969, in _ssl_wrap_socket_and_match_hostname
    ssl_sock = ssl_wrap_socket(
               ^^^^^^^^^^^^^^^^
  File "C:\Users\kirik\OneDrive\Документы\GitHub\-CyberMiceHackathon\venv\Lib\site-packages\urllib3\util\ssl_.py", line 480, in ssl_wrap_socket
    ssl_sock = _ssl_wrap_socket_impl(sock, context, tls_in_tls, server_hostname)
               ^^^^^^^^^^^^^^^^^^^^^^^^^^^^^^^^^^^^^^^^^^^^^^^^^^^^^^^^^^^^^^^^^
  File "C:\Users\kirik\OneDrive\Документы\GitHub\-CyberMiceHackathon\venv\Lib\site-packages\urllib3\util\ssl_.py", line 524, in _ssl_wrap_socket_impl
    return ssl_context.wrap_socket(sock, server_hostname=server_hostname)
           ^^^^^^^^^^^^^^^^^^^^^^^^^^^^^^^^^^^^^^^^^^^^^^^^^^^^^^^^^^^^^^
  File "C:\Users\kirik\AppData\Local\Programs\Python\Python311\Lib\ssl.py", line 517, in wrap_socket
    return self.sslsocket_class._create(
           ^^^^^^^^^^^^^^^^^^^^^^^^^^^^^
  File "C:\Users\kirik\AppData\Local\Programs\Python\Python311\Lib\ssl.py", line 1104, in _create
    self.do_handshake()
  File "C:\Users\kirik\AppData\Local\Programs\Python\Python311\Lib\ssl.py", line 1382, in do_handshake
    self._sslobj.do_handshake()
ConnectionAbortedError: [WinError 10053] Программа на вашем хост-компьютере разорвала установленное подключение

During handling of the above exception, another exception occurred:

Traceback (most recent call last):
  File "C:\Users\kirik\OneDrive\Документы\GitHub\-CyberMiceHackathon\venv\Lib\site-packages\opensearchpy\connection\http_urllib3.py", line 280, in perform_request
    response = self.pool.urlopen(
               ^^^^^^^^^^^^^^^^^^
  File "C:\Users\kirik\OneDrive\Документы\GitHub\-CyberMiceHackathon\venv\Lib\site-packages\urllib3\connectionpool.py", line 841, in urlopen
    retries = retries.increment(
              ^^^^^^^^^^^^^^^^^^
  File "C:\Users\kirik\OneDrive\Документы\GitHub\-CyberMiceHackathon\venv\Lib\site-packages\urllib3\util\retry.py", line 449, in increment
    raise reraise(type(error), error, _stacktrace)
          ^^^^^^^^^^^^^^^^^^^^^^^^^^^^^^^^^^^^^^^^
  File "C:\Users\kirik\OneDrive\Документы\GitHub\-CyberMiceHackathon\venv\Lib\site-packages\urllib3\util\util.py", line 38, in reraise
    raise value.with_traceback(tb)
  File "C:\Users\kirik\OneDrive\Документы\GitHub\-CyberMiceHackathon\venv\Lib\site-packages\urllib3\connectionpool.py", line 787, in urlopen
    response = self._make_request(
               ^^^^^^^^^^^^^^^^^^^
  File "C:\Users\kirik\OneDrive\Документы\GitHub\-CyberMiceHackathon\venv\Lib\site-packages\urllib3\connectionpool.py", line 488, in _make_request
    raise new_e
  File "C:\Users\kirik\OneDrive\Документы\GitHub\-CyberMiceHackathon\venv\Lib\site-packages\urllib3\connectionpool.py", line 464, in _make_request
    self._validate_conn(conn)
  File "C:\Users\kirik\OneDrive\Документы\GitHub\-CyberMiceHackathon\venv\Lib\site-packages\urllib3\connectionpool.py", line 1093, in _validate_conn
    conn.connect()
  File "C:\Users\kirik\OneDrive\Документы\GitHub\-CyberMiceHackathon\venv\Lib\site-packages\urllib3\connection.py", line 790, in connect
    sock_and_verified = _ssl_wrap_socket_and_match_hostname(
                        ^^^^^^^^^^^^^^^^^^^^^^^^^^^^^^^^^^^^
  File "C:\Users\kirik\OneDrive\Документы\GitHub\-CyberMiceHackathon\venv\Lib\site-packages\urllib3\connection.py", line 969, in _ssl_wrap_socket_and_match_hostname
    ssl_sock = ssl_wrap_socket(
               ^^^^^^^^^^^^^^^^
  File "C:\Users\kirik\OneDrive\Документы\GitHub\-CyberMiceHackathon\venv\Lib\site-packages\urllib3\util\ssl_.py", line 480, in ssl_wrap_socket
    ssl_sock = _ssl_wrap_socket_impl(sock, context, tls_in_tls, server_hostname)
               ^^^^^^^^^^^^^^^^^^^^^^^^^^^^^^^^^^^^^^^^^^^^^^^^^^^^^^^^^^^^^^^^^
  File "C:\Users\kirik\OneDrive\Документы\GitHub\-CyberMiceHackathon\venv\Lib\site-packages\urllib3\util\ssl_.py", line 524, in _ssl_wrap_socket_impl
    return ssl_context.wrap_socket(sock, server_hostname=server_hostname)
           ^^^^^^^^^^^^^^^^^^^^^^^^^^^^^^^^^^^^^^^^^^^^^^^^^^^^^^^^^^^^^^
  File "C:\Users\kirik\AppData\Local\Programs\Python\Python311\Lib\ssl.py", line 517, in wrap_socket
    return self.sslsocket_class._create(
           ^^^^^^^^^^^^^^^^^^^^^^^^^^^^^
  File "C:\Users\kirik\AppData\Local\Programs\Python\Python311\Lib\ssl.py", line 1104, in _create
    self.do_handshake()
  File "C:\Users\kirik\AppData\Local\Programs\Python\Python311\Lib\ssl.py", line 1382, in do_handshake
    self._sslobj.do_handshake()
urllib3.exceptions.ProtocolError: ('Connection aborted.', ConnectionAbortedError(10053, 'Программа на вашем хост-компьютере разорвала установленное подключение', None, 10053, None))
2025-12-05 18:36:41,789 - opensearch - WARNING - HEAD https://localhost:9200/corporate_data [status:N/A request:0.041s]
Traceback (most recent call last):
  File "C:\Users\kirik\OneDrive\Документы\GitHub\-CyberMiceHackathon\venv\Lib\site-packages\urllib3\connectionpool.py", line 787, in urlopen
    response = self._make_request(
               ^^^^^^^^^^^^^^^^^^^
  File "C:\Users\kirik\OneDrive\Документы\GitHub\-CyberMiceHackathon\venv\Lib\site-packages\urllib3\connectionpool.py", line 488, in _make_request
    raise new_e
  File "C:\Users\kirik\OneDrive\Документы\GitHub\-CyberMiceHackathon\venv\Lib\site-packages\urllib3\connectionpool.py", line 464, in _make_request
    self._validate_conn(conn)
  File "C:\Users\kirik\OneDrive\Документы\GitHub\-CyberMiceHackathon\venv\Lib\site-packages\urllib3\connectionpool.py", line 1093, in _validate_conn
    conn.connect()
  File "C:\Users\kirik\OneDrive\Документы\GitHub\-CyberMiceHackathon\venv\Lib\site-packages\urllib3\connection.py", line 790, in connect
    sock_and_verified = _ssl_wrap_socket_and_match_hostname(
                        ^^^^^^^^^^^^^^^^^^^^^^^^^^^^^^^^^^^^
  File "C:\Users\kirik\OneDrive\Документы\GitHub\-CyberMiceHackathon\venv\Lib\site-packages\urllib3\connection.py", line 969, in _ssl_wrap_socket_and_match_hostname
    ssl_sock = ssl_wrap_socket(
               ^^^^^^^^^^^^^^^^
  File "C:\Users\kirik\OneDrive\Документы\GitHub\-CyberMiceHackathon\venv\Lib\site-packages\urllib3\util\ssl_.py", line 480, in ssl_wrap_socket
    ssl_sock = _ssl_wrap_socket_impl(sock, context, tls_in_tls, server_hostname)
               ^^^^^^^^^^^^^^^^^^^^^^^^^^^^^^^^^^^^^^^^^^^^^^^^^^^^^^^^^^^^^^^^^
  File "C:\Users\kirik\OneDrive\Документы\GitHub\-CyberMiceHackathon\venv\Lib\site-packages\urllib3\util\ssl_.py", line 524, in _ssl_wrap_socket_impl
    return ssl_context.wrap_socket(sock, server_hostname=server_hostname)
           ^^^^^^^^^^^^^^^^^^^^^^^^^^^^^^^^^^^^^^^^^^^^^^^^^^^^^^^^^^^^^^
  File "C:\Users\kirik\AppData\Local\Programs\Python\Python311\Lib\ssl.py", line 517, in wrap_socket
    return self.sslsocket_class._create(
           ^^^^^^^^^^^^^^^^^^^^^^^^^^^^^
  File "C:\Users\kirik\AppData\Local\Programs\Python\Python311\Lib\ssl.py", line 1104, in _create
    self.do_handshake()
  File "C:\Users\kirik\AppData\Local\Programs\Python\Python311\Lib\ssl.py", line 1382, in do_handshake
    self._sslobj.do_handshake()
ConnectionAbortedError: [WinError 10053] Программа на вашем хост-компьютере разорвала установленное подключение

During handling of the above exception, another exception occurred:

Traceback (most recent call last):
  File "C:\Users\kirik\OneDrive\Документы\GitHub\-CyberMiceHackathon\venv\Lib\site-packages\opensearchpy\connection\http_urllib3.py", line 280, in perform_request
    response = self.pool.urlopen(
               ^^^^^^^^^^^^^^^^^^
  File "C:\Users\kirik\OneDrive\Документы\GitHub\-CyberMiceHackathon\venv\Lib\site-packages\urllib3\connectionpool.py", line 841, in urlopen
    retries = retries.increment(
              ^^^^^^^^^^^^^^^^^^
  File "C:\Users\kirik\OneDrive\Документы\GitHub\-CyberMiceHackathon\venv\Lib\site-packages\urllib3\util\retry.py", line 449, in increment
    raise reraise(type(error), error, _stacktrace)
          ^^^^^^^^^^^^^^^^^^^^^^^^^^^^^^^^^^^^^^^^
  File "C:\Users\kirik\OneDrive\Документы\GitHub\-CyberMiceHackathon\venv\Lib\site-packages\urllib3\util\util.py", line 38, in reraise
    raise value.with_traceback(tb)
  File "C:\Users\kirik\OneDrive\Документы\GitHub\-CyberMiceHackathon\venv\Lib\site-packages\urllib3\connectionpool.py", line 787, in urlopen
    response = self._make_request(
               ^^^^^^^^^^^^^^^^^^^
  File "C:\Users\kirik\OneDrive\Документы\GitHub\-CyberMiceHackathon\venv\Lib\site-packages\urllib3\connectionpool.py", line 488, in _make_request
    raise new_e
  File "C:\Users\kirik\OneDrive\Документы\GitHub\-CyberMiceHackathon\venv\Lib\site-packages\urllib3\connectionpool.py", line 464, in _make_request
    self._validate_conn(conn)
  File "C:\Users\kirik\OneDrive\Документы\GitHub\-CyberMiceHackathon\venv\Lib\site-packages\urllib3\connectionpool.py", line 1093, in _validate_conn
    conn.connect()
  File "C:\Users\kirik\OneDrive\Документы\GitHub\-CyberMiceHackathon\venv\Lib\site-packages\urllib3\connection.py", line 790, in connect
    sock_and_verified = _ssl_wrap_socket_and_match_hostname(
                        ^^^^^^^^^^^^^^^^^^^^^^^^^^^^^^^^^^^^
  File "C:\Users\kirik\OneDrive\Документы\GitHub\-CyberMiceHackathon\venv\Lib\site-packages\urllib3\connection.py", line 969, in _ssl_wrap_socket_and_match_hostname
    ssl_sock = ssl_wrap_socket(
               ^^^^^^^^^^^^^^^^
  File "C:\Users\kirik\OneDrive\Документы\GitHub\-CyberMiceHackathon\venv\Lib\site-packages\urllib3\util\ssl_.py", line 480, in ssl_wrap_socket
    ssl_sock = _ssl_wrap_socket_impl(sock, context, tls_in_tls, server_hostname)
               ^^^^^^^^^^^^^^^^^^^^^^^^^^^^^^^^^^^^^^^^^^^^^^^^^^^^^^^^^^^^^^^^^
  File "C:\Users\kirik\OneDrive\Документы\GitHub\-CyberMiceHackathon\venv\Lib\site-packages\urllib3\util\ssl_.py", line 524, in _ssl_wrap_socket_impl
    return ssl_context.wrap_socket(sock, server_hostname=server_hostname)
           ^^^^^^^^^^^^^^^^^^^^^^^^^^^^^^^^^^^^^^^^^^^^^^^^^^^^^^^^^^^^^^
  File "C:\Users\kirik\AppData\Local\Programs\Python\Python311\Lib\ssl.py", line 517, in wrap_socket
    return self.sslsocket_class._create(
           ^^^^^^^^^^^^^^^^^^^^^^^^^^^^^
  File "C:\Users\kirik\AppData\Local\Programs\Python\Python311\Lib\ssl.py", line 1104, in _create
    self.do_handshake()
  File "C:\Users\kirik\AppData\Local\Programs\Python\Python311\Lib\ssl.py", line 1382, in do_handshake
    self._sslobj.do_handshake()
urllib3.exceptions.ProtocolError: ('Connection aborted.', ConnectionAbortedError(10053, 'Программа на вашем хост-компьютере разорвала установленное подключение', None, 10053, None))
2025-12-05 20:13:51,038 - opensearch - INFO - PUT https://localhost:9200/corporate_data [status:200 request:1.059s]
2025-12-05 20:13:51,043 - opensearch_manager - INFO - Индекс 'corporate_data' успешно создан.
2025-12-05 20:13:54,090 - opensearch - INFO - POST https://localhost:9200/_bulk [status:200 request:1.542s]
2025-12-05 20:13:54,594 - opensearch - INFO - POST https://localhost:9200/_bulk [status:200 request:0.456s]
2025-12-05 20:13:54,599 - opensearch_manager - INFO - Загружено документов: 770, Ошибок: []
2025-12-05 20:13:54,998 - opensearch - INFO - POST https://localhost:9200/corporate_data/_refresh [status:200 request:0.399s]
2025-12-05 20:13:55,252 - opensearch - INFO - POST https://localhost:9200/corporate_data/_delete_by_query [status:200 request:0.251s]
2025-12-05 20:13:55,253 - opensearch_manager - INFO - Удалено устаревших документов: 0
2025-12-05 20:13:55,340 - opensearch - INFO - POST https://localhost:9200/corporate_data/_search [status:200 request:0.085s]
2025-12-05 20:13:55,595 - opensearch - INFO - POST https://localhost:9200/corporate_data/_search [status:200 request:0.254s]
