2025-12-04 04:01:35,673 - opensearch - INFO - GET https://localhost:9200/_cat/count/corporate_data?format=json [status:200 request:0.279s]
2025-12-04 04:02:25,097 - opensearch - INFO - GET https://localhost:9200/_cat/count/corporate_data?format=json [status:200 request:0.248s]
2025-12-04 04:03:01,563 - opensearch - INFO - GET https://localhost:9200/_cat/count/corporate_data?format=json [status:200 request:0.183s]
2025-12-04 04:03:05,475 - opensearch - INFO - GET https://localhost:9200/_cat/count/corporate_data?format=json [status:200 request:0.024s]
2025-12-04 04:03:07,120 - opensearch - INFO - POST https://localhost:9200/corporate_data/_search [status:200 request:0.587s]
2025-12-04 04:06:05,482 - opensearch - INFO - GET https://localhost:9200/_cat/count/corporate_data?format=json [status:200 request:0.153s]
2025-12-04 04:06:08,589 - opensearch - INFO - GET https://localhost:9200/_cat/count/corporate_data?format=json [status:200 request:0.295s]
2025-12-04 04:06:08,624 - urllib3.connectionpool - WARNING - Connection pool is full, discarding connection: localhost. Connection pool size: 1
2025-12-04 04:06:08,625 - opensearch - INFO - GET https://localhost:9200/_cat/count/corporate_data?format=json [status:200 request:0.329s]
2025-12-04 04:06:10,170 - opensearch - INFO - POST https://localhost:9200/corporate_data/_search [status:200 request:0.268s]
2025-12-04 04:06:10,403 - urllib3.connectionpool - WARNING - Connection pool is full, discarding connection: localhost. Connection pool size: 1
2025-12-04 04:06:10,403 - opensearch - INFO - POST https://localhost:9200/corporate_data/_search [status:200 request:0.372s]
2025-12-04 04:06:24,023 - opensearch - INFO - GET https://localhost:9200/_cat/count/corporate_data?format=json [status:200 request:0.027s]
2025-12-04 04:06:24,257 - opensearch - INFO - POST https://localhost:9200/corporate_data/_search [status:200 request:0.155s]
2025-12-04 04:07:20,676 - opensearch - INFO - GET https://localhost:9200/_cat/count/corporate_data?format=json [status:200 request:0.180s]
2025-12-04 04:09:31,848 - opensearch - INFO - GET https://localhost:9200/_cat/count/corporate_data?format=json [status:200 request:0.170s]
2025-12-04 04:09:35,884 - opensearch - INFO - GET https://localhost:9200/_cat/count/corporate_data?format=json [status:200 request:0.119s]
2025-12-04 04:09:37,133 - opensearch - INFO - POST https://localhost:9200/corporate_data/_search [status:200 request:0.170s]
2025-12-04 04:09:38,042 - httpx - INFO - HTTP Request: POST https://ngw.devices.sberbank.ru:9443/api/v2/oauth "HTTP/1.1 200 OK"
2025-12-04 04:09:38,727 - httpx - INFO - HTTP Request: POST https://gigachat.devices.sberbank.ru/api/v1/chat/completions "HTTP/1.1 200 OK"
2025-12-04 04:09:39,109 - opensearch - INFO - POST https://localhost:9200/corporate_data/_search [status:200 request:0.364s]
2025-12-04 04:09:39,246 - httpx - INFO - HTTP Request: POST https://gigachat.devices.sberbank.ru/api/v1/chat/completions "HTTP/1.1 200 OK"
2025-12-04 04:09:53,122 - opensearch - INFO - GET https://localhost:9200/_cat/count/corporate_data?format=json [status:200 request:0.026s]
2025-12-04 04:09:53,332 - opensearch - INFO - POST https://localhost:9200/corporate_data/_search [status:200 request:0.133s]
2025-12-04 04:09:53,866 - httpx - INFO - HTTP Request: POST https://gigachat.devices.sberbank.ru/api/v1/chat/completions "HTTP/1.1 200 OK"
2025-12-04 04:09:54,012 - opensearch - INFO - POST https://localhost:9200/corporate_data/_search [status:200 request:0.137s]
2025-12-04 04:09:54,183 - httpx - INFO - HTTP Request: POST https://gigachat.devices.sberbank.ru/api/v1/chat/completions "HTTP/1.1 200 OK"
2025-12-04 18:14:37,516 - opensearch - WARNING - GET https://localhost:9200/_cat/count/corporate_data?format=json [status:N/A request:4.093s]
Traceback (most recent call last):
  File "C:\Users\OLEGZ\.pyenv\pyenv-win\versions\3.11.9\Lib\site-packages\urllib3\connection.py", line 198, in _new_conn
    sock = connection.create_connection(
           ^^^^^^^^^^^^^^^^^^^^^^^^^^^^^
  File "C:\Users\OLEGZ\.pyenv\pyenv-win\versions\3.11.9\Lib\site-packages\urllib3\util\connection.py", line 85, in create_connection
    raise err
  File "C:\Users\OLEGZ\.pyenv\pyenv-win\versions\3.11.9\Lib\site-packages\urllib3\util\connection.py", line 73, in create_connection
    sock.connect(sa)
ConnectionRefusedError: [WinError 10061] Подключение не установлено, т.к. конечный компьютер отверг запрос на подключение

The above exception was the direct cause of the following exception:

Traceback (most recent call last):
  File "C:\Users\OLEGZ\.pyenv\pyenv-win\versions\3.11.9\Lib\site-packages\opensearchpy\connection\http_urllib3.py", line 280, in perform_request
    response = self.pool.urlopen(
               ^^^^^^^^^^^^^^^^^^
  File "C:\Users\OLEGZ\.pyenv\pyenv-win\versions\3.11.9\Lib\site-packages\urllib3\connectionpool.py", line 841, in urlopen
    retries = retries.increment(
              ^^^^^^^^^^^^^^^^^^
  File "C:\Users\OLEGZ\.pyenv\pyenv-win\versions\3.11.9\Lib\site-packages\urllib3\util\retry.py", line 449, in increment
    raise reraise(type(error), error, _stacktrace)
          ^^^^^^^^^^^^^^^^^^^^^^^^^^^^^^^^^^^^^^^^
  File "C:\Users\OLEGZ\.pyenv\pyenv-win\versions\3.11.9\Lib\site-packages\urllib3\util\util.py", line 39, in reraise
    raise value
  File "C:\Users\OLEGZ\.pyenv\pyenv-win\versions\3.11.9\Lib\site-packages\urllib3\connectionpool.py", line 787, in urlopen
    response = self._make_request(
               ^^^^^^^^^^^^^^^^^^^
  File "C:\Users\OLEGZ\.pyenv\pyenv-win\versions\3.11.9\Lib\site-packages\urllib3\connectionpool.py", line 488, in _make_request
    raise new_e
  File "C:\Users\OLEGZ\.pyenv\pyenv-win\versions\3.11.9\Lib\site-packages\urllib3\connectionpool.py", line 464, in _make_request
    self._validate_conn(conn)
  File "C:\Users\OLEGZ\.pyenv\pyenv-win\versions\3.11.9\Lib\site-packages\urllib3\connectionpool.py", line 1093, in _validate_conn
    conn.connect()
  File "C:\Users\OLEGZ\.pyenv\pyenv-win\versions\3.11.9\Lib\site-packages\urllib3\connection.py", line 753, in connect
    self.sock = sock = self._new_conn()
                       ^^^^^^^^^^^^^^^^
  File "C:\Users\OLEGZ\.pyenv\pyenv-win\versions\3.11.9\Lib\site-packages\urllib3\connection.py", line 213, in _new_conn
    raise NewConnectionError(
urllib3.exceptions.NewConnectionError: <urllib3.connection.HTTPSConnection object at 0x000001CEA9FC8410>: Failed to establish a new connection: [WinError 10061] Подключение не установлено, т.к. конечный компьютер отверг запрос на подключение
2025-12-04 18:14:41,618 - opensearch - WARNING - GET https://localhost:9200/_cat/count/corporate_data?format=json [status:N/A request:4.074s]
Traceback (most recent call last):
  File "C:\Users\OLEGZ\.pyenv\pyenv-win\versions\3.11.9\Lib\site-packages\urllib3\connection.py", line 198, in _new_conn
    sock = connection.create_connection(
           ^^^^^^^^^^^^^^^^^^^^^^^^^^^^^
  File "C:\Users\OLEGZ\.pyenv\pyenv-win\versions\3.11.9\Lib\site-packages\urllib3\util\connection.py", line 85, in create_connection
    raise err
  File "C:\Users\OLEGZ\.pyenv\pyenv-win\versions\3.11.9\Lib\site-packages\urllib3\util\connection.py", line 73, in create_connection
    sock.connect(sa)
ConnectionRefusedError: [WinError 10061] Подключение не установлено, т.к. конечный компьютер отверг запрос на подключение

The above exception was the direct cause of the following exception:

Traceback (most recent call last):
  File "C:\Users\OLEGZ\.pyenv\pyenv-win\versions\3.11.9\Lib\site-packages\opensearchpy\connection\http_urllib3.py", line 280, in perform_request
    response = self.pool.urlopen(
               ^^^^^^^^^^^^^^^^^^
  File "C:\Users\OLEGZ\.pyenv\pyenv-win\versions\3.11.9\Lib\site-packages\urllib3\connectionpool.py", line 841, in urlopen
    retries = retries.increment(
              ^^^^^^^^^^^^^^^^^^
  File "C:\Users\OLEGZ\.pyenv\pyenv-win\versions\3.11.9\Lib\site-packages\urllib3\util\retry.py", line 449, in increment
    raise reraise(type(error), error, _stacktrace)
          ^^^^^^^^^^^^^^^^^^^^^^^^^^^^^^^^^^^^^^^^
  File "C:\Users\OLEGZ\.pyenv\pyenv-win\versions\3.11.9\Lib\site-packages\urllib3\util\util.py", line 39, in reraise
    raise value
  File "C:\Users\OLEGZ\.pyenv\pyenv-win\versions\3.11.9\Lib\site-packages\urllib3\connectionpool.py", line 787, in urlopen
    response = self._make_request(
               ^^^^^^^^^^^^^^^^^^^
  File "C:\Users\OLEGZ\.pyenv\pyenv-win\versions\3.11.9\Lib\site-packages\urllib3\connectionpool.py", line 488, in _make_request
    raise new_e
  File "C:\Users\OLEGZ\.pyenv\pyenv-win\versions\3.11.9\Lib\site-packages\urllib3\connectionpool.py", line 464, in _make_request
    self._validate_conn(conn)
  File "C:\Users\OLEGZ\.pyenv\pyenv-win\versions\3.11.9\Lib\site-packages\urllib3\connectionpool.py", line 1093, in _validate_conn
    conn.connect()
  File "C:\Users\OLEGZ\.pyenv\pyenv-win\versions\3.11.9\Lib\site-packages\urllib3\connection.py", line 753, in connect
    self.sock = sock = self._new_conn()
                       ^^^^^^^^^^^^^^^^
  File "C:\Users\OLEGZ\.pyenv\pyenv-win\versions\3.11.9\Lib\site-packages\urllib3\connection.py", line 213, in _new_conn
    raise NewConnectionError(
urllib3.exceptions.NewConnectionError: <urllib3.connection.HTTPSConnection object at 0x000001CEA9FC8990>: Failed to establish a new connection: [WinError 10061] Подключение не установлено, т.к. конечный компьютер отверг запрос на подключение
2025-12-04 18:14:45,704 - opensearch - WARNING - GET https://localhost:9200/_cat/count/corporate_data?format=json [status:N/A request:4.081s]
Traceback (most recent call last):
  File "C:\Users\OLEGZ\.pyenv\pyenv-win\versions\3.11.9\Lib\site-packages\urllib3\connection.py", line 198, in _new_conn
    sock = connection.create_connection(
           ^^^^^^^^^^^^^^^^^^^^^^^^^^^^^
  File "C:\Users\OLEGZ\.pyenv\pyenv-win\versions\3.11.9\Lib\site-packages\urllib3\util\connection.py", line 85, in create_connection
    raise err
  File "C:\Users\OLEGZ\.pyenv\pyenv-win\versions\3.11.9\Lib\site-packages\urllib3\util\connection.py", line 73, in create_connection
    sock.connect(sa)
ConnectionRefusedError: [WinError 10061] Подключение не установлено, т.к. конечный компьютер отверг запрос на подключение

The above exception was the direct cause of the following exception:

Traceback (most recent call last):
  File "C:\Users\OLEGZ\.pyenv\pyenv-win\versions\3.11.9\Lib\site-packages\opensearchpy\connection\http_urllib3.py", line 280, in perform_request
    response = self.pool.urlopen(
               ^^^^^^^^^^^^^^^^^^
  File "C:\Users\OLEGZ\.pyenv\pyenv-win\versions\3.11.9\Lib\site-packages\urllib3\connectionpool.py", line 841, in urlopen
    retries = retries.increment(
              ^^^^^^^^^^^^^^^^^^
  File "C:\Users\OLEGZ\.pyenv\pyenv-win\versions\3.11.9\Lib\site-packages\urllib3\util\retry.py", line 449, in increment
    raise reraise(type(error), error, _stacktrace)
          ^^^^^^^^^^^^^^^^^^^^^^^^^^^^^^^^^^^^^^^^
  File "C:\Users\OLEGZ\.pyenv\pyenv-win\versions\3.11.9\Lib\site-packages\urllib3\util\util.py", line 39, in reraise
    raise value
  File "C:\Users\OLEGZ\.pyenv\pyenv-win\versions\3.11.9\Lib\site-packages\urllib3\connectionpool.py", line 787, in urlopen
    response = self._make_request(
               ^^^^^^^^^^^^^^^^^^^
  File "C:\Users\OLEGZ\.pyenv\pyenv-win\versions\3.11.9\Lib\site-packages\urllib3\connectionpool.py", line 488, in _make_request
    raise new_e
  File "C:\Users\OLEGZ\.pyenv\pyenv-win\versions\3.11.9\Lib\site-packages\urllib3\connectionpool.py", line 464, in _make_request
    self._validate_conn(conn)
  File "C:\Users\OLEGZ\.pyenv\pyenv-win\versions\3.11.9\Lib\site-packages\urllib3\connectionpool.py", line 1093, in _validate_conn
    conn.connect()
  File "C:\Users\OLEGZ\.pyenv\pyenv-win\versions\3.11.9\Lib\site-packages\urllib3\connection.py", line 753, in connect
    self.sock = sock = self._new_conn()
                       ^^^^^^^^^^^^^^^^
  File "C:\Users\OLEGZ\.pyenv\pyenv-win\versions\3.11.9\Lib\site-packages\urllib3\connection.py", line 213, in _new_conn
    raise NewConnectionError(
urllib3.exceptions.NewConnectionError: <urllib3.connection.HTTPSConnection object at 0x000001CEA9FFDB50>: Failed to establish a new connection: [WinError 10061] Подключение не установлено, т.к. конечный компьютер отверг запрос на подключение
2025-12-04 18:14:49,906 - opensearch - WARNING - GET https://localhost:9200/_cat/count/corporate_data?format=json [status:N/A request:4.199s]
Traceback (most recent call last):
  File "C:\Users\OLEGZ\.pyenv\pyenv-win\versions\3.11.9\Lib\site-packages\urllib3\connectionpool.py", line 464, in _make_request
    self._validate_conn(conn)
  File "C:\Users\OLEGZ\.pyenv\pyenv-win\versions\3.11.9\Lib\site-packages\urllib3\connectionpool.py", line 1093, in _validate_conn
    conn.connect()
  File "C:\Users\OLEGZ\.pyenv\pyenv-win\versions\3.11.9\Lib\site-packages\urllib3\connection.py", line 790, in connect
    sock_and_verified = _ssl_wrap_socket_and_match_hostname(
                        ^^^^^^^^^^^^^^^^^^^^^^^^^^^^^^^^^^^^
  File "C:\Users\OLEGZ\.pyenv\pyenv-win\versions\3.11.9\Lib\site-packages\urllib3\connection.py", line 969, in _ssl_wrap_socket_and_match_hostname
    ssl_sock = ssl_wrap_socket(
               ^^^^^^^^^^^^^^^^
  File "C:\Users\OLEGZ\.pyenv\pyenv-win\versions\3.11.9\Lib\site-packages\urllib3\util\ssl_.py", line 480, in ssl_wrap_socket
    ssl_sock = _ssl_wrap_socket_impl(sock, context, tls_in_tls, server_hostname)
               ^^^^^^^^^^^^^^^^^^^^^^^^^^^^^^^^^^^^^^^^^^^^^^^^^^^^^^^^^^^^^^^^^
  File "C:\Users\OLEGZ\.pyenv\pyenv-win\versions\3.11.9\Lib\site-packages\urllib3\util\ssl_.py", line 524, in _ssl_wrap_socket_impl
    return ssl_context.wrap_socket(sock, server_hostname=server_hostname)
           ^^^^^^^^^^^^^^^^^^^^^^^^^^^^^^^^^^^^^^^^^^^^^^^^^^^^^^^^^^^^^^
  File "C:\Users\OLEGZ\.pyenv\pyenv-win\versions\3.11.9\Lib\ssl.py", line 517, in wrap_socket
    return self.sslsocket_class._create(
           ^^^^^^^^^^^^^^^^^^^^^^^^^^^^^
  File "C:\Users\OLEGZ\.pyenv\pyenv-win\versions\3.11.9\Lib\ssl.py", line 1104, in _create
    self.do_handshake()
  File "C:\Users\OLEGZ\.pyenv\pyenv-win\versions\3.11.9\Lib\ssl.py", line 1382, in do_handshake
    self._sslobj.do_handshake()
ssl.SSLEOFError: [SSL: UNEXPECTED_EOF_WHILE_READING] EOF occurred in violation of protocol (_ssl.c:1006)

During handling of the above exception, another exception occurred:

Traceback (most recent call last):
  File "C:\Users\OLEGZ\.pyenv\pyenv-win\versions\3.11.9\Lib\site-packages\opensearchpy\connection\http_urllib3.py", line 280, in perform_request
    response = self.pool.urlopen(
               ^^^^^^^^^^^^^^^^^^
  File "C:\Users\OLEGZ\.pyenv\pyenv-win\versions\3.11.9\Lib\site-packages\urllib3\connectionpool.py", line 841, in urlopen
    retries = retries.increment(
              ^^^^^^^^^^^^^^^^^^
  File "C:\Users\OLEGZ\.pyenv\pyenv-win\versions\3.11.9\Lib\site-packages\urllib3\util\retry.py", line 449, in increment
    raise reraise(type(error), error, _stacktrace)
          ^^^^^^^^^^^^^^^^^^^^^^^^^^^^^^^^^^^^^^^^
  File "C:\Users\OLEGZ\.pyenv\pyenv-win\versions\3.11.9\Lib\site-packages\urllib3\util\util.py", line 39, in reraise
    raise value
  File "C:\Users\OLEGZ\.pyenv\pyenv-win\versions\3.11.9\Lib\site-packages\urllib3\connectionpool.py", line 787, in urlopen
    response = self._make_request(
               ^^^^^^^^^^^^^^^^^^^
  File "C:\Users\OLEGZ\.pyenv\pyenv-win\versions\3.11.9\Lib\site-packages\urllib3\connectionpool.py", line 488, in _make_request
    raise new_e
urllib3.exceptions.SSLError: [SSL: UNEXPECTED_EOF_WHILE_READING] EOF occurred in violation of protocol (_ssl.c:1006)
2025-12-04 18:14:50,155 - opensearch - WARNING - HEAD https://localhost:9200/corporate_data [status:N/A request:0.082s]
Traceback (most recent call last):
  File "C:\Users\OLEGZ\.pyenv\pyenv-win\versions\3.11.9\Lib\site-packages\urllib3\connectionpool.py", line 464, in _make_request
    self._validate_conn(conn)
  File "C:\Users\OLEGZ\.pyenv\pyenv-win\versions\3.11.9\Lib\site-packages\urllib3\connectionpool.py", line 1093, in _validate_conn
    conn.connect()
  File "C:\Users\OLEGZ\.pyenv\pyenv-win\versions\3.11.9\Lib\site-packages\urllib3\connection.py", line 790, in connect
    sock_and_verified = _ssl_wrap_socket_and_match_hostname(
                        ^^^^^^^^^^^^^^^^^^^^^^^^^^^^^^^^^^^^
  File "C:\Users\OLEGZ\.pyenv\pyenv-win\versions\3.11.9\Lib\site-packages\urllib3\connection.py", line 969, in _ssl_wrap_socket_and_match_hostname
    ssl_sock = ssl_wrap_socket(
               ^^^^^^^^^^^^^^^^
  File "C:\Users\OLEGZ\.pyenv\pyenv-win\versions\3.11.9\Lib\site-packages\urllib3\util\ssl_.py", line 480, in ssl_wrap_socket
    ssl_sock = _ssl_wrap_socket_impl(sock, context, tls_in_tls, server_hostname)
               ^^^^^^^^^^^^^^^^^^^^^^^^^^^^^^^^^^^^^^^^^^^^^^^^^^^^^^^^^^^^^^^^^
  File "C:\Users\OLEGZ\.pyenv\pyenv-win\versions\3.11.9\Lib\site-packages\urllib3\util\ssl_.py", line 524, in _ssl_wrap_socket_impl
    return ssl_context.wrap_socket(sock, server_hostname=server_hostname)
           ^^^^^^^^^^^^^^^^^^^^^^^^^^^^^^^^^^^^^^^^^^^^^^^^^^^^^^^^^^^^^^
  File "C:\Users\OLEGZ\.pyenv\pyenv-win\versions\3.11.9\Lib\ssl.py", line 517, in wrap_socket
    return self.sslsocket_class._create(
           ^^^^^^^^^^^^^^^^^^^^^^^^^^^^^
  File "C:\Users\OLEGZ\.pyenv\pyenv-win\versions\3.11.9\Lib\ssl.py", line 1104, in _create
    self.do_handshake()
  File "C:\Users\OLEGZ\.pyenv\pyenv-win\versions\3.11.9\Lib\ssl.py", line 1382, in do_handshake
    self._sslobj.do_handshake()
ssl.SSLEOFError: [SSL: UNEXPECTED_EOF_WHILE_READING] EOF occurred in violation of protocol (_ssl.c:1006)

During handling of the above exception, another exception occurred:

Traceback (most recent call last):
  File "C:\Users\OLEGZ\.pyenv\pyenv-win\versions\3.11.9\Lib\site-packages\opensearchpy\connection\http_urllib3.py", line 280, in perform_request
    response = self.pool.urlopen(
               ^^^^^^^^^^^^^^^^^^
  File "C:\Users\OLEGZ\.pyenv\pyenv-win\versions\3.11.9\Lib\site-packages\urllib3\connectionpool.py", line 841, in urlopen
    retries = retries.increment(
              ^^^^^^^^^^^^^^^^^^
  File "C:\Users\OLEGZ\.pyenv\pyenv-win\versions\3.11.9\Lib\site-packages\urllib3\util\retry.py", line 449, in increment
    raise reraise(type(error), error, _stacktrace)
          ^^^^^^^^^^^^^^^^^^^^^^^^^^^^^^^^^^^^^^^^
  File "C:\Users\OLEGZ\.pyenv\pyenv-win\versions\3.11.9\Lib\site-packages\urllib3\util\util.py", line 39, in reraise
    raise value
  File "C:\Users\OLEGZ\.pyenv\pyenv-win\versions\3.11.9\Lib\site-packages\urllib3\connectionpool.py", line 787, in urlopen
    response = self._make_request(
               ^^^^^^^^^^^^^^^^^^^
  File "C:\Users\OLEGZ\.pyenv\pyenv-win\versions\3.11.9\Lib\site-packages\urllib3\connectionpool.py", line 488, in _make_request
    raise new_e
urllib3.exceptions.SSLError: [SSL: UNEXPECTED_EOF_WHILE_READING] EOF occurred in violation of protocol (_ssl.c:1006)
2025-12-04 18:14:50,273 - opensearch - WARNING - HEAD https://localhost:9200/corporate_data [status:N/A request:0.114s]
Traceback (most recent call last):
  File "C:\Users\OLEGZ\.pyenv\pyenv-win\versions\3.11.9\Lib\site-packages\urllib3\connectionpool.py", line 464, in _make_request
    self._validate_conn(conn)
  File "C:\Users\OLEGZ\.pyenv\pyenv-win\versions\3.11.9\Lib\site-packages\urllib3\connectionpool.py", line 1093, in _validate_conn
    conn.connect()
  File "C:\Users\OLEGZ\.pyenv\pyenv-win\versions\3.11.9\Lib\site-packages\urllib3\connection.py", line 790, in connect
    sock_and_verified = _ssl_wrap_socket_and_match_hostname(
                        ^^^^^^^^^^^^^^^^^^^^^^^^^^^^^^^^^^^^
  File "C:\Users\OLEGZ\.pyenv\pyenv-win\versions\3.11.9\Lib\site-packages\urllib3\connection.py", line 969, in _ssl_wrap_socket_and_match_hostname
    ssl_sock = ssl_wrap_socket(
               ^^^^^^^^^^^^^^^^
  File "C:\Users\OLEGZ\.pyenv\pyenv-win\versions\3.11.9\Lib\site-packages\urllib3\util\ssl_.py", line 480, in ssl_wrap_socket
    ssl_sock = _ssl_wrap_socket_impl(sock, context, tls_in_tls, server_hostname)
               ^^^^^^^^^^^^^^^^^^^^^^^^^^^^^^^^^^^^^^^^^^^^^^^^^^^^^^^^^^^^^^^^^
  File "C:\Users\OLEGZ\.pyenv\pyenv-win\versions\3.11.9\Lib\site-packages\urllib3\util\ssl_.py", line 524, in _ssl_wrap_socket_impl
    return ssl_context.wrap_socket(sock, server_hostname=server_hostname)
           ^^^^^^^^^^^^^^^^^^^^^^^^^^^^^^^^^^^^^^^^^^^^^^^^^^^^^^^^^^^^^^
  File "C:\Users\OLEGZ\.pyenv\pyenv-win\versions\3.11.9\Lib\ssl.py", line 517, in wrap_socket
    return self.sslsocket_class._create(
           ^^^^^^^^^^^^^^^^^^^^^^^^^^^^^
  File "C:\Users\OLEGZ\.pyenv\pyenv-win\versions\3.11.9\Lib\ssl.py", line 1104, in _create
    self.do_handshake()
  File "C:\Users\OLEGZ\.pyenv\pyenv-win\versions\3.11.9\Lib\ssl.py", line 1382, in do_handshake
    self._sslobj.do_handshake()
ssl.SSLEOFError: [SSL: UNEXPECTED_EOF_WHILE_READING] EOF occurred in violation of protocol (_ssl.c:1006)

During handling of the above exception, another exception occurred:

Traceback (most recent call last):
  File "C:\Users\OLEGZ\.pyenv\pyenv-win\versions\3.11.9\Lib\site-packages\opensearchpy\connection\http_urllib3.py", line 280, in perform_request
    response = self.pool.urlopen(
               ^^^^^^^^^^^^^^^^^^
  File "C:\Users\OLEGZ\.pyenv\pyenv-win\versions\3.11.9\Lib\site-packages\urllib3\connectionpool.py", line 841, in urlopen
    retries = retries.increment(
              ^^^^^^^^^^^^^^^^^^
  File "C:\Users\OLEGZ\.pyenv\pyenv-win\versions\3.11.9\Lib\site-packages\urllib3\util\retry.py", line 449, in increment
    raise reraise(type(error), error, _stacktrace)
          ^^^^^^^^^^^^^^^^^^^^^^^^^^^^^^^^^^^^^^^^
  File "C:\Users\OLEGZ\.pyenv\pyenv-win\versions\3.11.9\Lib\site-packages\urllib3\util\util.py", line 39, in reraise
    raise value
  File "C:\Users\OLEGZ\.pyenv\pyenv-win\versions\3.11.9\Lib\site-packages\urllib3\connectionpool.py", line 787, in urlopen
    response = self._make_request(
               ^^^^^^^^^^^^^^^^^^^
  File "C:\Users\OLEGZ\.pyenv\pyenv-win\versions\3.11.9\Lib\site-packages\urllib3\connectionpool.py", line 488, in _make_request
    raise new_e
urllib3.exceptions.SSLError: [SSL: UNEXPECTED_EOF_WHILE_READING] EOF occurred in violation of protocol (_ssl.c:1006)
2025-12-04 18:14:50,400 - opensearch - WARNING - HEAD https://localhost:9200/corporate_data [status:N/A request:0.121s]
Traceback (most recent call last):
  File "C:\Users\OLEGZ\.pyenv\pyenv-win\versions\3.11.9\Lib\site-packages\urllib3\connectionpool.py", line 464, in _make_request
    self._validate_conn(conn)
  File "C:\Users\OLEGZ\.pyenv\pyenv-win\versions\3.11.9\Lib\site-packages\urllib3\connectionpool.py", line 1093, in _validate_conn
    conn.connect()
  File "C:\Users\OLEGZ\.pyenv\pyenv-win\versions\3.11.9\Lib\site-packages\urllib3\connection.py", line 790, in connect
    sock_and_verified = _ssl_wrap_socket_and_match_hostname(
                        ^^^^^^^^^^^^^^^^^^^^^^^^^^^^^^^^^^^^
  File "C:\Users\OLEGZ\.pyenv\pyenv-win\versions\3.11.9\Lib\site-packages\urllib3\connection.py", line 969, in _ssl_wrap_socket_and_match_hostname
    ssl_sock = ssl_wrap_socket(
               ^^^^^^^^^^^^^^^^
  File "C:\Users\OLEGZ\.pyenv\pyenv-win\versions\3.11.9\Lib\site-packages\urllib3\util\ssl_.py", line 480, in ssl_wrap_socket
    ssl_sock = _ssl_wrap_socket_impl(sock, context, tls_in_tls, server_hostname)
               ^^^^^^^^^^^^^^^^^^^^^^^^^^^^^^^^^^^^^^^^^^^^^^^^^^^^^^^^^^^^^^^^^
  File "C:\Users\OLEGZ\.pyenv\pyenv-win\versions\3.11.9\Lib\site-packages\urllib3\util\ssl_.py", line 524, in _ssl_wrap_socket_impl
    return ssl_context.wrap_socket(sock, server_hostname=server_hostname)
           ^^^^^^^^^^^^^^^^^^^^^^^^^^^^^^^^^^^^^^^^^^^^^^^^^^^^^^^^^^^^^^
  File "C:\Users\OLEGZ\.pyenv\pyenv-win\versions\3.11.9\Lib\ssl.py", line 517, in wrap_socket
    return self.sslsocket_class._create(
           ^^^^^^^^^^^^^^^^^^^^^^^^^^^^^
  File "C:\Users\OLEGZ\.pyenv\pyenv-win\versions\3.11.9\Lib\ssl.py", line 1104, in _create
    self.do_handshake()
  File "C:\Users\OLEGZ\.pyenv\pyenv-win\versions\3.11.9\Lib\ssl.py", line 1382, in do_handshake
    self._sslobj.do_handshake()
ssl.SSLEOFError: [SSL: UNEXPECTED_EOF_WHILE_READING] EOF occurred in violation of protocol (_ssl.c:1006)

During handling of the above exception, another exception occurred:

Traceback (most recent call last):
  File "C:\Users\OLEGZ\.pyenv\pyenv-win\versions\3.11.9\Lib\site-packages\opensearchpy\connection\http_urllib3.py", line 280, in perform_request
    response = self.pool.urlopen(
               ^^^^^^^^^^^^^^^^^^
  File "C:\Users\OLEGZ\.pyenv\pyenv-win\versions\3.11.9\Lib\site-packages\urllib3\connectionpool.py", line 841, in urlopen
    retries = retries.increment(
              ^^^^^^^^^^^^^^^^^^
  File "C:\Users\OLEGZ\.pyenv\pyenv-win\versions\3.11.9\Lib\site-packages\urllib3\util\retry.py", line 449, in increment
    raise reraise(type(error), error, _stacktrace)
          ^^^^^^^^^^^^^^^^^^^^^^^^^^^^^^^^^^^^^^^^
  File "C:\Users\OLEGZ\.pyenv\pyenv-win\versions\3.11.9\Lib\site-packages\urllib3\util\util.py", line 39, in reraise
    raise value
  File "C:\Users\OLEGZ\.pyenv\pyenv-win\versions\3.11.9\Lib\site-packages\urllib3\connectionpool.py", line 787, in urlopen
    response = self._make_request(
               ^^^^^^^^^^^^^^^^^^^
  File "C:\Users\OLEGZ\.pyenv\pyenv-win\versions\3.11.9\Lib\site-packages\urllib3\connectionpool.py", line 488, in _make_request
    raise new_e
urllib3.exceptions.SSLError: [SSL: UNEXPECTED_EOF_WHILE_READING] EOF occurred in violation of protocol (_ssl.c:1006)
2025-12-04 18:14:50,534 - opensearch - WARNING - HEAD https://localhost:9200/corporate_data [status:N/A request:0.128s]
Traceback (most recent call last):
  File "C:\Users\OLEGZ\.pyenv\pyenv-win\versions\3.11.9\Lib\site-packages\urllib3\connectionpool.py", line 464, in _make_request
    self._validate_conn(conn)
  File "C:\Users\OLEGZ\.pyenv\pyenv-win\versions\3.11.9\Lib\site-packages\urllib3\connectionpool.py", line 1093, in _validate_conn
    conn.connect()
  File "C:\Users\OLEGZ\.pyenv\pyenv-win\versions\3.11.9\Lib\site-packages\urllib3\connection.py", line 790, in connect
    sock_and_verified = _ssl_wrap_socket_and_match_hostname(
                        ^^^^^^^^^^^^^^^^^^^^^^^^^^^^^^^^^^^^
  File "C:\Users\OLEGZ\.pyenv\pyenv-win\versions\3.11.9\Lib\site-packages\urllib3\connection.py", line 969, in _ssl_wrap_socket_and_match_hostname
    ssl_sock = ssl_wrap_socket(
               ^^^^^^^^^^^^^^^^
  File "C:\Users\OLEGZ\.pyenv\pyenv-win\versions\3.11.9\Lib\site-packages\urllib3\util\ssl_.py", line 480, in ssl_wrap_socket
    ssl_sock = _ssl_wrap_socket_impl(sock, context, tls_in_tls, server_hostname)
               ^^^^^^^^^^^^^^^^^^^^^^^^^^^^^^^^^^^^^^^^^^^^^^^^^^^^^^^^^^^^^^^^^
  File "C:\Users\OLEGZ\.pyenv\pyenv-win\versions\3.11.9\Lib\site-packages\urllib3\util\ssl_.py", line 524, in _ssl_wrap_socket_impl
    return ssl_context.wrap_socket(sock, server_hostname=server_hostname)
           ^^^^^^^^^^^^^^^^^^^^^^^^^^^^^^^^^^^^^^^^^^^^^^^^^^^^^^^^^^^^^^
  File "C:\Users\OLEGZ\.pyenv\pyenv-win\versions\3.11.9\Lib\ssl.py", line 517, in wrap_socket
    return self.sslsocket_class._create(
           ^^^^^^^^^^^^^^^^^^^^^^^^^^^^^
  File "C:\Users\OLEGZ\.pyenv\pyenv-win\versions\3.11.9\Lib\ssl.py", line 1104, in _create
    self.do_handshake()
  File "C:\Users\OLEGZ\.pyenv\pyenv-win\versions\3.11.9\Lib\ssl.py", line 1382, in do_handshake
    self._sslobj.do_handshake()
ssl.SSLEOFError: [SSL: UNEXPECTED_EOF_WHILE_READING] EOF occurred in violation of protocol (_ssl.c:1006)

During handling of the above exception, another exception occurred:

Traceback (most recent call last):
  File "C:\Users\OLEGZ\.pyenv\pyenv-win\versions\3.11.9\Lib\site-packages\opensearchpy\connection\http_urllib3.py", line 280, in perform_request
    response = self.pool.urlopen(
               ^^^^^^^^^^^^^^^^^^
  File "C:\Users\OLEGZ\.pyenv\pyenv-win\versions\3.11.9\Lib\site-packages\urllib3\connectionpool.py", line 841, in urlopen
    retries = retries.increment(
              ^^^^^^^^^^^^^^^^^^
  File "C:\Users\OLEGZ\.pyenv\pyenv-win\versions\3.11.9\Lib\site-packages\urllib3\util\retry.py", line 449, in increment
    raise reraise(type(error), error, _stacktrace)
          ^^^^^^^^^^^^^^^^^^^^^^^^^^^^^^^^^^^^^^^^
  File "C:\Users\OLEGZ\.pyenv\pyenv-win\versions\3.11.9\Lib\site-packages\urllib3\util\util.py", line 39, in reraise
    raise value
  File "C:\Users\OLEGZ\.pyenv\pyenv-win\versions\3.11.9\Lib\site-packages\urllib3\connectionpool.py", line 787, in urlopen
    response = self._make_request(
               ^^^^^^^^^^^^^^^^^^^
  File "C:\Users\OLEGZ\.pyenv\pyenv-win\versions\3.11.9\Lib\site-packages\urllib3\connectionpool.py", line 488, in _make_request
    raise new_e
urllib3.exceptions.SSLError: [SSL: UNEXPECTED_EOF_WHILE_READING] EOF occurred in violation of protocol (_ssl.c:1006)
2025-12-04 18:15:12,503 - opensearch - WARNING - GET https://localhost:9200/_cat/count/corporate_data?format=json [status:N/A request:0.131s]
Traceback (most recent call last):
  File "C:\Users\OLEGZ\.pyenv\pyenv-win\versions\3.11.9\Lib\site-packages\urllib3\connectionpool.py", line 464, in _make_request
    self._validate_conn(conn)
  File "C:\Users\OLEGZ\.pyenv\pyenv-win\versions\3.11.9\Lib\site-packages\urllib3\connectionpool.py", line 1093, in _validate_conn
    conn.connect()
  File "C:\Users\OLEGZ\.pyenv\pyenv-win\versions\3.11.9\Lib\site-packages\urllib3\connection.py", line 790, in connect
    sock_and_verified = _ssl_wrap_socket_and_match_hostname(
                        ^^^^^^^^^^^^^^^^^^^^^^^^^^^^^^^^^^^^
  File "C:\Users\OLEGZ\.pyenv\pyenv-win\versions\3.11.9\Lib\site-packages\urllib3\connection.py", line 969, in _ssl_wrap_socket_and_match_hostname
    ssl_sock = ssl_wrap_socket(
               ^^^^^^^^^^^^^^^^
  File "C:\Users\OLEGZ\.pyenv\pyenv-win\versions\3.11.9\Lib\site-packages\urllib3\util\ssl_.py", line 480, in ssl_wrap_socket
    ssl_sock = _ssl_wrap_socket_impl(sock, context, tls_in_tls, server_hostname)
               ^^^^^^^^^^^^^^^^^^^^^^^^^^^^^^^^^^^^^^^^^^^^^^^^^^^^^^^^^^^^^^^^^
  File "C:\Users\OLEGZ\.pyenv\pyenv-win\versions\3.11.9\Lib\site-packages\urllib3\util\ssl_.py", line 524, in _ssl_wrap_socket_impl
    return ssl_context.wrap_socket(sock, server_hostname=server_hostname)
           ^^^^^^^^^^^^^^^^^^^^^^^^^^^^^^^^^^^^^^^^^^^^^^^^^^^^^^^^^^^^^^
  File "C:\Users\OLEGZ\.pyenv\pyenv-win\versions\3.11.9\Lib\ssl.py", line 517, in wrap_socket
    return self.sslsocket_class._create(
           ^^^^^^^^^^^^^^^^^^^^^^^^^^^^^
  File "C:\Users\OLEGZ\.pyenv\pyenv-win\versions\3.11.9\Lib\ssl.py", line 1104, in _create
    self.do_handshake()
  File "C:\Users\OLEGZ\.pyenv\pyenv-win\versions\3.11.9\Lib\ssl.py", line 1382, in do_handshake
    self._sslobj.do_handshake()
ssl.SSLEOFError: [SSL: UNEXPECTED_EOF_WHILE_READING] EOF occurred in violation of protocol (_ssl.c:1006)

During handling of the above exception, another exception occurred:

Traceback (most recent call last):
  File "C:\Users\OLEGZ\.pyenv\pyenv-win\versions\3.11.9\Lib\site-packages\opensearchpy\connection\http_urllib3.py", line 280, in perform_request
    response = self.pool.urlopen(
               ^^^^^^^^^^^^^^^^^^
  File "C:\Users\OLEGZ\.pyenv\pyenv-win\versions\3.11.9\Lib\site-packages\urllib3\connectionpool.py", line 841, in urlopen
    retries = retries.increment(
              ^^^^^^^^^^^^^^^^^^
  File "C:\Users\OLEGZ\.pyenv\pyenv-win\versions\3.11.9\Lib\site-packages\urllib3\util\retry.py", line 449, in increment
    raise reraise(type(error), error, _stacktrace)
          ^^^^^^^^^^^^^^^^^^^^^^^^^^^^^^^^^^^^^^^^
  File "C:\Users\OLEGZ\.pyenv\pyenv-win\versions\3.11.9\Lib\site-packages\urllib3\util\util.py", line 39, in reraise
    raise value
  File "C:\Users\OLEGZ\.pyenv\pyenv-win\versions\3.11.9\Lib\site-packages\urllib3\connectionpool.py", line 787, in urlopen
    response = self._make_request(
               ^^^^^^^^^^^^^^^^^^^
  File "C:\Users\OLEGZ\.pyenv\pyenv-win\versions\3.11.9\Lib\site-packages\urllib3\connectionpool.py", line 488, in _make_request
    raise new_e
urllib3.exceptions.SSLError: [SSL: UNEXPECTED_EOF_WHILE_READING] EOF occurred in violation of protocol (_ssl.c:1006)
2025-12-04 18:15:12,618 - opensearch - WARNING - GET https://localhost:9200/_cat/count/corporate_data?format=json [status:N/A request:0.101s]
Traceback (most recent call last):
  File "C:\Users\OLEGZ\.pyenv\pyenv-win\versions\3.11.9\Lib\site-packages\urllib3\connectionpool.py", line 464, in _make_request
    self._validate_conn(conn)
  File "C:\Users\OLEGZ\.pyenv\pyenv-win\versions\3.11.9\Lib\site-packages\urllib3\connectionpool.py", line 1093, in _validate_conn
    conn.connect()
  File "C:\Users\OLEGZ\.pyenv\pyenv-win\versions\3.11.9\Lib\site-packages\urllib3\connection.py", line 790, in connect
    sock_and_verified = _ssl_wrap_socket_and_match_hostname(
                        ^^^^^^^^^^^^^^^^^^^^^^^^^^^^^^^^^^^^
  File "C:\Users\OLEGZ\.pyenv\pyenv-win\versions\3.11.9\Lib\site-packages\urllib3\connection.py", line 969, in _ssl_wrap_socket_and_match_hostname
    ssl_sock = ssl_wrap_socket(
               ^^^^^^^^^^^^^^^^
  File "C:\Users\OLEGZ\.pyenv\pyenv-win\versions\3.11.9\Lib\site-packages\urllib3\util\ssl_.py", line 480, in ssl_wrap_socket
    ssl_sock = _ssl_wrap_socket_impl(sock, context, tls_in_tls, server_hostname)
               ^^^^^^^^^^^^^^^^^^^^^^^^^^^^^^^^^^^^^^^^^^^^^^^^^^^^^^^^^^^^^^^^^
  File "C:\Users\OLEGZ\.pyenv\pyenv-win\versions\3.11.9\Lib\site-packages\urllib3\util\ssl_.py", line 524, in _ssl_wrap_socket_impl
    return ssl_context.wrap_socket(sock, server_hostname=server_hostname)
           ^^^^^^^^^^^^^^^^^^^^^^^^^^^^^^^^^^^^^^^^^^^^^^^^^^^^^^^^^^^^^^
  File "C:\Users\OLEGZ\.pyenv\pyenv-win\versions\3.11.9\Lib\ssl.py", line 517, in wrap_socket
    return self.sslsocket_class._create(
           ^^^^^^^^^^^^^^^^^^^^^^^^^^^^^
  File "C:\Users\OLEGZ\.pyenv\pyenv-win\versions\3.11.9\Lib\ssl.py", line 1104, in _create
    self.do_handshake()
  File "C:\Users\OLEGZ\.pyenv\pyenv-win\versions\3.11.9\Lib\ssl.py", line 1382, in do_handshake
    self._sslobj.do_handshake()
ssl.SSLEOFError: [SSL: UNEXPECTED_EOF_WHILE_READING] EOF occurred in violation of protocol (_ssl.c:1006)

During handling of the above exception, another exception occurred:

Traceback (most recent call last):
  File "C:\Users\OLEGZ\.pyenv\pyenv-win\versions\3.11.9\Lib\site-packages\opensearchpy\connection\http_urllib3.py", line 280, in perform_request
    response = self.pool.urlopen(
               ^^^^^^^^^^^^^^^^^^
  File "C:\Users\OLEGZ\.pyenv\pyenv-win\versions\3.11.9\Lib\site-packages\urllib3\connectionpool.py", line 841, in urlopen
    retries = retries.increment(
              ^^^^^^^^^^^^^^^^^^
  File "C:\Users\OLEGZ\.pyenv\pyenv-win\versions\3.11.9\Lib\site-packages\urllib3\util\retry.py", line 449, in increment
    raise reraise(type(error), error, _stacktrace)
          ^^^^^^^^^^^^^^^^^^^^^^^^^^^^^^^^^^^^^^^^
  File "C:\Users\OLEGZ\.pyenv\pyenv-win\versions\3.11.9\Lib\site-packages\urllib3\util\util.py", line 39, in reraise
    raise value
  File "C:\Users\OLEGZ\.pyenv\pyenv-win\versions\3.11.9\Lib\site-packages\urllib3\connectionpool.py", line 787, in urlopen
    response = self._make_request(
               ^^^^^^^^^^^^^^^^^^^
  File "C:\Users\OLEGZ\.pyenv\pyenv-win\versions\3.11.9\Lib\site-packages\urllib3\connectionpool.py", line 488, in _make_request
    raise new_e
urllib3.exceptions.SSLError: [SSL: UNEXPECTED_EOF_WHILE_READING] EOF occurred in violation of protocol (_ssl.c:1006)
2025-12-04 18:15:12,724 - opensearch - WARNING - GET https://localhost:9200/_cat/count/corporate_data?format=json [status:N/A request:0.101s]
Traceback (most recent call last):
  File "C:\Users\OLEGZ\.pyenv\pyenv-win\versions\3.11.9\Lib\site-packages\urllib3\connectionpool.py", line 464, in _make_request
    self._validate_conn(conn)
  File "C:\Users\OLEGZ\.pyenv\pyenv-win\versions\3.11.9\Lib\site-packages\urllib3\connectionpool.py", line 1093, in _validate_conn
    conn.connect()
  File "C:\Users\OLEGZ\.pyenv\pyenv-win\versions\3.11.9\Lib\site-packages\urllib3\connection.py", line 790, in connect
    sock_and_verified = _ssl_wrap_socket_and_match_hostname(
                        ^^^^^^^^^^^^^^^^^^^^^^^^^^^^^^^^^^^^
  File "C:\Users\OLEGZ\.pyenv\pyenv-win\versions\3.11.9\Lib\site-packages\urllib3\connection.py", line 969, in _ssl_wrap_socket_and_match_hostname
    ssl_sock = ssl_wrap_socket(
               ^^^^^^^^^^^^^^^^
  File "C:\Users\OLEGZ\.pyenv\pyenv-win\versions\3.11.9\Lib\site-packages\urllib3\util\ssl_.py", line 480, in ssl_wrap_socket
    ssl_sock = _ssl_wrap_socket_impl(sock, context, tls_in_tls, server_hostname)
               ^^^^^^^^^^^^^^^^^^^^^^^^^^^^^^^^^^^^^^^^^^^^^^^^^^^^^^^^^^^^^^^^^
  File "C:\Users\OLEGZ\.pyenv\pyenv-win\versions\3.11.9\Lib\site-packages\urllib3\util\ssl_.py", line 524, in _ssl_wrap_socket_impl
    return ssl_context.wrap_socket(sock, server_hostname=server_hostname)
           ^^^^^^^^^^^^^^^^^^^^^^^^^^^^^^^^^^^^^^^^^^^^^^^^^^^^^^^^^^^^^^
  File "C:\Users\OLEGZ\.pyenv\pyenv-win\versions\3.11.9\Lib\ssl.py", line 517, in wrap_socket
    return self.sslsocket_class._create(
           ^^^^^^^^^^^^^^^^^^^^^^^^^^^^^
  File "C:\Users\OLEGZ\.pyenv\pyenv-win\versions\3.11.9\Lib\ssl.py", line 1104, in _create
    self.do_handshake()
  File "C:\Users\OLEGZ\.pyenv\pyenv-win\versions\3.11.9\Lib\ssl.py", line 1382, in do_handshake
    self._sslobj.do_handshake()
ssl.SSLEOFError: [SSL: UNEXPECTED_EOF_WHILE_READING] EOF occurred in violation of protocol (_ssl.c:1006)

During handling of the above exception, another exception occurred:

Traceback (most recent call last):
  File "C:\Users\OLEGZ\.pyenv\pyenv-win\versions\3.11.9\Lib\site-packages\opensearchpy\connection\http_urllib3.py", line 280, in perform_request
    response = self.pool.urlopen(
               ^^^^^^^^^^^^^^^^^^
  File "C:\Users\OLEGZ\.pyenv\pyenv-win\versions\3.11.9\Lib\site-packages\urllib3\connectionpool.py", line 841, in urlopen
    retries = retries.increment(
              ^^^^^^^^^^^^^^^^^^
  File "C:\Users\OLEGZ\.pyenv\pyenv-win\versions\3.11.9\Lib\site-packages\urllib3\util\retry.py", line 449, in increment
    raise reraise(type(error), error, _stacktrace)
          ^^^^^^^^^^^^^^^^^^^^^^^^^^^^^^^^^^^^^^^^
  File "C:\Users\OLEGZ\.pyenv\pyenv-win\versions\3.11.9\Lib\site-packages\urllib3\util\util.py", line 39, in reraise
    raise value
  File "C:\Users\OLEGZ\.pyenv\pyenv-win\versions\3.11.9\Lib\site-packages\urllib3\connectionpool.py", line 787, in urlopen
    response = self._make_request(
               ^^^^^^^^^^^^^^^^^^^
  File "C:\Users\OLEGZ\.pyenv\pyenv-win\versions\3.11.9\Lib\site-packages\urllib3\connectionpool.py", line 488, in _make_request
    raise new_e
urllib3.exceptions.SSLError: [SSL: UNEXPECTED_EOF_WHILE_READING] EOF occurred in violation of protocol (_ssl.c:1006)
2025-12-04 18:15:12,840 - opensearch - WARNING - GET https://localhost:9200/_cat/count/corporate_data?format=json [status:N/A request:0.109s]
Traceback (most recent call last):
  File "C:\Users\OLEGZ\.pyenv\pyenv-win\versions\3.11.9\Lib\site-packages\urllib3\connectionpool.py", line 464, in _make_request
    self._validate_conn(conn)
  File "C:\Users\OLEGZ\.pyenv\pyenv-win\versions\3.11.9\Lib\site-packages\urllib3\connectionpool.py", line 1093, in _validate_conn
    conn.connect()
  File "C:\Users\OLEGZ\.pyenv\pyenv-win\versions\3.11.9\Lib\site-packages\urllib3\connection.py", line 790, in connect
    sock_and_verified = _ssl_wrap_socket_and_match_hostname(
                        ^^^^^^^^^^^^^^^^^^^^^^^^^^^^^^^^^^^^
  File "C:\Users\OLEGZ\.pyenv\pyenv-win\versions\3.11.9\Lib\site-packages\urllib3\connection.py", line 969, in _ssl_wrap_socket_and_match_hostname
    ssl_sock = ssl_wrap_socket(
               ^^^^^^^^^^^^^^^^
  File "C:\Users\OLEGZ\.pyenv\pyenv-win\versions\3.11.9\Lib\site-packages\urllib3\util\ssl_.py", line 480, in ssl_wrap_socket
    ssl_sock = _ssl_wrap_socket_impl(sock, context, tls_in_tls, server_hostname)
               ^^^^^^^^^^^^^^^^^^^^^^^^^^^^^^^^^^^^^^^^^^^^^^^^^^^^^^^^^^^^^^^^^
  File "C:\Users\OLEGZ\.pyenv\pyenv-win\versions\3.11.9\Lib\site-packages\urllib3\util\ssl_.py", line 524, in _ssl_wrap_socket_impl
    return ssl_context.wrap_socket(sock, server_hostname=server_hostname)
           ^^^^^^^^^^^^^^^^^^^^^^^^^^^^^^^^^^^^^^^^^^^^^^^^^^^^^^^^^^^^^^
  File "C:\Users\OLEGZ\.pyenv\pyenv-win\versions\3.11.9\Lib\ssl.py", line 517, in wrap_socket
    return self.sslsocket_class._create(
           ^^^^^^^^^^^^^^^^^^^^^^^^^^^^^
  File "C:\Users\OLEGZ\.pyenv\pyenv-win\versions\3.11.9\Lib\ssl.py", line 1104, in _create
    self.do_handshake()
  File "C:\Users\OLEGZ\.pyenv\pyenv-win\versions\3.11.9\Lib\ssl.py", line 1382, in do_handshake
    self._sslobj.do_handshake()
ssl.SSLEOFError: [SSL: UNEXPECTED_EOF_WHILE_READING] EOF occurred in violation of protocol (_ssl.c:1006)

During handling of the above exception, another exception occurred:

Traceback (most recent call last):
  File "C:\Users\OLEGZ\.pyenv\pyenv-win\versions\3.11.9\Lib\site-packages\opensearchpy\connection\http_urllib3.py", line 280, in perform_request
    response = self.pool.urlopen(
               ^^^^^^^^^^^^^^^^^^
  File "C:\Users\OLEGZ\.pyenv\pyenv-win\versions\3.11.9\Lib\site-packages\urllib3\connectionpool.py", line 841, in urlopen
    retries = retries.increment(
              ^^^^^^^^^^^^^^^^^^
  File "C:\Users\OLEGZ\.pyenv\pyenv-win\versions\3.11.9\Lib\site-packages\urllib3\util\retry.py", line 449, in increment
    raise reraise(type(error), error, _stacktrace)
          ^^^^^^^^^^^^^^^^^^^^^^^^^^^^^^^^^^^^^^^^
  File "C:\Users\OLEGZ\.pyenv\pyenv-win\versions\3.11.9\Lib\site-packages\urllib3\util\util.py", line 39, in reraise
    raise value
  File "C:\Users\OLEGZ\.pyenv\pyenv-win\versions\3.11.9\Lib\site-packages\urllib3\connectionpool.py", line 787, in urlopen
    response = self._make_request(
               ^^^^^^^^^^^^^^^^^^^
  File "C:\Users\OLEGZ\.pyenv\pyenv-win\versions\3.11.9\Lib\site-packages\urllib3\connectionpool.py", line 488, in _make_request
    raise new_e
urllib3.exceptions.SSLError: [SSL: UNEXPECTED_EOF_WHILE_READING] EOF occurred in violation of protocol (_ssl.c:1006)
2025-12-04 18:15:13,104 - opensearch - WARNING - HEAD https://localhost:9200/corporate_data [status:N/A request:0.121s]
Traceback (most recent call last):
  File "C:\Users\OLEGZ\.pyenv\pyenv-win\versions\3.11.9\Lib\site-packages\urllib3\connectionpool.py", line 464, in _make_request
    self._validate_conn(conn)
  File "C:\Users\OLEGZ\.pyenv\pyenv-win\versions\3.11.9\Lib\site-packages\urllib3\connectionpool.py", line 1093, in _validate_conn
    conn.connect()
  File "C:\Users\OLEGZ\.pyenv\pyenv-win\versions\3.11.9\Lib\site-packages\urllib3\connection.py", line 790, in connect
    sock_and_verified = _ssl_wrap_socket_and_match_hostname(
                        ^^^^^^^^^^^^^^^^^^^^^^^^^^^^^^^^^^^^
  File "C:\Users\OLEGZ\.pyenv\pyenv-win\versions\3.11.9\Lib\site-packages\urllib3\connection.py", line 969, in _ssl_wrap_socket_and_match_hostname
    ssl_sock = ssl_wrap_socket(
               ^^^^^^^^^^^^^^^^
  File "C:\Users\OLEGZ\.pyenv\pyenv-win\versions\3.11.9\Lib\site-packages\urllib3\util\ssl_.py", line 480, in ssl_wrap_socket
    ssl_sock = _ssl_wrap_socket_impl(sock, context, tls_in_tls, server_hostname)
               ^^^^^^^^^^^^^^^^^^^^^^^^^^^^^^^^^^^^^^^^^^^^^^^^^^^^^^^^^^^^^^^^^
  File "C:\Users\OLEGZ\.pyenv\pyenv-win\versions\3.11.9\Lib\site-packages\urllib3\util\ssl_.py", line 524, in _ssl_wrap_socket_impl
    return ssl_context.wrap_socket(sock, server_hostname=server_hostname)
           ^^^^^^^^^^^^^^^^^^^^^^^^^^^^^^^^^^^^^^^^^^^^^^^^^^^^^^^^^^^^^^
  File "C:\Users\OLEGZ\.pyenv\pyenv-win\versions\3.11.9\Lib\ssl.py", line 517, in wrap_socket
    return self.sslsocket_class._create(
           ^^^^^^^^^^^^^^^^^^^^^^^^^^^^^
  File "C:\Users\OLEGZ\.pyenv\pyenv-win\versions\3.11.9\Lib\ssl.py", line 1104, in _create
    self.do_handshake()
  File "C:\Users\OLEGZ\.pyenv\pyenv-win\versions\3.11.9\Lib\ssl.py", line 1382, in do_handshake
    self._sslobj.do_handshake()
ssl.SSLEOFError: [SSL: UNEXPECTED_EOF_WHILE_READING] EOF occurred in violation of protocol (_ssl.c:1006)

During handling of the above exception, another exception occurred:

Traceback (most recent call last):
  File "C:\Users\OLEGZ\.pyenv\pyenv-win\versions\3.11.9\Lib\site-packages\opensearchpy\connection\http_urllib3.py", line 280, in perform_request
    response = self.pool.urlopen(
               ^^^^^^^^^^^^^^^^^^
  File "C:\Users\OLEGZ\.pyenv\pyenv-win\versions\3.11.9\Lib\site-packages\urllib3\connectionpool.py", line 841, in urlopen
    retries = retries.increment(
              ^^^^^^^^^^^^^^^^^^
  File "C:\Users\OLEGZ\.pyenv\pyenv-win\versions\3.11.9\Lib\site-packages\urllib3\util\retry.py", line 449, in increment
    raise reraise(type(error), error, _stacktrace)
          ^^^^^^^^^^^^^^^^^^^^^^^^^^^^^^^^^^^^^^^^
  File "C:\Users\OLEGZ\.pyenv\pyenv-win\versions\3.11.9\Lib\site-packages\urllib3\util\util.py", line 39, in reraise
    raise value
  File "C:\Users\OLEGZ\.pyenv\pyenv-win\versions\3.11.9\Lib\site-packages\urllib3\connectionpool.py", line 787, in urlopen
    response = self._make_request(
               ^^^^^^^^^^^^^^^^^^^
  File "C:\Users\OLEGZ\.pyenv\pyenv-win\versions\3.11.9\Lib\site-packages\urllib3\connectionpool.py", line 488, in _make_request
    raise new_e
urllib3.exceptions.SSLError: [SSL: UNEXPECTED_EOF_WHILE_READING] EOF occurred in violation of protocol (_ssl.c:1006)
2025-12-04 18:15:13,208 - opensearch - WARNING - HEAD https://localhost:9200/corporate_data [status:N/A request:0.097s]
Traceback (most recent call last):
  File "C:\Users\OLEGZ\.pyenv\pyenv-win\versions\3.11.9\Lib\site-packages\urllib3\connectionpool.py", line 464, in _make_request
    self._validate_conn(conn)
  File "C:\Users\OLEGZ\.pyenv\pyenv-win\versions\3.11.9\Lib\site-packages\urllib3\connectionpool.py", line 1093, in _validate_conn
    conn.connect()
  File "C:\Users\OLEGZ\.pyenv\pyenv-win\versions\3.11.9\Lib\site-packages\urllib3\connection.py", line 790, in connect
    sock_and_verified = _ssl_wrap_socket_and_match_hostname(
                        ^^^^^^^^^^^^^^^^^^^^^^^^^^^^^^^^^^^^
  File "C:\Users\OLEGZ\.pyenv\pyenv-win\versions\3.11.9\Lib\site-packages\urllib3\connection.py", line 969, in _ssl_wrap_socket_and_match_hostname
    ssl_sock = ssl_wrap_socket(
               ^^^^^^^^^^^^^^^^
  File "C:\Users\OLEGZ\.pyenv\pyenv-win\versions\3.11.9\Lib\site-packages\urllib3\util\ssl_.py", line 480, in ssl_wrap_socket
    ssl_sock = _ssl_wrap_socket_impl(sock, context, tls_in_tls, server_hostname)
               ^^^^^^^^^^^^^^^^^^^^^^^^^^^^^^^^^^^^^^^^^^^^^^^^^^^^^^^^^^^^^^^^^
  File "C:\Users\OLEGZ\.pyenv\pyenv-win\versions\3.11.9\Lib\site-packages\urllib3\util\ssl_.py", line 524, in _ssl_wrap_socket_impl
    return ssl_context.wrap_socket(sock, server_hostname=server_hostname)
           ^^^^^^^^^^^^^^^^^^^^^^^^^^^^^^^^^^^^^^^^^^^^^^^^^^^^^^^^^^^^^^
  File "C:\Users\OLEGZ\.pyenv\pyenv-win\versions\3.11.9\Lib\ssl.py", line 517, in wrap_socket
    return self.sslsocket_class._create(
           ^^^^^^^^^^^^^^^^^^^^^^^^^^^^^
  File "C:\Users\OLEGZ\.pyenv\pyenv-win\versions\3.11.9\Lib\ssl.py", line 1104, in _create
    self.do_handshake()
  File "C:\Users\OLEGZ\.pyenv\pyenv-win\versions\3.11.9\Lib\ssl.py", line 1382, in do_handshake
    self._sslobj.do_handshake()
ssl.SSLEOFError: [SSL: UNEXPECTED_EOF_WHILE_READING] EOF occurred in violation of protocol (_ssl.c:1006)

During handling of the above exception, another exception occurred:

Traceback (most recent call last):
  File "C:\Users\OLEGZ\.pyenv\pyenv-win\versions\3.11.9\Lib\site-packages\opensearchpy\connection\http_urllib3.py", line 280, in perform_request
    response = self.pool.urlopen(
               ^^^^^^^^^^^^^^^^^^
  File "C:\Users\OLEGZ\.pyenv\pyenv-win\versions\3.11.9\Lib\site-packages\urllib3\connectionpool.py", line 841, in urlopen
    retries = retries.increment(
              ^^^^^^^^^^^^^^^^^^
  File "C:\Users\OLEGZ\.pyenv\pyenv-win\versions\3.11.9\Lib\site-packages\urllib3\util\retry.py", line 449, in increment
    raise reraise(type(error), error, _stacktrace)
          ^^^^^^^^^^^^^^^^^^^^^^^^^^^^^^^^^^^^^^^^
  File "C:\Users\OLEGZ\.pyenv\pyenv-win\versions\3.11.9\Lib\site-packages\urllib3\util\util.py", line 39, in reraise
    raise value
  File "C:\Users\OLEGZ\.pyenv\pyenv-win\versions\3.11.9\Lib\site-packages\urllib3\connectionpool.py", line 787, in urlopen
    response = self._make_request(
               ^^^^^^^^^^^^^^^^^^^
  File "C:\Users\OLEGZ\.pyenv\pyenv-win\versions\3.11.9\Lib\site-packages\urllib3\connectionpool.py", line 488, in _make_request
    raise new_e
urllib3.exceptions.SSLError: [SSL: UNEXPECTED_EOF_WHILE_READING] EOF occurred in violation of protocol (_ssl.c:1006)
2025-12-04 18:15:13,315 - opensearch - WARNING - HEAD https://localhost:9200/corporate_data [status:N/A request:0.104s]
Traceback (most recent call last):
  File "C:\Users\OLEGZ\.pyenv\pyenv-win\versions\3.11.9\Lib\site-packages\urllib3\connectionpool.py", line 464, in _make_request
    self._validate_conn(conn)
  File "C:\Users\OLEGZ\.pyenv\pyenv-win\versions\3.11.9\Lib\site-packages\urllib3\connectionpool.py", line 1093, in _validate_conn
    conn.connect()
  File "C:\Users\OLEGZ\.pyenv\pyenv-win\versions\3.11.9\Lib\site-packages\urllib3\connection.py", line 790, in connect
    sock_and_verified = _ssl_wrap_socket_and_match_hostname(
                        ^^^^^^^^^^^^^^^^^^^^^^^^^^^^^^^^^^^^
  File "C:\Users\OLEGZ\.pyenv\pyenv-win\versions\3.11.9\Lib\site-packages\urllib3\connection.py", line 969, in _ssl_wrap_socket_and_match_hostname
    ssl_sock = ssl_wrap_socket(
               ^^^^^^^^^^^^^^^^
  File "C:\Users\OLEGZ\.pyenv\pyenv-win\versions\3.11.9\Lib\site-packages\urllib3\util\ssl_.py", line 480, in ssl_wrap_socket
    ssl_sock = _ssl_wrap_socket_impl(sock, context, tls_in_tls, server_hostname)
               ^^^^^^^^^^^^^^^^^^^^^^^^^^^^^^^^^^^^^^^^^^^^^^^^^^^^^^^^^^^^^^^^^
  File "C:\Users\OLEGZ\.pyenv\pyenv-win\versions\3.11.9\Lib\site-packages\urllib3\util\ssl_.py", line 524, in _ssl_wrap_socket_impl
    return ssl_context.wrap_socket(sock, server_hostname=server_hostname)
           ^^^^^^^^^^^^^^^^^^^^^^^^^^^^^^^^^^^^^^^^^^^^^^^^^^^^^^^^^^^^^^
  File "C:\Users\OLEGZ\.pyenv\pyenv-win\versions\3.11.9\Lib\ssl.py", line 517, in wrap_socket
    return self.sslsocket_class._create(
           ^^^^^^^^^^^^^^^^^^^^^^^^^^^^^
  File "C:\Users\OLEGZ\.pyenv\pyenv-win\versions\3.11.9\Lib\ssl.py", line 1104, in _create
    self.do_handshake()
  File "C:\Users\OLEGZ\.pyenv\pyenv-win\versions\3.11.9\Lib\ssl.py", line 1382, in do_handshake
    self._sslobj.do_handshake()
ssl.SSLEOFError: [SSL: UNEXPECTED_EOF_WHILE_READING] EOF occurred in violation of protocol (_ssl.c:1006)

During handling of the above exception, another exception occurred:

Traceback (most recent call last):
  File "C:\Users\OLEGZ\.pyenv\pyenv-win\versions\3.11.9\Lib\site-packages\opensearchpy\connection\http_urllib3.py", line 280, in perform_request
    response = self.pool.urlopen(
               ^^^^^^^^^^^^^^^^^^
  File "C:\Users\OLEGZ\.pyenv\pyenv-win\versions\3.11.9\Lib\site-packages\urllib3\connectionpool.py", line 841, in urlopen
    retries = retries.increment(
              ^^^^^^^^^^^^^^^^^^
  File "C:\Users\OLEGZ\.pyenv\pyenv-win\versions\3.11.9\Lib\site-packages\urllib3\util\retry.py", line 449, in increment
    raise reraise(type(error), error, _stacktrace)
          ^^^^^^^^^^^^^^^^^^^^^^^^^^^^^^^^^^^^^^^^
  File "C:\Users\OLEGZ\.pyenv\pyenv-win\versions\3.11.9\Lib\site-packages\urllib3\util\util.py", line 39, in reraise
    raise value
  File "C:\Users\OLEGZ\.pyenv\pyenv-win\versions\3.11.9\Lib\site-packages\urllib3\connectionpool.py", line 787, in urlopen
    response = self._make_request(
               ^^^^^^^^^^^^^^^^^^^
  File "C:\Users\OLEGZ\.pyenv\pyenv-win\versions\3.11.9\Lib\site-packages\urllib3\connectionpool.py", line 488, in _make_request
    raise new_e
urllib3.exceptions.SSLError: [SSL: UNEXPECTED_EOF_WHILE_READING] EOF occurred in violation of protocol (_ssl.c:1006)
2025-12-04 18:15:13,454 - opensearch - WARNING - HEAD https://localhost:9200/corporate_data [status:N/A request:0.134s]
Traceback (most recent call last):
  File "C:\Users\OLEGZ\.pyenv\pyenv-win\versions\3.11.9\Lib\site-packages\urllib3\connectionpool.py", line 464, in _make_request
    self._validate_conn(conn)
  File "C:\Users\OLEGZ\.pyenv\pyenv-win\versions\3.11.9\Lib\site-packages\urllib3\connectionpool.py", line 1093, in _validate_conn
    conn.connect()
  File "C:\Users\OLEGZ\.pyenv\pyenv-win\versions\3.11.9\Lib\site-packages\urllib3\connection.py", line 790, in connect
    sock_and_verified = _ssl_wrap_socket_and_match_hostname(
                        ^^^^^^^^^^^^^^^^^^^^^^^^^^^^^^^^^^^^
  File "C:\Users\OLEGZ\.pyenv\pyenv-win\versions\3.11.9\Lib\site-packages\urllib3\connection.py", line 969, in _ssl_wrap_socket_and_match_hostname
    ssl_sock = ssl_wrap_socket(
               ^^^^^^^^^^^^^^^^
  File "C:\Users\OLEGZ\.pyenv\pyenv-win\versions\3.11.9\Lib\site-packages\urllib3\util\ssl_.py", line 480, in ssl_wrap_socket
    ssl_sock = _ssl_wrap_socket_impl(sock, context, tls_in_tls, server_hostname)
               ^^^^^^^^^^^^^^^^^^^^^^^^^^^^^^^^^^^^^^^^^^^^^^^^^^^^^^^^^^^^^^^^^
  File "C:\Users\OLEGZ\.pyenv\pyenv-win\versions\3.11.9\Lib\site-packages\urllib3\util\ssl_.py", line 524, in _ssl_wrap_socket_impl
    return ssl_context.wrap_socket(sock, server_hostname=server_hostname)
           ^^^^^^^^^^^^^^^^^^^^^^^^^^^^^^^^^^^^^^^^^^^^^^^^^^^^^^^^^^^^^^
  File "C:\Users\OLEGZ\.pyenv\pyenv-win\versions\3.11.9\Lib\ssl.py", line 517, in wrap_socket
    return self.sslsocket_class._create(
           ^^^^^^^^^^^^^^^^^^^^^^^^^^^^^
  File "C:\Users\OLEGZ\.pyenv\pyenv-win\versions\3.11.9\Lib\ssl.py", line 1104, in _create
    self.do_handshake()
  File "C:\Users\OLEGZ\.pyenv\pyenv-win\versions\3.11.9\Lib\ssl.py", line 1382, in do_handshake
    self._sslobj.do_handshake()
ssl.SSLEOFError: [SSL: UNEXPECTED_EOF_WHILE_READING] EOF occurred in violation of protocol (_ssl.c:1006)

During handling of the above exception, another exception occurred:

Traceback (most recent call last):
  File "C:\Users\OLEGZ\.pyenv\pyenv-win\versions\3.11.9\Lib\site-packages\opensearchpy\connection\http_urllib3.py", line 280, in perform_request
    response = self.pool.urlopen(
               ^^^^^^^^^^^^^^^^^^
  File "C:\Users\OLEGZ\.pyenv\pyenv-win\versions\3.11.9\Lib\site-packages\urllib3\connectionpool.py", line 841, in urlopen
    retries = retries.increment(
              ^^^^^^^^^^^^^^^^^^
  File "C:\Users\OLEGZ\.pyenv\pyenv-win\versions\3.11.9\Lib\site-packages\urllib3\util\retry.py", line 449, in increment
    raise reraise(type(error), error, _stacktrace)
          ^^^^^^^^^^^^^^^^^^^^^^^^^^^^^^^^^^^^^^^^
  File "C:\Users\OLEGZ\.pyenv\pyenv-win\versions\3.11.9\Lib\site-packages\urllib3\util\util.py", line 39, in reraise
    raise value
  File "C:\Users\OLEGZ\.pyenv\pyenv-win\versions\3.11.9\Lib\site-packages\urllib3\connectionpool.py", line 787, in urlopen
    response = self._make_request(
               ^^^^^^^^^^^^^^^^^^^
  File "C:\Users\OLEGZ\.pyenv\pyenv-win\versions\3.11.9\Lib\site-packages\urllib3\connectionpool.py", line 488, in _make_request
    raise new_e
urllib3.exceptions.SSLError: [SSL: UNEXPECTED_EOF_WHILE_READING] EOF occurred in violation of protocol (_ssl.c:1006)
2025-12-04 18:15:56,378 - opensearch - INFO - GET https://localhost:9200/_cat/count/corporate_data?format=json [status:200 request:1.414s]
2025-12-04 18:17:31,264 - opensearch - INFO - GET https://localhost:9200/_cat/count/corporate_data?format=json [status:200 request:0.296s]
2025-12-04 18:17:41,621 - opensearch - INFO - POST https://localhost:9200/corporate_data/_search [status:200 request:0.541s]
2025-12-04 18:17:50,707 - httpx - INFO - HTTP Request: POST https://ngw.devices.sberbank.ru:9443/api/v2/oauth "HTTP/1.1 200 OK"
2025-12-04 18:18:10,624 - httpx - INFO - HTTP Request: POST https://gigachat.devices.sberbank.ru/api/v1/chat/completions "HTTP/1.1 200 OK"
2025-12-04 18:18:11,018 - opensearch - INFO - POST https://localhost:9200/corporate_data/_search [status:200 request:0.368s]
2025-12-04 18:18:11,456 - httpx - INFO - HTTP Request: POST https://gigachat.devices.sberbank.ru/api/v1/chat/completions "HTTP/1.1 200 OK"
2025-12-04 18:19:00,411 - opensearch - INFO - GET https://localhost:9200/_cat/count/corporate_data?format=json [status:200 request:0.056s]
2025-12-04 18:19:15,626 - opensearch - INFO - POST https://localhost:9200/corporate_data/_search [status:200 request:0.235s]
2025-12-04 18:19:19,774 - httpx - INFO - HTTP Request: POST https://gigachat.devices.sberbank.ru/api/v1/chat/completions "HTTP/1.1 200 OK"
2025-12-04 18:19:19,939 - opensearch - INFO - POST https://localhost:9200/corporate_data/_search [status:200 request:0.157s]
2025-12-04 18:19:20,750 - httpx - INFO - HTTP Request: POST https://gigachat.devices.sberbank.ru/api/v1/chat/completions "HTTP/1.1 200 OK"
2025-12-04 18:20:34,996 - opensearch - INFO - GET https://localhost:9200/_cat/count/corporate_data?format=json [status:200 request:0.152s]
2025-12-04 18:35:25,656 - opensearch - INFO - GET https://localhost:9200/_cat/count/corporate_data?format=json [status:200 request:0.161s]
2025-12-04 18:46:34,794 - opensearch - INFO - GET https://localhost:9200/_cat/count/corporate_data?format=json [status:200 request:0.174s]
2025-12-04 18:46:39,245 - opensearch - INFO - GET https://localhost:9200/_cat/count/corporate_data?format=json [status:200 request:0.134s]
2025-12-04 18:46:39,558 - opensearch - INFO - POST https://localhost:9200/corporate_data/_search [status:200 request:0.123s]
2025-12-04 18:46:58,771 - opensearch - INFO - GET https://localhost:9200/_cat/count/corporate_data?format=json [status:200 request:0.145s]
2025-12-04 19:27:59,669 - opensearch - INFO - GET https://localhost:9200/_cat/count/corporate_data?format=json [status:200 request:1.077s]
2025-12-04 19:28:55,071 - opensearch - INFO - GET https://localhost:9200/_cat/count/corporate_data?format=json [status:200 request:0.218s]
2025-12-04 19:29:03,420 - opensearch - INFO - GET https://localhost:9200/_cat/count/corporate_data?format=json [status:200 request:0.029s]
2025-12-04 19:29:04,528 - opensearch - INFO - POST https://localhost:9200/corporate_data/_search [status:200 request:0.297s]
2025-12-04 19:29:07,168 - httpx - INFO - HTTP Request: POST https://ngw.devices.sberbank.ru:9443/api/v2/oauth "HTTP/1.1 200 OK"
2025-12-04 19:29:10,389 - httpx - INFO - HTTP Request: POST https://gigachat.devices.sberbank.ru/api/v1/chat/completions "HTTP/1.1 200 OK"
2025-12-04 19:29:10,719 - opensearch - INFO - POST https://localhost:9200/corporate_data/_search [status:200 request:0.318s]
2025-12-04 19:29:11,651 - httpx - INFO - HTTP Request: POST https://gigachat.devices.sberbank.ru/api/v1/chat/completions "HTTP/1.1 200 OK"
2025-12-04 19:29:43,409 - opensearch - INFO - GET https://localhost:9200/_cat/count/corporate_data?format=json [status:200 request:0.028s]
2025-12-04 19:29:44,572 - opensearch - INFO - POST https://localhost:9200/corporate_data/_search [status:200 request:0.090s]
2025-12-04 19:29:47,854 - httpx - INFO - HTTP Request: POST https://gigachat.devices.sberbank.ru/api/v1/chat/completions "HTTP/1.1 200 OK"
2025-12-04 19:29:48,237 - opensearch - INFO - POST https://localhost:9200/corporate_data/_search [status:200 request:0.376s]
2025-12-04 19:29:49,384 - httpx - INFO - HTTP Request: POST https://gigachat.devices.sberbank.ru/api/v1/chat/completions "HTTP/1.1 200 OK"
2025-12-04 19:29:57,782 - opensearch - INFO - GET https://localhost:9200/_cat/count/corporate_data?format=json [status:200 request:0.029s]
2025-12-04 19:29:58,178 - opensearch - INFO - POST https://localhost:9200/corporate_data/_search [status:200 request:0.095s]
2025-12-04 19:29:59,134 - httpx - INFO - HTTP Request: POST https://gigachat.devices.sberbank.ru/api/v1/chat/completions "HTTP/1.1 200 OK"
2025-12-04 19:29:59,464 - opensearch - INFO - POST https://localhost:9200/corporate_data/_search [status:200 request:0.145s]
2025-12-04 19:30:00,647 - httpx - INFO - HTTP Request: POST https://gigachat.devices.sberbank.ru/api/v1/chat/completions "HTTP/1.1 200 OK"
2025-12-04 19:30:09,285 - opensearch - INFO - GET https://localhost:9200/_cat/count/corporate_data?format=json [status:200 request:0.027s]
2025-12-04 19:30:10,676 - opensearch - INFO - POST https://localhost:9200/corporate_data/_search [status:200 request:0.115s]
2025-12-04 19:30:12,953 - httpx - INFO - HTTP Request: POST https://gigachat.devices.sberbank.ru/api/v1/chat/completions "HTTP/1.1 200 OK"
2025-12-04 19:30:13,196 - opensearch - INFO - POST https://localhost:9200/corporate_data/_search [status:200 request:0.233s]
2025-12-04 19:30:13,558 - httpx - INFO - HTTP Request: POST https://gigachat.devices.sberbank.ru/api/v1/chat/completions "HTTP/1.1 200 OK"
2025-12-04 19:30:33,492 - opensearch - INFO - GET https://localhost:9200/_cat/count/corporate_data?format=json [status:200 request:0.019s]
2025-12-04 19:30:34,231 - opensearch - INFO - POST https://localhost:9200/corporate_data/_search [status:200 request:0.215s]
2025-12-04 19:30:36,449 - httpx - INFO - HTTP Request: POST https://gigachat.devices.sberbank.ru/api/v1/chat/completions "HTTP/1.1 200 OK"
2025-12-04 19:30:36,852 - opensearch - INFO - POST https://localhost:9200/corporate_data/_search [status:200 request:0.251s]
2025-12-04 19:30:37,629 - httpx - INFO - HTTP Request: POST https://gigachat.devices.sberbank.ru/api/v1/chat/completions "HTTP/1.1 200 OK"
2025-12-04 19:31:13,230 - opensearch - INFO - GET https://localhost:9200/_cat/count/corporate_data?format=json [status:200 request:0.039s]
2025-12-04 19:31:13,682 - opensearch - INFO - POST https://localhost:9200/corporate_data/_search [status:200 request:0.142s]
2025-12-04 19:31:18,769 - httpx - INFO - HTTP Request: POST https://gigachat.devices.sberbank.ru/api/v1/chat/completions "HTTP/1.1 200 OK"
2025-12-04 19:31:18,976 - opensearch - INFO - POST https://localhost:9200/corporate_data/_search [status:200 request:0.198s]
2025-12-04 19:31:19,613 - httpx - INFO - HTTP Request: POST https://gigachat.devices.sberbank.ru/api/v1/chat/completions "HTTP/1.1 200 OK"
2025-12-04 19:32:13,970 - opensearch - INFO - GET https://localhost:9200/_cat/count/corporate_data?format=json [status:200 request:0.032s]
2025-12-04 19:32:14,841 - opensearch - INFO - POST https://localhost:9200/corporate_data/_search [status:200 request:0.029s]
2025-12-04 19:32:15,579 - opensearch - INFO - HEAD https://localhost:9200/corporate_data [status:200 request:0.125s]
2025-12-04 19:32:16,327 - opensearch - INFO - DELETE https://localhost:9200/corporate_data [status:200 request:0.746s]
2025-12-04 19:32:16,948 - opensearch - INFO - PUT https://localhost:9200/corporate_data [status:200 request:0.597s]
2025-12-04 19:32:18,068 - opensearch - INFO - POST https://localhost:9200/_bulk [status:200 request:1.100s]
2025-12-04 19:32:19,210 - opensearch - INFO - POST https://localhost:9200/_bulk [status:200 request:1.073s]
2025-12-04 19:32:19,423 - opensearch - INFO - POST https://localhost:9200/_bulk [status:200 request:0.191s]
2025-12-04 19:32:20,017 - opensearch - INFO - POST https://localhost:9200/corporate_data/_refresh [status:200 request:0.592s]
2025-12-04 19:38:57,726 - opensearch - INFO - GET https://localhost:9200/_cat/count/corporate_data?format=json [status:200 request:0.037s]
2025-12-04 19:38:59,450 - opensearch - INFO - POST https://localhost:9200/corporate_data/_search [status:200 request:0.138s]
2025-12-04 19:39:00,534 - httpx - INFO - HTTP Request: POST https://gigachat.devices.sberbank.ru/api/v1/chat/completions "HTTP/1.1 200 OK"
2025-12-04 19:39:00,750 - opensearch - INFO - POST https://localhost:9200/corporate_data/_search [status:200 request:0.211s]
2025-12-04 19:39:01,015 - httpx - INFO - HTTP Request: POST https://gigachat.devices.sberbank.ru/api/v1/chat/completions "HTTP/1.1 200 OK"
2025-12-04 19:39:36,238 - opensearch - INFO - GET https://localhost:9200/_cat/count/corporate_data?format=json [status:200 request:0.024s]
2025-12-04 19:39:36,437 - opensearch - INFO - POST https://localhost:9200/corporate_data/_search [status:200 request:0.078s]
2025-12-04 19:39:38,012 - httpx - INFO - HTTP Request: POST https://gigachat.devices.sberbank.ru/api/v1/chat/completions "HTTP/1.1 200 OK"
2025-12-04 19:39:38,191 - opensearch - INFO - POST https://localhost:9200/corporate_data/_search [status:200 request:0.173s]
2025-12-04 19:39:38,483 - httpx - INFO - HTTP Request: POST https://gigachat.devices.sberbank.ru/api/v1/chat/completions "HTTP/1.1 200 OK"
2025-12-04 19:40:19,733 - opensearch - INFO - GET https://localhost:9200/_cat/count/corporate_data?format=json [status:200 request:0.164s]
